{"numFailedTestSuites":0,"numFailedTests":0,"numPassedTestSuites":82,"numPassedTests":1347,"numPendingTestSuites":6,"numPendingTests":83,"numRuntimeErrorTestSuites":0,"numTodoTests":0,"numTotalTestSuites":88,"numTotalTests":1430,"openHandles":[],"snapshot":{"added":0,"didUpdate":false,"failure":false,"filesAdded":0,"filesRemoved":0,"filesRemovedList":[],"filesUnmatched":0,"filesUpdated":0,"matched":0,"total":0,"unchecked":0,"uncheckedKeysByFile":[],"unmatched":0,"updated":0},"startTime":1756324163274,"success":true,"testResults":[{"assertionResults":[{"ancestorTitles":["/api/campaigns - requires Jest ES module config for jose/next-auth"],"duration":null,"failing":false,"failureDetails":[],"failureMessages":[],"fullName":"/api/campaigns - requires Jest ES module config for jose/next-auth placeholder test","invocations":1,"location":null,"numPassingAsserts":0,"retryReasons":[],"startAt":1756324164460,"status":"pending","title":"placeholder test"}],"coverage":{},"endTime":1756324194963,"message":"","name":"/Users/jeremywatt/Desktop/marketer-gen-nextjs/__tests__/api/campaigns/campaigns.test.ts","startTime":1756324194963,"status":"skipped","summary":""},{"assertionResults":[{"ancestorTitles":["UserService","getCurrentUser"],"duration":null,"failing":false,"failureDetails":[],"failureMessages":[],"fullName":"UserService getCurrentUser should fetch current user data","invocations":1,"location":null,"numPassingAsserts":0,"retryReasons":[],"startAt":1756324164466,"status":"pending","title":"should fetch current user data"},{"ancestorTitles":["UserService","getCurrentUser"],"duration":null,"failing":false,"failureDetails":[],"failureMessages":[],"fullName":"UserService getCurrentUser should handle API errors","invocations":1,"location":null,"numPassingAsserts":0,"retryReasons":[],"startAt":1756324164466,"status":"pending","title":"should handle API errors"},{"ancestorTitles":["UserService","getCurrentUser"],"duration":null,"failing":false,"failureDetails":[],"failureMessages":[],"fullName":"UserService getCurrentUser should handle network errors","invocations":1,"location":null,"numPassingAsserts":0,"retryReasons":[],"startAt":1756324164466,"status":"pending","title":"should handle network errors"},{"ancestorTitles":["UserService","updateProfile"],"duration":null,"failing":false,"failureDetails":[],"failureMessages":[],"fullName":"UserService updateProfile should update user profile successfully","invocations":1,"location":null,"numPassingAsserts":0,"retryReasons":[],"startAt":1756324164466,"status":"pending","title":"should update user profile successfully"},{"ancestorTitles":["UserService","updateProfile"],"duration":null,"failing":false,"failureDetails":[],"failureMessages":[],"fullName":"UserService updateProfile should handle validation errors","invocations":1,"location":null,"numPassingAsserts":0,"retryReasons":[],"startAt":1756324164466,"status":"pending","title":"should handle validation errors"},{"ancestorTitles":["UserService","uploadAvatar"],"duration":null,"failing":false,"failureDetails":[],"failureMessages":[],"fullName":"UserService uploadAvatar should upload avatar successfully","invocations":1,"location":null,"numPassingAsserts":0,"retryReasons":[],"startAt":1756324164466,"status":"pending","title":"should upload avatar successfully"},{"ancestorTitles":["UserService","uploadAvatar"],"duration":null,"failing":false,"failureDetails":[],"failureMessages":[],"fullName":"UserService uploadAvatar should handle file upload errors","invocations":1,"location":null,"numPassingAsserts":0,"retryReasons":[],"startAt":1756324164466,"status":"pending","title":"should handle file upload errors"},{"ancestorTitles":["UserService","uploadAvatar"],"duration":null,"failing":false,"failureDetails":[],"failureMessages":[],"fullName":"UserService uploadAvatar should validate file type","invocations":1,"location":null,"numPassingAsserts":0,"retryReasons":[],"startAt":1756324164466,"status":"pending","title":"should validate file type"},{"ancestorTitles":["UserService","uploadAvatar"],"duration":null,"failing":false,"failureDetails":[],"failureMessages":[],"fullName":"UserService uploadAvatar should validate file size","invocations":1,"location":null,"numPassingAsserts":0,"retryReasons":[],"startAt":1756324164466,"status":"pending","title":"should validate file size"},{"ancestorTitles":["UserService","getPreferences"],"duration":null,"failing":false,"failureDetails":[],"failureMessages":[],"fullName":"UserService getPreferences should get user preferences from storage","invocations":1,"location":null,"numPassingAsserts":0,"retryReasons":[],"startAt":1756324164466,"status":"pending","title":"should get user preferences from storage"},{"ancestorTitles":["UserService","getPreferences"],"duration":null,"failing":false,"failureDetails":[],"failureMessages":[],"fullName":"UserService getPreferences should return default preferences if none stored","invocations":1,"location":null,"numPassingAsserts":0,"retryReasons":[],"startAt":1756324164466,"status":"pending","title":"should return default preferences if none stored"},{"ancestorTitles":["UserService","updatePreferences"],"duration":null,"failing":false,"failureDetails":[],"failureMessages":[],"fullName":"UserService updatePreferences should update user preferences","invocations":1,"location":null,"numPassingAsserts":0,"retryReasons":[],"startAt":1756324164466,"status":"pending","title":"should update user preferences"},{"ancestorTitles":["UserService","clearPreferences"],"duration":null,"failing":false,"failureDetails":[],"failureMessages":[],"fullName":"UserService clearPreferences should clear user preferences from storage","invocations":1,"location":null,"numPassingAsserts":0,"retryReasons":[],"startAt":1756324164466,"status":"pending","title":"should clear user preferences from storage"},{"ancestorTitles":["UserService","caching"],"duration":null,"failing":false,"failureDetails":[],"failureMessages":[],"fullName":"UserService caching should cache user data after successful fetch","invocations":1,"location":null,"numPassingAsserts":0,"retryReasons":[],"startAt":1756324164466,"status":"pending","title":"should cache user data after successful fetch"},{"ancestorTitles":["UserService","caching"],"duration":null,"failing":false,"failureDetails":[],"failureMessages":[],"fullName":"UserService caching should return cached user data when available","invocations":1,"location":null,"numPassingAsserts":0,"retryReasons":[],"startAt":1756324164466,"status":"pending","title":"should return cached user data when available"},{"ancestorTitles":["UserService","caching"],"duration":null,"failing":false,"failureDetails":[],"failureMessages":[],"fullName":"UserService caching should clear cached user data on logout","invocations":1,"location":null,"numPassingAsserts":0,"retryReasons":[],"startAt":1756324164466,"status":"pending","title":"should clear cached user data on logout"},{"ancestorTitles":["UserService","session management"],"duration":null,"failing":false,"failureDetails":[],"failureMessages":[],"fullName":"UserService session management should check if user is logged in based on cached data","invocations":1,"location":null,"numPassingAsserts":0,"retryReasons":[],"startAt":1756324164466,"status":"pending","title":"should check if user is logged in based on cached data"},{"ancestorTitles":["UserService","session management"],"duration":null,"failing":false,"failureDetails":[],"failureMessages":[],"fullName":"UserService session management should return false when no user data is cached","invocations":1,"location":null,"numPassingAsserts":0,"retryReasons":[],"startAt":1756324164466,"status":"pending","title":"should return false when no user data is cached"},{"ancestorTitles":["UserService","error handling"],"duration":null,"failing":false,"failureDetails":[],"failureMessages":[],"fullName":"UserService error handling should handle storage errors gracefully","invocations":1,"location":null,"numPassingAsserts":0,"retryReasons":[],"startAt":1756324164466,"status":"pending","title":"should handle storage errors gracefully"},{"ancestorTitles":["UserService","error handling"],"duration":null,"failing":false,"failureDetails":[],"failureMessages":[],"fullName":"UserService error handling should handle API timeout errors","invocations":1,"location":null,"numPassingAsserts":0,"retryReasons":[],"startAt":1756324164466,"status":"pending","title":"should handle API timeout errors"}],"coverage":{},"endTime":1756324194963,"message":"","name":"/Users/jeremywatt/Desktop/marketer-gen-nextjs/__tests__/services/user.test.ts","startTime":1756324194963,"status":"skipped","summary":""},{"assertionResults":[{"ancestorTitles":["Campaign Templates API - requires Jest ES module config for jose/next-auth"],"duration":null,"failing":false,"failureDetails":[],"failureMessages":[],"fullName":"Campaign Templates API - requires Jest ES module config for jose/next-auth placeholder test","invocations":1,"location":null,"numPassingAsserts":0,"retryReasons":[],"startAt":1756324164495,"status":"pending","title":"placeholder test"}],"coverage":{},"endTime":1756324194963,"message":"","name":"/Users/jeremywatt/Desktop/marketer-gen-nextjs/__tests__/api/campaigns/templates.test.ts","startTime":1756324194963,"status":"skipped","summary":""},{"assertionResults":[{"ancestorTitles":["Campaign API Routes - requires Jest ES module config for jose/next-auth"],"duration":null,"failing":false,"failureDetails":[],"failureMessages":[],"fullName":"Campaign API Routes - requires Jest ES module config for jose/next-auth placeholder test","invocations":1,"location":null,"numPassingAsserts":0,"retryReasons":[],"startAt":1756324164577,"status":"pending","title":"placeholder test"}],"coverage":{},"endTime":1756324194963,"message":"","name":"/Users/jeremywatt/Desktop/marketer-gen-nextjs/__tests__/api/campaigns/campaigns-crud.test.ts","startTime":1756324194963,"status":"skipped","summary":""},{"assertionResults":[{"ancestorTitles":["ToastProvider"],"duration":null,"failing":false,"failureDetails":[],"failureMessages":[],"fullName":"ToastProvider should render without crashing","invocations":1,"location":null,"numPassingAsserts":0,"retryReasons":[],"startAt":1756324164691,"status":"pending","title":"should render without crashing"},{"ancestorTitles":["ToastProvider"],"duration":null,"failing":false,"failureDetails":[],"failureMessages":[],"fullName":"ToastProvider should display success toast","invocations":1,"location":null,"numPassingAsserts":0,"retryReasons":[],"startAt":1756324164691,"status":"pending","title":"should display success toast"},{"ancestorTitles":["ToastProvider"],"duration":null,"failing":false,"failureDetails":[],"failureMessages":[],"fullName":"ToastProvider should display error toast","invocations":1,"location":null,"numPassingAsserts":0,"retryReasons":[],"startAt":1756324164691,"status":"pending","title":"should display error toast"},{"ancestorTitles":["ToastProvider"],"duration":null,"failing":false,"failureDetails":[],"failureMessages":[],"fullName":"ToastProvider should display info toast","invocations":1,"location":null,"numPassingAsserts":0,"retryReasons":[],"startAt":1756324164691,"status":"pending","title":"should display info toast"},{"ancestorTitles":["ToastProvider"],"duration":null,"failing":false,"failureDetails":[],"failureMessages":[],"fullName":"ToastProvider should display warning toast","invocations":1,"location":null,"numPassingAsserts":0,"retryReasons":[],"startAt":1756324164691,"status":"pending","title":"should display warning toast"},{"ancestorTitles":["ToastProvider"],"duration":null,"failing":false,"failureDetails":[],"failureMessages":[],"fullName":"ToastProvider should display default toast","invocations":1,"location":null,"numPassingAsserts":0,"retryReasons":[],"startAt":1756324164691,"status":"pending","title":"should display default toast"},{"ancestorTitles":["ToastProvider"],"duration":null,"failing":false,"failureDetails":[],"failureMessages":[],"fullName":"ToastProvider should display rich toast with description and action","invocations":1,"location":null,"numPassingAsserts":0,"retryReasons":[],"startAt":1756324164691,"status":"pending","title":"should display rich toast with description and action"},{"ancestorTitles":["ToastProvider"],"duration":null,"failing":false,"failureDetails":[],"failureMessages":[],"fullName":"ToastProvider should handle toast action clicks","invocations":1,"location":null,"numPassingAsserts":0,"retryReasons":[],"startAt":1756324164691,"status":"pending","title":"should handle toast action clicks"},{"ancestorTitles":["ToastProvider"],"duration":null,"failing":false,"failureDetails":[],"failureMessages":[],"fullName":"ToastProvider should dismiss all toasts","invocations":1,"location":null,"numPassingAsserts":0,"retryReasons":[],"startAt":1756324164691,"status":"pending","title":"should dismiss all toasts"},{"ancestorTitles":["ToastProvider"],"duration":null,"failing":false,"failureDetails":[],"failureMessages":[],"fullName":"ToastProvider should position toasts in top-right","invocations":1,"location":null,"numPassingAsserts":0,"retryReasons":[],"startAt":1756324164691,"status":"pending","title":"should position toasts in top-right"},{"ancestorTitles":["ToastProvider"],"duration":null,"failing":false,"failureDetails":[],"failureMessages":[],"fullName":"ToastProvider should apply custom styling options","invocations":1,"location":null,"numPassingAsserts":0,"retryReasons":[],"startAt":1756324164691,"status":"pending","title":"should apply custom styling options"},{"ancestorTitles":["ToastProvider"],"duration":null,"failing":false,"failureDetails":[],"failureMessages":[],"fullName":"ToastProvider should support rich colors","invocations":1,"location":null,"numPassingAsserts":0,"retryReasons":[],"startAt":1756324164691,"status":"pending","title":"should support rich colors"},{"ancestorTitles":["ToastProvider"],"duration":null,"failing":false,"failureDetails":[],"failureMessages":[],"fullName":"ToastProvider should auto-dismiss toasts after timeout","invocations":1,"location":null,"numPassingAsserts":0,"retryReasons":[],"startAt":1756324164691,"status":"pending","title":"should auto-dismiss toasts after timeout"},{"ancestorTitles":["ToastProvider"],"duration":null,"failing":false,"failureDetails":[],"failureMessages":[],"fullName":"ToastProvider should handle multiple toast providers gracefully","invocations":1,"location":null,"numPassingAsserts":0,"retryReasons":[],"startAt":1756324164691,"status":"pending","title":"should handle multiple toast providers gracefully"},{"ancestorTitles":["ToastProvider"],"duration":null,"failing":false,"failureDetails":[],"failureMessages":[],"fullName":"ToastProvider should work without any toasts triggered","invocations":1,"location":null,"numPassingAsserts":0,"retryReasons":[],"startAt":1756324164691,"status":"pending","title":"should work without any toasts triggered"}],"coverage":{},"endTime":1756324194963,"message":"","name":"/Users/jeremywatt/Desktop/marketer-gen-nextjs/__tests__/lib/providers/toast-provider.test.tsx","startTime":1756324194963,"status":"skipped","summary":""},{"assertionResults":[{"ancestorTitles":["Campaign Hooks","useCampaigns"],"duration":null,"failing":false,"failureDetails":[],"failureMessages":[],"fullName":"Campaign Hooks useCampaigns should fetch campaigns successfully","invocations":1,"location":null,"numPassingAsserts":0,"retryReasons":[],"startAt":1756324164697,"status":"pending","title":"should fetch campaigns successfully"},{"ancestorTitles":["Campaign Hooks","useCampaigns"],"duration":null,"failing":false,"failureDetails":[],"failureMessages":[],"fullName":"Campaign Hooks useCampaigns should pass query parameters correctly","invocations":1,"location":null,"numPassingAsserts":0,"retryReasons":[],"startAt":1756324164697,"status":"pending","title":"should pass query parameters correctly"},{"ancestorTitles":["Campaign Hooks","useCampaigns"],"duration":null,"failing":false,"failureDetails":[],"failureMessages":[],"fullName":"Campaign Hooks useCampaigns should handle errors gracefully","invocations":1,"location":null,"numPassingAsserts":0,"retryReasons":[],"startAt":1756324164697,"status":"pending","title":"should handle errors gracefully"},{"ancestorTitles":["Campaign Hooks","useCampaign"],"duration":null,"failing":false,"failureDetails":[],"failureMessages":[],"fullName":"Campaign Hooks useCampaign should fetch single campaign successfully","invocations":1,"location":null,"numPassingAsserts":0,"retryReasons":[],"startAt":1756324164697,"status":"pending","title":"should fetch single campaign successfully"},{"ancestorTitles":["Campaign Hooks","useCampaign"],"duration":null,"failing":false,"failureDetails":[],"failureMessages":[],"fullName":"Campaign Hooks useCampaign should not fetch when id is empty","invocations":1,"location":null,"numPassingAsserts":0,"retryReasons":[],"startAt":1756324164697,"status":"pending","title":"should not fetch when id is empty"},{"ancestorTitles":["Campaign Hooks","useCreateCampaign"],"duration":null,"failing":false,"failureDetails":[],"failureMessages":[],"fullName":"Campaign Hooks useCreateCampaign should create campaign and show success toast","invocations":1,"location":null,"numPassingAsserts":0,"retryReasons":[],"startAt":1756324164697,"status":"pending","title":"should create campaign and show success toast"},{"ancestorTitles":["Campaign Hooks","useCreateCampaign"],"duration":null,"failing":false,"failureDetails":[],"failureMessages":[],"fullName":"Campaign Hooks useCreateCampaign should show error toast on failure","invocations":1,"location":null,"numPassingAsserts":0,"retryReasons":[],"startAt":1756324164697,"status":"pending","title":"should show error toast on failure"},{"ancestorTitles":["Campaign Hooks","useUpdateCampaign"],"duration":null,"failing":false,"failureDetails":[],"failureMessages":[],"fullName":"Campaign Hooks useUpdateCampaign should update campaign with optimistic updates","invocations":1,"location":null,"numPassingAsserts":0,"retryReasons":[],"startAt":1756324164697,"status":"pending","title":"should update campaign with optimistic updates"},{"ancestorTitles":["Campaign Hooks","useUpdateCampaign"],"duration":null,"failing":false,"failureDetails":[],"failureMessages":[],"fullName":"Campaign Hooks useUpdateCampaign should show error toast and revert optimistic updates on failure","invocations":1,"location":null,"numPassingAsserts":0,"retryReasons":[],"startAt":1756324164697,"status":"pending","title":"should show error toast and revert optimistic updates on failure"},{"ancestorTitles":["Campaign Hooks","useDeleteCampaign"],"duration":null,"failing":false,"failureDetails":[],"failureMessages":[],"fullName":"Campaign Hooks useDeleteCampaign should delete campaign with optimistic updates","invocations":1,"location":null,"numPassingAsserts":0,"retryReasons":[],"startAt":1756324164697,"status":"pending","title":"should delete campaign with optimistic updates"},{"ancestorTitles":["Campaign Hooks","useDeleteCampaign"],"duration":null,"failing":false,"failureDetails":[],"failureMessages":[],"fullName":"Campaign Hooks useDeleteCampaign should show error toast and revert optimistic updates on failure","invocations":1,"location":null,"numPassingAsserts":0,"retryReasons":[],"startAt":1756324164697,"status":"pending","title":"should show error toast and revert optimistic updates on failure"},{"ancestorTitles":["Campaign Hooks","useDuplicateCampaign"],"duration":null,"failing":false,"failureDetails":[],"failureMessages":[],"fullName":"Campaign Hooks useDuplicateCampaign should duplicate campaign successfully","invocations":1,"location":null,"numPassingAsserts":0,"retryReasons":[],"startAt":1756324164697,"status":"pending","title":"should duplicate campaign successfully"},{"ancestorTitles":["Campaign Hooks","useDuplicateCampaign"],"duration":null,"failing":false,"failureDetails":[],"failureMessages":[],"fullName":"Campaign Hooks useDuplicateCampaign should show error toast on failure","invocations":1,"location":null,"numPassingAsserts":0,"retryReasons":[],"startAt":1756324164697,"status":"pending","title":"should show error toast on failure"},{"ancestorTitles":["Campaign Hooks","useJourneyTemplates"],"duration":null,"failing":false,"failureDetails":[],"failureMessages":[],"fullName":"Campaign Hooks useJourneyTemplates should fetch journey templates successfully","invocations":1,"location":null,"numPassingAsserts":0,"retryReasons":[],"startAt":1756324164697,"status":"pending","title":"should fetch journey templates successfully"},{"ancestorTitles":["Campaign Hooks","useCreateJourneyFromTemplate"],"duration":null,"failing":false,"failureDetails":[],"failureMessages":[],"fullName":"Campaign Hooks useCreateJourneyFromTemplate should create journey from template successfully","invocations":1,"location":null,"numPassingAsserts":0,"retryReasons":[],"startAt":1756324164697,"status":"pending","title":"should create journey from template successfully"},{"ancestorTitles":["Campaign Hooks","useCreateJourneyFromTemplate"],"duration":null,"failing":false,"failureDetails":[],"failureMessages":[],"fullName":"Campaign Hooks useCreateJourneyFromTemplate should show error toast on failure","invocations":1,"location":null,"numPassingAsserts":0,"retryReasons":[],"startAt":1756324164697,"status":"pending","title":"should show error toast on failure"}],"coverage":{},"endTime":1756324194963,"message":"","name":"/Users/jeremywatt/Desktop/marketer-gen-nextjs/__tests__/lib/hooks/use-campaigns.test.tsx","startTime":1756324194963,"status":"skipped","summary":""},{"assertionResults":[{"ancestorTitles":["Prisma Schema Validation"],"duration":6,"failing":false,"failureDetails":[],"failureMessages":[],"fullName":"Prisma Schema Validation should have valid schema file","invocations":1,"location":null,"numPassingAsserts":1,"retryReasons":[],"startAt":1756324164642,"status":"passed","title":"should have valid schema file"},{"ancestorTitles":["Prisma Schema Validation"],"duration":1,"failing":false,"failureDetails":[],"failureMessages":[],"fullName":"Prisma Schema Validation should contain required schema elements","invocations":1,"location":null,"numPassingAsserts":4,"retryReasons":[],"startAt":1756324164648,"status":"passed","title":"should contain required schema elements"},{"ancestorTitles":["Prisma Schema Validation"],"duration":0,"failing":false,"failureDetails":[],"failureMessages":[],"fullName":"Prisma Schema Validation should have correct output path for generated client","invocations":1,"location":null,"numPassingAsserts":1,"retryReasons":[],"startAt":1756324164650,"status":"passed","title":"should have correct output path for generated client"},{"ancestorTitles":["Prisma Schema Validation"],"duration":0,"failing":false,"failureDetails":[],"failureMessages":[],"fullName":"Prisma Schema Validation should have DATABASE_URL environment variable configured","invocations":1,"location":null,"numPassingAsserts":1,"retryReasons":[],"startAt":1756324164650,"status":"passed","title":"should have DATABASE_URL environment variable configured"},{"ancestorTitles":["Prisma Schema Validation"],"duration":1842,"failing":false,"failureDetails":[],"failureMessages":[],"fullName":"Prisma Schema Validation should validate schema syntax","invocations":1,"location":null,"numPassingAsserts":0,"retryReasons":[],"startAt":1756324164650,"status":"passed","title":"should validate schema syntax"}],"endTime":1756324166493,"message":"","name":"/Users/jeremywatt/Desktop/marketer-gen-nextjs/src/lib/__tests__/schema-validation.test.ts","startTime":1756324164510,"status":"passed","summary":""},{"assertionResults":[{"ancestorTitles":["BrandGuidelinesProcessor Integration Tests","Document Content Parsing"],"duration":10,"failing":false,"failureDetails":[],"failureMessages":[],"fullName":"BrandGuidelinesProcessor Integration Tests Document Content Parsing should parse PDF documents successfully","invocations":1,"location":null,"numPassingAsserts":2,"retryReasons":[],"startAt":1756324164771,"status":"passed","title":"should parse PDF documents successfully"},{"ancestorTitles":["BrandGuidelinesProcessor Integration Tests","Document Content Parsing"],"duration":1,"failing":false,"failureDetails":[],"failureMessages":[],"fullName":"BrandGuidelinesProcessor Integration Tests Document Content Parsing should parse DOCX documents successfully","invocations":1,"location":null,"numPassingAsserts":2,"retryReasons":[],"startAt":1756324164781,"status":"passed","title":"should parse DOCX documents successfully"},{"ancestorTitles":["BrandGuidelinesProcessor Integration Tests","Document Content Parsing"],"duration":0,"failing":false,"failureDetails":[],"failureMessages":[],"fullName":"BrandGuidelinesProcessor Integration Tests Document Content Parsing should parse DOC documents successfully","invocations":1,"location":null,"numPassingAsserts":2,"retryReasons":[],"startAt":1756324164782,"status":"passed","title":"should parse DOC documents successfully"},{"ancestorTitles":["BrandGuidelinesProcessor Integration Tests","Document Content Parsing"],"duration":17,"failing":false,"failureDetails":[],"failureMessages":[],"fullName":"BrandGuidelinesProcessor Integration Tests Document Content Parsing should handle parsing errors gracefully","invocations":1,"location":null,"numPassingAsserts":1,"retryReasons":[],"startAt":1756324164782,"status":"passed","title":"should handle parsing errors gracefully"},{"ancestorTitles":["BrandGuidelinesProcessor Integration Tests","Document Content Parsing"],"duration":1,"failing":false,"failureDetails":[],"failureMessages":[],"fullName":"BrandGuidelinesProcessor Integration Tests Document Content Parsing should parse plain text documents","invocations":1,"location":null,"numPassingAsserts":1,"retryReasons":[],"startAt":1756324164799,"status":"passed","title":"should parse plain text documents"},{"ancestorTitles":["BrandGuidelinesProcessor Integration Tests","Document Content Parsing"],"duration":0,"failing":false,"failureDetails":[],"failureMessages":[],"fullName":"BrandGuidelinesProcessor Integration Tests Document Content Parsing should default to text parsing for unknown MIME types","invocations":1,"location":null,"numPassingAsserts":1,"retryReasons":[],"startAt":1756324164800,"status":"passed","title":"should default to text parsing for unknown MIME types"},{"ancestorTitles":["BrandGuidelinesProcessor Integration Tests","Comprehensive Brand Processing"],"duration":7,"failing":false,"failureDetails":[],"failureMessages":[],"fullName":"BrandGuidelinesProcessor Integration Tests Comprehensive Brand Processing should extract comprehensive brand data with high confidence","invocations":1,"location":null,"numPassingAsserts":16,"retryReasons":[],"startAt":1756324164800,"status":"passed","title":"should extract comprehensive brand data with high confidence"},{"ancestorTitles":["BrandGuidelinesProcessor Integration Tests","Comprehensive Brand Processing"],"duration":1,"failing":false,"failureDetails":[],"failureMessages":[],"fullName":"BrandGuidelinesProcessor Integration Tests Comprehensive Brand Processing should categorize colors correctly","invocations":1,"location":null,"numPassingAsserts":10,"retryReasons":[],"startAt":1756324164807,"status":"passed","title":"should categorize colors correctly"},{"ancestorTitles":["BrandGuidelinesProcessor Integration Tests","Comprehensive Brand Processing"],"duration":1,"failing":false,"failureDetails":[],"failureMessages":[],"fullName":"BrandGuidelinesProcessor Integration Tests Comprehensive Brand Processing should categorize fonts correctly","invocations":1,"location":null,"numPassingAsserts":8,"retryReasons":[],"startAt":1756324164808,"status":"passed","title":"should categorize fonts correctly"},{"ancestorTitles":["BrandGuidelinesProcessor Integration Tests","Comprehensive Brand Processing"],"duration":2,"failing":false,"failureDetails":[],"failureMessages":[],"fullName":"BrandGuidelinesProcessor Integration Tests Comprehensive Brand Processing should extract comprehensive voice analysis","invocations":1,"location":null,"numPassingAsserts":10,"retryReasons":[],"startAt":1756324164809,"status":"passed","title":"should extract comprehensive voice analysis"},{"ancestorTitles":["BrandGuidelinesProcessor Integration Tests","Comprehensive Brand Processing"],"duration":0,"failing":false,"failureDetails":[],"failureMessages":[],"fullName":"BrandGuidelinesProcessor Integration Tests Comprehensive Brand Processing should extract compliance rules comprehensively","invocations":1,"location":null,"numPassingAsserts":7,"retryReasons":[],"startAt":1756324164811,"status":"passed","title":"should extract compliance rules comprehensively"},{"ancestorTitles":["BrandGuidelinesProcessor Integration Tests","Comprehensive Brand Processing"],"duration":1,"failing":false,"failureDetails":[],"failureMessages":[],"fullName":"BrandGuidelinesProcessor Integration Tests Comprehensive Brand Processing should provide meaningful suggestions for incomplete guidelines","invocations":1,"location":null,"numPassingAsserts":3,"retryReasons":[],"startAt":1756324164811,"status":"passed","title":"should provide meaningful suggestions for incomplete guidelines"},{"ancestorTitles":["BrandGuidelinesProcessor Integration Tests","Edge Cases and Error Handling"],"duration":1,"failing":false,"failureDetails":[],"failureMessages":[],"fullName":"BrandGuidelinesProcessor Integration Tests Edge Cases and Error Handling should handle empty text gracefully","invocations":1,"location":null,"numPassingAsserts":5,"retryReasons":[],"startAt":1756324164812,"status":"passed","title":"should handle empty text gracefully"},{"ancestorTitles":["BrandGuidelinesProcessor Integration Tests","Edge Cases and Error Handling"],"duration":0,"failing":false,"failureDetails":[],"failureMessages":[],"fullName":"BrandGuidelinesProcessor Integration Tests Edge Cases and Error Handling should handle malformed color codes","invocations":1,"location":null,"numPassingAsserts":1,"retryReasons":[],"startAt":1756324164813,"status":"passed","title":"should handle malformed color codes"},{"ancestorTitles":["BrandGuidelinesProcessor Integration Tests","Edge Cases and Error Handling"],"duration":2193,"failing":false,"failureDetails":[],"failureMessages":[],"fullName":"BrandGuidelinesProcessor Integration Tests Edge Cases and Error Handling should handle very large text documents","invocations":1,"location":null,"numPassingAsserts":2,"retryReasons":[],"startAt":1756324164813,"status":"passed","title":"should handle very large text documents"},{"ancestorTitles":["BrandGuidelinesProcessor Integration Tests","Edge Cases and Error Handling"],"duration":1,"failing":false,"failureDetails":[],"failureMessages":[],"fullName":"BrandGuidelinesProcessor Integration Tests Edge Cases and Error Handling should handle text with special characters and unicode","invocations":1,"location":null,"numPassingAsserts":2,"retryReasons":[],"startAt":1756324167006,"status":"passed","title":"should handle text with special characters and unicode"},{"ancestorTitles":["BrandGuidelinesProcessor Integration Tests","Performance and Scalability"],"duration":1,"failing":false,"failureDetails":[],"failureMessages":[],"fullName":"BrandGuidelinesProcessor Integration Tests Performance and Scalability should process guidelines within reasonable time","invocations":1,"location":null,"numPassingAsserts":1,"retryReasons":[],"startAt":1756324167007,"status":"passed","title":"should process guidelines within reasonable time"},{"ancestorTitles":["BrandGuidelinesProcessor Integration Tests","Performance and Scalability"],"duration":0,"failing":false,"failureDetails":[],"failureMessages":[],"fullName":"BrandGuidelinesProcessor Integration Tests Performance and Scalability should handle concurrent processing requests","invocations":1,"location":null,"numPassingAsserts":11,"retryReasons":[],"startAt":1756324167008,"status":"passed","title":"should handle concurrent processing requests"}],"endTime":1756324167008,"message":"","name":"/Users/jeremywatt/Desktop/marketer-gen-nextjs/__tests__/lib/services/brand-guidelines-processor-integration.test.ts","startTime":1756324164714,"status":"passed","summary":""},{"assertionResults":[{"ancestorTitles":["BrandComparison","Initial State"],"duration":135,"failing":false,"failureDetails":[],"failureMessages":[],"fullName":"BrandComparison Initial State should render brand comparison interface","invocations":1,"location":null,"numPassingAsserts":5,"retryReasons":[],"startAt":1756324164869,"status":"passed","title":"should render brand comparison interface"},{"ancestorTitles":["BrandComparison","Initial State"],"duration":52,"failing":false,"failureDetails":[],"failureMessages":[],"fullName":"BrandComparison Initial State should load available brands on mount","invocations":1,"location":null,"numPassingAsserts":1,"retryReasons":[],"startAt":1756324165004,"status":"passed","title":"should load available brands on mount"},{"ancestorTitles":["BrandComparison","Initial State"],"duration":78,"failing":false,"failureDetails":[],"failureMessages":[],"fullName":"BrandComparison Initial State should show comparison mode selector","invocations":1,"location":null,"numPassingAsserts":1,"retryReasons":[],"startAt":1756324165056,"status":"passed","title":"should show comparison mode selector"},{"ancestorTitles":["BrandComparison","Initial State"],"duration":69,"failing":false,"failureDetails":[],"failureMessages":[],"fullName":"BrandComparison Initial State should show empty state when no brands to compare","invocations":1,"location":null,"numPassingAsserts":2,"retryReasons":[],"startAt":1756324165135,"status":"passed","title":"should show empty state when no brands to compare"},{"ancestorTitles":["BrandComparison","Brand Selection"],"duration":260,"failing":false,"failureDetails":[],"failureMessages":[],"fullName":"BrandComparison Brand Selection should add brand to comparison when selected","invocations":1,"location":null,"numPassingAsserts":4,"retryReasons":[],"startAt":1756324165204,"status":"passed","title":"should add brand to comparison when selected"},{"ancestorTitles":["BrandComparison","Brand Selection"],"duration":235,"failing":false,"failureDetails":[],"failureMessages":[],"fullName":"BrandComparison Brand Selection should remove brand from comparison","invocations":1,"location":null,"numPassingAsserts":3,"retryReasons":[],"startAt":1756324165464,"status":"passed","title":"should remove brand from comparison"},{"ancestorTitles":["BrandComparison","Brand Selection"],"duration":298,"failing":false,"failureDetails":[],"failureMessages":[],"fullName":"BrandComparison Brand Selection should limit comparison to 3 brands","invocations":1,"location":null,"numPassingAsserts":4,"retryReasons":[],"startAt":1756324165699,"status":"passed","title":"should limit comparison to 3 brands"},{"ancestorTitles":["BrandComparison","Brand Selection"],"duration":null,"failing":false,"failureDetails":[],"failureMessages":[],"fullName":"BrandComparison Brand Selection should handle brand loading error gracefully","invocations":1,"location":null,"numPassingAsserts":0,"retryReasons":[],"startAt":1756324165997,"status":"pending","title":"should handle brand loading error gracefully"},{"ancestorTitles":["BrandComparison","Brand Selection"],"duration":48,"failing":false,"failureDetails":[],"failureMessages":[],"fullName":"BrandComparison Brand Selection should show empty state when no other brands available","invocations":1,"location":null,"numPassingAsserts":1,"retryReasons":[],"startAt":1756324165997,"status":"passed","title":"should show empty state when no other brands available"},{"ancestorTitles":["BrandComparison","Comparison Modes"],"duration":null,"failing":false,"failureDetails":[],"failureMessages":[],"fullName":"BrandComparison Comparison Modes should switch to visual comparison mode","invocations":1,"location":null,"numPassingAsserts":0,"retryReasons":[],"startAt":1756324166046,"status":"pending","title":"should switch to visual comparison mode"},{"ancestorTitles":["BrandComparison","Comparison Modes"],"duration":null,"failing":false,"failureDetails":[],"failureMessages":[],"fullName":"BrandComparison Comparison Modes should switch to metrics comparison mode","invocations":1,"location":null,"numPassingAsserts":0,"retryReasons":[],"startAt":1756324166046,"status":"pending","title":"should switch to metrics comparison mode"},{"ancestorTitles":["BrandComparison","Overview Comparison"],"duration":null,"failing":false,"failureDetails":[],"failureMessages":[],"fullName":"BrandComparison Overview Comparison should display overview comparison table","invocations":1,"location":null,"numPassingAsserts":0,"retryReasons":[],"startAt":1756324166046,"status":"pending","title":"should display overview comparison table"},{"ancestorTitles":["BrandComparison","Overview Comparison"],"duration":null,"failing":false,"failureDetails":[],"failureMessages":[],"fullName":"BrandComparison Overview Comparison should handle missing data in comparison gracefully","invocations":1,"location":null,"numPassingAsserts":0,"retryReasons":[],"startAt":1756324166046,"status":"pending","title":"should handle missing data in comparison gracefully"},{"ancestorTitles":["BrandComparison","Overview Comparison"],"duration":105,"failing":false,"failureDetails":[],"failureMessages":[],"fullName":"BrandComparison Overview Comparison should display clickable website links","invocations":1,"location":null,"numPassingAsserts":5,"retryReasons":[],"startAt":1756324166046,"status":"passed","title":"should display clickable website links"},{"ancestorTitles":["BrandComparison","Visual Comparison"],"duration":null,"failing":false,"failureDetails":[],"failureMessages":[],"fullName":"BrandComparison Visual Comparison should display visual comparison cards","invocations":1,"location":null,"numPassingAsserts":0,"retryReasons":[],"startAt":1756324166152,"status":"pending","title":"should display visual comparison cards"},{"ancestorTitles":["BrandComparison","Visual Comparison"],"duration":308,"failing":false,"failureDetails":[],"failureMessages":[],"fullName":"BrandComparison Visual Comparison should handle missing visual elements","invocations":1,"location":null,"numPassingAsserts":5,"retryReasons":[],"startAt":1756324166152,"status":"passed","title":"should handle missing visual elements"},{"ancestorTitles":["BrandComparison","Metrics Comparison"],"duration":266,"failing":false,"failureDetails":[],"failureMessages":[],"fullName":"BrandComparison Metrics Comparison should display metrics comparison table","invocations":1,"location":null,"numPassingAsserts":8,"retryReasons":[],"startAt":1756324166460,"status":"passed","title":"should display metrics comparison table"},{"ancestorTitles":["BrandComparison","Metrics Comparison"],"duration":null,"failing":false,"failureDetails":[],"failureMessages":[],"fullName":"BrandComparison Metrics Comparison should display asset type distribution","invocations":1,"location":null,"numPassingAsserts":0,"retryReasons":[],"startAt":1756324166726,"status":"pending","title":"should display asset type distribution"},{"ancestorTitles":["BrandComparison","Metrics Comparison"],"duration":219,"failing":false,"failureDetails":[],"failureMessages":[],"fullName":"BrandComparison Metrics Comparison should calculate download totals correctly","invocations":1,"location":null,"numPassingAsserts":4,"retryReasons":[],"startAt":1756324166726,"status":"passed","title":"should calculate download totals correctly"},{"ancestorTitles":["BrandComparison","Accessibility"],"duration":17,"failing":false,"failureDetails":[],"failureMessages":[],"fullName":"BrandComparison Accessibility should have proper semantic structure","invocations":1,"location":null,"numPassingAsserts":3,"retryReasons":[],"startAt":1756324166945,"status":"passed","title":"should have proper semantic structure"},{"ancestorTitles":["BrandComparison","Accessibility"],"duration":35,"failing":false,"failureDetails":[],"failureMessages":[],"fullName":"BrandComparison Accessibility should support keyboard navigation","invocations":1,"location":null,"numPassingAsserts":2,"retryReasons":[],"startAt":1756324166962,"status":"passed","title":"should support keyboard navigation"},{"ancestorTitles":["BrandComparison","Accessibility"],"duration":183,"failing":false,"failureDetails":[],"failureMessages":[],"fullName":"BrandComparison Accessibility should have proper table accessibility for comparison","invocations":1,"location":null,"numPassingAsserts":5,"retryReasons":[],"startAt":1756324166997,"status":"passed","title":"should have proper table accessibility for comparison"},{"ancestorTitles":["BrandComparison","Error Handling"],"duration":29,"failing":false,"failureDetails":[],"failureMessages":[],"fullName":"BrandComparison Error Handling should handle API errors gracefully","invocations":1,"location":null,"numPassingAsserts":1,"retryReasons":[],"startAt":1756324167180,"status":"passed","title":"should handle API errors gracefully"},{"ancestorTitles":["BrandComparison","Error Handling"],"duration":7,"failing":false,"failureDetails":[],"failureMessages":[],"fullName":"BrandComparison Error Handling should handle missing current brand data","invocations":1,"location":null,"numPassingAsserts":1,"retryReasons":[],"startAt":1756324167209,"status":"passed","title":"should handle missing current brand data"},{"ancestorTitles":["BrandComparison","Performance"],"duration":null,"failing":false,"failureDetails":[],"failureMessages":[],"fullName":"BrandComparison Performance should handle multiple brand comparisons efficiently","invocations":1,"location":null,"numPassingAsserts":0,"retryReasons":[],"startAt":1756324167216,"status":"pending","title":"should handle multiple brand comparisons efficiently"}],"endTime":1756324167217,"message":"","name":"/Users/jeremywatt/Desktop/marketer-gen-nextjs/__tests__/components/features/brand/BrandComparison.test.tsx","startTime":1756324164591,"status":"focused","summary":""},{"assertionResults":[{"ancestorTitles":["DuplicateCampaignDialog"],"duration":80,"failing":false,"failureDetails":[],"failureMessages":[],"fullName":"DuplicateCampaignDialog should render dialog when open","invocations":1,"location":null,"numPassingAsserts":3,"retryReasons":[],"startAt":1756324164885,"status":"passed","title":"should render dialog when open"},{"ancestorTitles":["DuplicateCampaignDialog"],"duration":2,"failing":false,"failureDetails":[],"failureMessages":[],"fullName":"DuplicateCampaignDialog should not render dialog when closed","invocations":1,"location":null,"numPassingAsserts":1,"retryReasons":[],"startAt":1756324164965,"status":"passed","title":"should not render dialog when closed"},{"ancestorTitles":["DuplicateCampaignDialog"],"duration":13,"failing":false,"failureDetails":[],"failureMessages":[],"fullName":"DuplicateCampaignDialog should have empty form initially","invocations":1,"location":null,"numPassingAsserts":1,"retryReasons":[],"startAt":1756324164967,"status":"passed","title":"should have empty form initially"},{"ancestorTitles":["DuplicateCampaignDialog"],"duration":270,"failing":false,"failureDetails":[],"failureMessages":[],"fullName":"DuplicateCampaignDialog should handle form submission with valid data","invocations":1,"location":null,"numPassingAsserts":1,"retryReasons":[],"startAt":1756324164980,"status":"passed","title":"should handle form submission with valid data"},{"ancestorTitles":["DuplicateCampaignDialog"],"duration":34,"failing":false,"failureDetails":[],"failureMessages":[],"fullName":"DuplicateCampaignDialog should not call onConfirm when name is empty","invocations":1,"location":null,"numPassingAsserts":1,"retryReasons":[],"startAt":1756324165250,"status":"passed","title":"should not call onConfirm when name is empty"},{"ancestorTitles":["DuplicateCampaignDialog"],"duration":2287,"failing":false,"failureDetails":[],"failureMessages":[],"fullName":"DuplicateCampaignDialog should accept long names without validation","invocations":1,"location":null,"numPassingAsserts":1,"retryReasons":[],"startAt":1756324165285,"status":"passed","title":"should accept long names without validation"},{"ancestorTitles":["DuplicateCampaignDialog"],"duration":10,"failing":false,"failureDetails":[],"failureMessages":[],"fullName":"DuplicateCampaignDialog should disable submit button when loading","invocations":1,"location":null,"numPassingAsserts":1,"retryReasons":[],"startAt":1756324167572,"status":"passed","title":"should disable submit button when loading"},{"ancestorTitles":["DuplicateCampaignDialog"],"duration":32,"failing":false,"failureDetails":[],"failureMessages":[],"fullName":"DuplicateCampaignDialog should show loading state while duplicating","invocations":1,"location":null,"numPassingAsserts":2,"retryReasons":[],"startAt":1756324167582,"status":"passed","title":"should show loading state while duplicating"},{"ancestorTitles":["DuplicateCampaignDialog"],"duration":24,"failing":false,"failureDetails":[],"failureMessages":[],"fullName":"DuplicateCampaignDialog should close dialog on cancel","invocations":1,"location":null,"numPassingAsserts":1,"retryReasons":[],"startAt":1756324167614,"status":"passed","title":"should close dialog on cancel"},{"ancestorTitles":["DuplicateCampaignDialog"],"duration":165,"failing":false,"failureDetails":[],"failureMessages":[],"fullName":"DuplicateCampaignDialog should call onConfirm and clear form on submission","invocations":1,"location":null,"numPassingAsserts":2,"retryReasons":[],"startAt":1756324167638,"status":"passed","title":"should call onConfirm and clear form on submission"},{"ancestorTitles":["DuplicateCampaignDialog"],"duration":24,"failing":false,"failureDetails":[],"failureMessages":[],"fullName":"DuplicateCampaignDialog should handle keyboard shortcuts","invocations":1,"location":null,"numPassingAsserts":1,"retryReasons":[],"startAt":1756324167803,"status":"passed","title":"should handle keyboard shortcuts"}],"endTime":1756324167828,"message":"","name":"/Users/jeremywatt/Desktop/marketer-gen-nextjs/__tests__/components/features/dashboard/DuplicateCampaignDialog.test.tsx","startTime":1756324164699,"status":"passed","summary":""},{"assertionResults":[{"ancestorTitles":["BrandOverview","Display Mode"],"duration":123,"failing":false,"failureDetails":[],"failureMessages":[],"fullName":"BrandOverview Display Mode should render brand overview in display mode","invocations":1,"location":null,"numPassingAsserts":15,"retryReasons":[],"startAt":1756324164840,"status":"passed","title":"should render brand overview in display mode"},{"ancestorTitles":["BrandOverview","Display Mode"],"duration":33,"failing":false,"failureDetails":[],"failureMessages":[],"fullName":"BrandOverview Display Mode should render website as clickable link","invocations":1,"location":null,"numPassingAsserts":4,"retryReasons":[],"startAt":1756324164963,"status":"passed","title":"should render website as clickable link"},{"ancestorTitles":["BrandOverview","Display Mode"],"duration":53,"failing":false,"failureDetails":[],"failureMessages":[],"fullName":"BrandOverview Display Mode should handle missing optional fields gracefully","invocations":1,"location":null,"numPassingAsserts":7,"retryReasons":[],"startAt":1756324164996,"status":"passed","title":"should handle missing optional fields gracefully"},{"ancestorTitles":["BrandOverview","Display Mode"],"duration":19,"failing":false,"failureDetails":[],"failureMessages":[],"fullName":"BrandOverview Display Mode should display brand health score section","invocations":1,"location":null,"numPassingAsserts":4,"retryReasons":[],"startAt":1756324165049,"status":"passed","title":"should display brand health score section"},{"ancestorTitles":["BrandOverview","Display Mode"],"duration":28,"failing":false,"failureDetails":[],"failureMessages":[],"fullName":"BrandOverview Display Mode should display asset usage tracking section","invocations":1,"location":null,"numPassingAsserts":6,"retryReasons":[],"startAt":1756324165068,"status":"passed","title":"should display asset usage tracking section"},{"ancestorTitles":["BrandOverview","Edit Mode"],"duration":208,"failing":false,"failureDetails":[],"failureMessages":[],"fullName":"BrandOverview Edit Mode should enter edit mode when Edit Brand button is clicked","invocations":1,"location":null,"numPassingAsserts":6,"retryReasons":[],"startAt":1756324165096,"status":"passed","title":"should enter edit mode when Edit Brand button is clicked"},{"ancestorTitles":["BrandOverview","Edit Mode"],"duration":174,"failing":false,"failureDetails":[],"failureMessages":[],"fullName":"BrandOverview Edit Mode should cancel edit mode when Cancel button is clicked","invocations":1,"location":null,"numPassingAsserts":4,"retryReasons":[],"startAt":1756324165304,"status":"passed","title":"should cancel edit mode when Cancel button is clicked"},{"ancestorTitles":["BrandOverview","Edit Mode"],"duration":945,"failing":false,"failureDetails":[],"failureMessages":[],"fullName":"BrandOverview Edit Mode should update brand fields in edit mode","invocations":1,"location":null,"numPassingAsserts":3,"retryReasons":[],"startAt":1756324165478,"status":"passed","title":"should update brand fields in edit mode"},{"ancestorTitles":["BrandOverview","Edit Mode"],"duration":218,"failing":false,"failureDetails":[],"failureMessages":[],"fullName":"BrandOverview Edit Mode should handle industry selection in edit mode","invocations":1,"location":null,"numPassingAsserts":1,"retryReasons":[],"startAt":1756324166423,"status":"passed","title":"should handle industry selection in edit mode"},{"ancestorTitles":["BrandOverview","Edit Mode"],"duration":228,"failing":false,"failureDetails":[],"failureMessages":[],"fullName":"BrandOverview Edit Mode should handle comma-separated values and personality traits","invocations":1,"location":null,"numPassingAsserts":4,"retryReasons":[],"startAt":1756324166641,"status":"passed","title":"should handle comma-separated values and personality traits"},{"ancestorTitles":["BrandOverview","Edit Mode"],"duration":353,"failing":false,"failureDetails":[],"failureMessages":[],"fullName":"BrandOverview Edit Mode should save changes successfully","invocations":1,"location":null,"numPassingAsserts":5,"retryReasons":[],"startAt":1756324166869,"status":"passed","title":"should save changes successfully"},{"ancestorTitles":["BrandOverview","Edit Mode"],"duration":364,"failing":false,"failureDetails":[],"failureMessages":[],"fullName":"BrandOverview Edit Mode should handle save error gracefully","invocations":1,"location":null,"numPassingAsserts":3,"retryReasons":[],"startAt":1756324167222,"status":"passed","title":"should handle save error gracefully"},{"ancestorTitles":["BrandOverview","Edit Mode"],"duration":563,"failing":false,"failureDetails":[],"failureMessages":[],"fullName":"BrandOverview Edit Mode should show loading state during save","invocations":1,"location":null,"numPassingAsserts":3,"retryReasons":[],"startAt":1756324167587,"status":"passed","title":"should show loading state during save"},{"ancestorTitles":["BrandOverview","Accessibility"],"duration":64,"failing":false,"failureDetails":[],"failureMessages":[],"fullName":"BrandOverview Accessibility should have proper form labels in edit mode","invocations":1,"location":null,"numPassingAsserts":7,"retryReasons":[],"startAt":1756324168150,"status":"passed","title":"should have proper form labels in edit mode"},{"ancestorTitles":["BrandOverview","Accessibility"],"duration":80,"failing":false,"failureDetails":[],"failureMessages":[],"fullName":"BrandOverview Accessibility should support keyboard navigation in edit mode","invocations":1,"location":null,"numPassingAsserts":3,"retryReasons":[],"startAt":1756324168214,"status":"passed","title":"should support keyboard navigation in edit mode"},{"ancestorTitles":["BrandOverview","Accessibility"],"duration":16,"failing":false,"failureDetails":[],"failureMessages":[],"fullName":"BrandOverview Accessibility should have proper ARIA attributes for dashboard components","invocations":1,"location":null,"numPassingAsserts":3,"retryReasons":[],"startAt":1756324168294,"status":"passed","title":"should have proper ARIA attributes for dashboard components"},{"ancestorTitles":["BrandOverview","Edge Cases"],"duration":12,"failing":false,"failureDetails":[],"failureMessages":[],"fullName":"BrandOverview Edge Cases should handle empty arrays for values and personality","invocations":1,"location":null,"numPassingAsserts":2,"retryReasons":[],"startAt":1756324168310,"status":"passed","title":"should handle empty arrays for values and personality"},{"ancestorTitles":["BrandOverview","Edge Cases"],"duration":18,"failing":false,"failureDetails":[],"failureMessages":[],"fullName":"BrandOverview Edge Cases should handle very long text content","invocations":1,"location":null,"numPassingAsserts":1,"retryReasons":[],"startAt":1756324168322,"status":"passed","title":"should handle very long text content"},{"ancestorTitles":["BrandOverview","Edge Cases"],"duration":8,"failing":false,"failureDetails":[],"failureMessages":[],"fullName":"BrandOverview Edge Cases should handle special characters in brand data","invocations":1,"location":null,"numPassingAsserts":5,"retryReasons":[],"startAt":1756324168340,"status":"passed","title":"should handle special characters in brand data"}],"endTime":1756324168349,"message":"","name":"/Users/jeremywatt/Desktop/marketer-gen-nextjs/__tests__/components/features/brand/BrandOverview.test.tsx","startTime":1756324164474,"status":"passed","summary":""},{"assertionResults":[{"ancestorTitles":["Journey Template Integration Tests","Template CRUD Operations"],"duration":49,"failing":false,"failureDetails":[],"failureMessages":[],"fullName":"Journey Template Integration Tests Template CRUD Operations should create and retrieve a template with JSON fields","invocations":1,"location":null,"numPassingAsserts":12,"retryReasons":[],"startAt":1756324168798,"status":"passed","title":"should create and retrieve a template with JSON fields"},{"ancestorTitles":["Journey Template Integration Tests","Template CRUD Operations"],"duration":65,"failing":false,"failureDetails":[],"failureMessages":[],"fullName":"Journey Template Integration Tests Template CRUD Operations should update template JSON fields correctly","invocations":1,"location":null,"numPassingAsserts":5,"retryReasons":[],"startAt":1756324168847,"status":"passed","title":"should update template JSON fields correctly"},{"ancestorTitles":["Journey Template Integration Tests","Template CRUD Operations"],"duration":33,"failing":false,"failureDetails":[],"failureMessages":[],"fullName":"Journey Template Integration Tests Template CRUD Operations should soft delete templates correctly","invocations":1,"location":null,"numPassingAsserts":5,"retryReasons":[],"startAt":1756324168914,"status":"passed","title":"should soft delete templates correctly"},{"ancestorTitles":["Journey Template Integration Tests","Template Filtering and Search"],"duration":20,"failing":false,"failureDetails":[],"failureMessages":[],"fullName":"Journey Template Integration Tests Template Filtering and Search should filter templates by industry","invocations":1,"location":null,"numPassingAsserts":3,"retryReasons":[],"startAt":1756324168947,"status":"passed","title":"should filter templates by industry"},{"ancestorTitles":["Journey Template Integration Tests","Template Filtering and Search"],"duration":15,"failing":false,"failureDetails":[],"failureMessages":[],"fullName":"Journey Template Integration Tests Template Filtering and Search should filter templates by category","invocations":1,"location":null,"numPassingAsserts":2,"retryReasons":[],"startAt":1756324168967,"status":"passed","title":"should filter templates by category"},{"ancestorTitles":["Journey Template Integration Tests","Template Filtering and Search"],"duration":28,"failing":false,"failureDetails":[],"failureMessages":[],"fullName":"Journey Template Integration Tests Template Filtering and Search should search templates by name and description","invocations":1,"location":null,"numPassingAsserts":3,"retryReasons":[],"startAt":1756324168982,"status":"passed","title":"should search templates by name and description"},{"ancestorTitles":["Journey Template Integration Tests","Template Filtering and Search"],"duration":20,"failing":false,"failureDetails":[],"failureMessages":[],"fullName":"Journey Template Integration Tests Template Filtering and Search should return paginated results correctly","invocations":1,"location":null,"numPassingAsserts":5,"retryReasons":[],"startAt":1756324169010,"status":"passed","title":"should return paginated results correctly"},{"ancestorTitles":["Journey Template Integration Tests","Template Filtering and Search"],"duration":23,"failing":false,"failureDetails":[],"failureMessages":[],"fullName":"Journey Template Integration Tests Template Filtering and Search should sort templates correctly","invocations":1,"location":null,"numPassingAsserts":8,"retryReasons":[],"startAt":1756324169030,"status":"passed","title":"should sort templates correctly"},{"ancestorTitles":["Journey Template Integration Tests","Template Usage and Rating"],"duration":6,"failing":false,"failureDetails":[],"failureMessages":[],"fullName":"Journey Template Integration Tests Template Usage and Rating should increment usage count correctly","invocations":1,"location":null,"numPassingAsserts":1,"retryReasons":[],"startAt":1756324169053,"status":"passed","title":"should increment usage count correctly"},{"ancestorTitles":["Journey Template Integration Tests","Template Usage and Rating"],"duration":10,"failing":false,"failureDetails":[],"failureMessages":[],"fullName":"Journey Template Integration Tests Template Usage and Rating should calculate average rating correctly","invocations":1,"location":null,"numPassingAsserts":6,"retryReasons":[],"startAt":1756324169059,"status":"passed","title":"should calculate average rating correctly"},{"ancestorTitles":["Journey Template Integration Tests","Template Usage and Rating"],"duration":10,"failing":false,"failureDetails":[],"failureMessages":[],"fullName":"Journey Template Integration Tests Template Usage and Rating should get popular templates based on usage","invocations":1,"location":null,"numPassingAsserts":2,"retryReasons":[],"startAt":1756324169069,"status":"passed","title":"should get popular templates based on usage"},{"ancestorTitles":["Journey Template Integration Tests","Template Duplication"],"duration":9,"failing":false,"failureDetails":[],"failureMessages":[],"fullName":"Journey Template Integration Tests Template Duplication should duplicate template with new name and reset stats","invocations":1,"location":null,"numPassingAsserts":12,"retryReasons":[],"startAt":1756324169079,"status":"passed","title":"should duplicate template with new name and reset stats"},{"ancestorTitles":["Journey Template Integration Tests","Template Duplication"],"duration":3,"failing":false,"failureDetails":[],"failureMessages":[],"fullName":"Journey Template Integration Tests Template Duplication should return null when duplicating non-existent template","invocations":1,"location":null,"numPassingAsserts":1,"retryReasons":[],"startAt":1756324169088,"status":"passed","title":"should return null when duplicating non-existent template"},{"ancestorTitles":["Journey Template Integration Tests","Template Statistics"],"duration":15,"failing":false,"failureDetails":[],"failureMessages":[],"fullName":"Journey Template Integration Tests Template Statistics should calculate template statistics correctly","invocations":1,"location":null,"numPassingAsserts":11,"retryReasons":[],"startAt":1756324169091,"status":"passed","title":"should calculate template statistics correctly"},{"ancestorTitles":["Journey Template Integration Tests","Database Constraints and Edge Cases"],"duration":6,"failing":false,"failureDetails":[],"failureMessages":[],"fullName":"Journey Template Integration Tests Database Constraints and Edge Cases should handle large JSON data correctly","invocations":1,"location":null,"numPassingAsserts":3,"retryReasons":[],"startAt":1756324169106,"status":"passed","title":"should handle large JSON data correctly"},{"ancestorTitles":["Journey Template Integration Tests","Database Constraints and Edge Cases"],"duration":15,"failing":false,"failureDetails":[],"failureMessages":[],"fullName":"Journey Template Integration Tests Database Constraints and Edge Cases should handle concurrent template operations","invocations":1,"location":null,"numPassingAsserts":2,"retryReasons":[],"startAt":1756324169112,"status":"passed","title":"should handle concurrent template operations"},{"ancestorTitles":["Journey Template Integration Tests","Database Constraints and Edge Cases"],"duration":4,"failing":false,"failureDetails":[],"failureMessages":[],"fullName":"Journey Template Integration Tests Database Constraints and Edge Cases should handle template with minimal required fields","invocations":1,"location":null,"numPassingAsserts":6,"retryReasons":[],"startAt":1756324169127,"status":"passed","title":"should handle template with minimal required fields"}],"endTime":1756324169134,"message":"","name":"/Users/jeremywatt/Desktop/marketer-gen-nextjs/src/__tests__/integration/journey-template.integration.test.ts","startTime":1756324168601,"status":"passed","summary":""},{"assertionResults":[{"ancestorTitles":["CampaignDataTable","rendering"],"duration":213,"failing":false,"failureDetails":[],"failureMessages":[],"fullName":"CampaignDataTable rendering should render table with campaign data","invocations":1,"location":null,"numPassingAsserts":3,"retryReasons":[],"startAt":1756324167235,"status":"passed","title":"should render table with campaign data"},{"ancestorTitles":["CampaignDataTable","rendering"],"duration":2,"failing":false,"failureDetails":[],"failureMessages":[],"fullName":"CampaignDataTable rendering should render loading state","invocations":1,"location":null,"numPassingAsserts":1,"retryReasons":[],"startAt":1756324167448,"status":"passed","title":"should render loading state"},{"ancestorTitles":["CampaignDataTable","rendering"],"duration":65,"failing":false,"failureDetails":[],"failureMessages":[],"fullName":"CampaignDataTable rendering should render empty state when no campaigns","invocations":1,"location":null,"numPassingAsserts":1,"retryReasons":[],"startAt":1756324167450,"status":"passed","title":"should render empty state when no campaigns"},{"ancestorTitles":["CampaignDataTable","rendering"],"duration":64,"failing":false,"failureDetails":[],"failureMessages":[],"fullName":"CampaignDataTable rendering should render column headers","invocations":1,"location":null,"numPassingAsserts":7,"retryReasons":[],"startAt":1756324167515,"status":"passed","title":"should render column headers"},{"ancestorTitles":["CampaignDataTable","search functionality"],"duration":259,"failing":false,"failureDetails":[],"failureMessages":[],"fullName":"CampaignDataTable search functionality should filter campaigns by title","invocations":1,"location":null,"numPassingAsserts":2,"retryReasons":[],"startAt":1756324167579,"status":"passed","title":"should filter campaigns by title"},{"ancestorTitles":["CampaignDataTable","search functionality"],"duration":243,"failing":false,"failureDetails":[],"failureMessages":[],"fullName":"CampaignDataTable search functionality should filter campaigns by description","invocations":1,"location":null,"numPassingAsserts":2,"retryReasons":[],"startAt":1756324167838,"status":"passed","title":"should filter campaigns by description"},{"ancestorTitles":["CampaignDataTable","search functionality"],"duration":330,"failing":false,"failureDetails":[],"failureMessages":[],"fullName":"CampaignDataTable search functionality should show empty state when search returns no results","invocations":1,"location":null,"numPassingAsserts":1,"retryReasons":[],"startAt":1756324168081,"status":"passed","title":"should show empty state when search returns no results"},{"ancestorTitles":["CampaignDataTable","status filtering"],"duration":null,"failing":false,"failureDetails":[],"failureMessages":[],"fullName":"CampaignDataTable status filtering should filter campaigns by status","invocations":1,"location":null,"numPassingAsserts":0,"retryReasons":[],"startAt":1756324168411,"status":"pending","title":"should filter campaigns by status"},{"ancestorTitles":["CampaignDataTable","status filtering"],"duration":null,"failing":false,"failureDetails":[],"failureMessages":[],"fullName":"CampaignDataTable status filtering should show all campaigns when \"All Status\" is selected","invocations":1,"location":null,"numPassingAsserts":0,"retryReasons":[],"startAt":1756324168411,"status":"pending","title":"should show all campaigns when \"All Status\" is selected"},{"ancestorTitles":["CampaignDataTable","sorting functionality"],"duration":65,"failing":false,"failureDetails":[],"failureMessages":[],"fullName":"CampaignDataTable sorting functionality should sort campaigns by title","invocations":1,"location":null,"numPassingAsserts":1,"retryReasons":[],"startAt":1756324168411,"status":"passed","title":"should sort campaigns by title"},{"ancestorTitles":["CampaignDataTable","sorting functionality"],"duration":79,"failing":false,"failureDetails":[],"failureMessages":[],"fullName":"CampaignDataTable sorting functionality should toggle sort direction on repeated clicks","invocations":1,"location":null,"numPassingAsserts":1,"retryReasons":[],"startAt":1756324168476,"status":"passed","title":"should toggle sort direction on repeated clicks"},{"ancestorTitles":["CampaignDataTable","row selection"],"duration":74,"failing":false,"failureDetails":[],"failureMessages":[],"fullName":"CampaignDataTable row selection should select individual campaigns","invocations":1,"location":null,"numPassingAsserts":2,"retryReasons":[],"startAt":1756324168555,"status":"passed","title":"should select individual campaigns"},{"ancestorTitles":["CampaignDataTable","row selection"],"duration":119,"failing":false,"failureDetails":[],"failureMessages":[],"fullName":"CampaignDataTable row selection should select all campaigns","invocations":1,"location":null,"numPassingAsserts":2,"retryReasons":[],"startAt":1756324168629,"status":"passed","title":"should select all campaigns"},{"ancestorTitles":["CampaignDataTable","row selection"],"duration":null,"failing":false,"failureDetails":[],"failureMessages":[],"fullName":"CampaignDataTable row selection should show bulk actions when campaigns are selected","invocations":1,"location":null,"numPassingAsserts":0,"retryReasons":[],"startAt":1756324168748,"status":"pending","title":"should show bulk actions when campaigns are selected"},{"ancestorTitles":["CampaignDataTable","pagination"],"duration":33,"failing":false,"failureDetails":[],"failureMessages":[],"fullName":"CampaignDataTable pagination should show pagination controls when there are multiple pages","invocations":1,"location":null,"numPassingAsserts":2,"retryReasons":[],"startAt":1756324168748,"status":"passed","title":"should show pagination controls when there are multiple pages"},{"ancestorTitles":["CampaignDataTable","pagination"],"duration":null,"failing":false,"failureDetails":[],"failureMessages":[],"fullName":"CampaignDataTable pagination should change page size","invocations":1,"location":null,"numPassingAsserts":0,"retryReasons":[],"startAt":1756324168781,"status":"pending","title":"should change page size"},{"ancestorTitles":["CampaignDataTable","action handlers"],"duration":162,"failing":false,"failureDetails":[],"failureMessages":[],"fullName":"CampaignDataTable action handlers should call onView when view button is clicked","invocations":1,"location":null,"numPassingAsserts":1,"retryReasons":[],"startAt":1756324168781,"status":"passed","title":"should call onView when view button is clicked"},{"ancestorTitles":["CampaignDataTable","action handlers"],"duration":82,"failing":false,"failureDetails":[],"failureMessages":[],"fullName":"CampaignDataTable action handlers should call onEdit when edit button is clicked","invocations":1,"location":null,"numPassingAsserts":1,"retryReasons":[],"startAt":1756324168943,"status":"passed","title":"should call onEdit when edit button is clicked"},{"ancestorTitles":["CampaignDataTable","action handlers"],"duration":98,"failing":false,"failureDetails":[],"failureMessages":[],"fullName":"CampaignDataTable action handlers should call onDuplicate when duplicate button is clicked","invocations":1,"location":null,"numPassingAsserts":1,"retryReasons":[],"startAt":1756324169025,"status":"passed","title":"should call onDuplicate when duplicate button is clicked"},{"ancestorTitles":["CampaignDataTable","action handlers"],"duration":157,"failing":false,"failureDetails":[],"failureMessages":[],"fullName":"CampaignDataTable action handlers should call onArchive when archive button is clicked","invocations":1,"location":null,"numPassingAsserts":1,"retryReasons":[],"startAt":1756324169123,"status":"passed","title":"should call onArchive when archive button is clicked"},{"ancestorTitles":["CampaignDataTable","accessibility"],"duration":45,"failing":false,"failureDetails":[],"failureMessages":[],"fullName":"CampaignDataTable accessibility should have proper ARIA labels","invocations":1,"location":null,"numPassingAsserts":2,"retryReasons":[],"startAt":1756324169280,"status":"passed","title":"should have proper ARIA labels"},{"ancestorTitles":["CampaignDataTable","accessibility"],"duration":148,"failing":false,"failureDetails":[],"failureMessages":[],"fullName":"CampaignDataTable accessibility should support keyboard navigation","invocations":1,"location":null,"numPassingAsserts":1,"retryReasons":[],"startAt":1756324169325,"status":"passed","title":"should support keyboard navigation"},{"ancestorTitles":["CampaignDataTable","progress bars"],"duration":45,"failing":false,"failureDetails":[],"failureMessages":[],"fullName":"CampaignDataTable progress bars should display progress bars correctly","invocations":1,"location":null,"numPassingAsserts":3,"retryReasons":[],"startAt":1756324169473,"status":"passed","title":"should display progress bars correctly"},{"ancestorTitles":["CampaignDataTable","status badges"],"duration":32,"failing":false,"failureDetails":[],"failureMessages":[],"fullName":"CampaignDataTable status badges should display status badges with correct styling","invocations":1,"location":null,"numPassingAsserts":3,"retryReasons":[],"startAt":1756324169518,"status":"passed","title":"should display status badges with correct styling"}],"endTime":1756324169551,"message":"","name":"/Users/jeremywatt/Desktop/marketer-gen-nextjs/__tests__/components/features/campaigns/CampaignDataTable.test.tsx","startTime":1756324167016,"status":"focused","summary":""},{"assertionResults":[{"ancestorTitles":["BrandAssetLibrary","Basic Rendering"],"duration":81,"failing":false,"failureDetails":[],"failureMessages":[],"fullName":"BrandAssetLibrary Basic Rendering should render the brand asset library with header","invocations":1,"location":null,"numPassingAsserts":2,"retryReasons":[],"startAt":1756324166667,"status":"passed","title":"should render the brand asset library with header"},{"ancestorTitles":["BrandAssetLibrary","Basic Rendering"],"duration":66,"failing":false,"failureDetails":[],"failureMessages":[],"fullName":"BrandAssetLibrary Basic Rendering should render all assets in grid view by default","invocations":1,"location":null,"numPassingAsserts":4,"retryReasons":[],"startAt":1756324166748,"status":"passed","title":"should render all assets in grid view by default"},{"ancestorTitles":["BrandAssetLibrary","Basic Rendering"],"duration":1,"failing":false,"failureDetails":[],"failureMessages":[],"fullName":"BrandAssetLibrary Basic Rendering should show loading state when isLoading is true","invocations":1,"location":null,"numPassingAsserts":2,"retryReasons":[],"startAt":1756324166814,"status":"passed","title":"should show loading state when isLoading is true"},{"ancestorTitles":["BrandAssetLibrary","Basic Rendering"],"duration":70,"failing":false,"failureDetails":[],"failureMessages":[],"fullName":"BrandAssetLibrary Basic Rendering should show upload button when onUpload callback is provided","invocations":1,"location":null,"numPassingAsserts":1,"retryReasons":[],"startAt":1756324166815,"status":"passed","title":"should show upload button when onUpload callback is provided"},{"ancestorTitles":["BrandAssetLibrary","Basic Rendering"],"duration":57,"failing":false,"failureDetails":[],"failureMessages":[],"fullName":"BrandAssetLibrary Basic Rendering should not show upload button when onUpload callback is not provided","invocations":1,"location":null,"numPassingAsserts":1,"retryReasons":[],"startAt":1756324166885,"status":"passed","title":"should not show upload button when onUpload callback is not provided"},{"ancestorTitles":["BrandAssetLibrary","View Mode Toggle"],"duration":206,"failing":false,"failureDetails":[],"failureMessages":[],"fullName":"BrandAssetLibrary View Mode Toggle should switch between grid and list views","invocations":1,"location":null,"numPassingAsserts":5,"retryReasons":[],"startAt":1756324166942,"status":"passed","title":"should switch between grid and list views"},{"ancestorTitles":["BrandAssetLibrary","Search Functionality"],"duration":264,"failing":false,"failureDetails":[],"failureMessages":[],"fullName":"BrandAssetLibrary Search Functionality should filter assets based on search query","invocations":1,"location":null,"numPassingAsserts":4,"retryReasons":[],"startAt":1756324167148,"status":"passed","title":"should filter assets based on search query"},{"ancestorTitles":["BrandAssetLibrary","Search Functionality"],"duration":353,"failing":false,"failureDetails":[],"failureMessages":[],"fullName":"BrandAssetLibrary Search Functionality should search by description","invocations":1,"location":null,"numPassingAsserts":3,"retryReasons":[],"startAt":1756324167412,"status":"passed","title":"should search by description"},{"ancestorTitles":["BrandAssetLibrary","Search Functionality"],"duration":229,"failing":false,"failureDetails":[],"failureMessages":[],"fullName":"BrandAssetLibrary Search Functionality should search by tags","invocations":1,"location":null,"numPassingAsserts":3,"retryReasons":[],"startAt":1756324167765,"status":"passed","title":"should search by tags"},{"ancestorTitles":["BrandAssetLibrary","Search Functionality"],"duration":122,"failing":false,"failureDetails":[],"failureMessages":[],"fullName":"BrandAssetLibrary Search Functionality should show no results message when search returns empty","invocations":1,"location":null,"numPassingAsserts":2,"retryReasons":[],"startAt":1756324167994,"status":"passed","title":"should show no results message when search returns empty"},{"ancestorTitles":["BrandAssetLibrary","Type Filtering"],"duration":147,"failing":false,"failureDetails":[],"failureMessages":[],"fullName":"BrandAssetLibrary Type Filtering should filter assets by type","invocations":1,"location":null,"numPassingAsserts":4,"retryReasons":[],"startAt":1756324168117,"status":"passed","title":"should filter assets by type"},{"ancestorTitles":["BrandAssetLibrary","Category Filtering"],"duration":58,"failing":false,"failureDetails":[],"failureMessages":[],"fullName":"BrandAssetLibrary Category Filtering should show category filter when categories exist","invocations":1,"location":null,"numPassingAsserts":1,"retryReasons":[],"startAt":1756324168264,"status":"passed","title":"should show category filter when categories exist"},{"ancestorTitles":["BrandAssetLibrary","Category Filtering"],"duration":103,"failing":false,"failureDetails":[],"failureMessages":[],"fullName":"BrandAssetLibrary Category Filtering should filter assets by category","invocations":1,"location":null,"numPassingAsserts":4,"retryReasons":[],"startAt":1756324168322,"status":"passed","title":"should filter assets by category"},{"ancestorTitles":["BrandAssetLibrary","Sorting"],"duration":93,"failing":false,"failureDetails":[],"failureMessages":[],"fullName":"BrandAssetLibrary Sorting should sort by name ascending when name sort is clicked","invocations":1,"location":null,"numPassingAsserts":3,"retryReasons":[],"startAt":1756324168426,"status":"passed","title":"should sort by name ascending when name sort is clicked"},{"ancestorTitles":["BrandAssetLibrary","Asset Actions"],"duration":49,"failing":false,"failureDetails":[],"failureMessages":[],"fullName":"BrandAssetLibrary Asset Actions should call onUpload when upload button is clicked","invocations":1,"location":null,"numPassingAsserts":1,"retryReasons":[],"startAt":1756324168519,"status":"passed","title":"should call onUpload when upload button is clicked"},{"ancestorTitles":["BrandAssetLibrary","Asset Actions"],"duration":197,"failing":false,"failureDetails":[],"failureMessages":[],"fullName":"BrandAssetLibrary Asset Actions should call onEdit when edit action is clicked","invocations":1,"location":null,"numPassingAsserts":1,"retryReasons":[],"startAt":1756324168568,"status":"passed","title":"should call onEdit when edit action is clicked"},{"ancestorTitles":["BrandAssetLibrary","Asset Actions"],"duration":159,"failing":false,"failureDetails":[],"failureMessages":[],"fullName":"BrandAssetLibrary Asset Actions should call onDelete when delete action is clicked","invocations":1,"location":null,"numPassingAsserts":1,"retryReasons":[],"startAt":1756324168765,"status":"passed","title":"should call onDelete when delete action is clicked"},{"ancestorTitles":["BrandAssetLibrary","Asset Actions"],"duration":150,"failing":false,"failureDetails":[],"failureMessages":[],"fullName":"BrandAssetLibrary Asset Actions should call onDownload when download action is clicked","invocations":1,"location":null,"numPassingAsserts":1,"retryReasons":[],"startAt":1756324168924,"status":"passed","title":"should call onDownload when download action is clicked"},{"ancestorTitles":["BrandAssetLibrary","Asset Preview"],"duration":149,"failing":false,"failureDetails":[],"failureMessages":[],"fullName":"BrandAssetLibrary Asset Preview should open preview modal when asset is clicked","invocations":1,"location":null,"numPassingAsserts":3,"retryReasons":[],"startAt":1756324169074,"status":"passed","title":"should open preview modal when asset is clicked"},{"ancestorTitles":["BrandAssetLibrary","Asset Preview"],"duration":109,"failing":false,"failureDetails":[],"failureMessages":[],"fullName":"BrandAssetLibrary Asset Preview should show asset metadata in preview modal","invocations":1,"location":null,"numPassingAsserts":5,"retryReasons":[],"startAt":1756324169223,"status":"passed","title":"should show asset metadata in preview modal"},{"ancestorTitles":["BrandAssetLibrary","Asset Preview"],"duration":105,"failing":false,"failureDetails":[],"failureMessages":[],"fullName":"BrandAssetLibrary Asset Preview should close preview modal when close button is clicked","invocations":1,"location":null,"numPassingAsserts":2,"retryReasons":[],"startAt":1756324169332,"status":"passed","title":"should close preview modal when close button is clicked"},{"ancestorTitles":["BrandAssetLibrary","Empty State"],"duration":29,"failing":false,"failureDetails":[],"failureMessages":[],"fullName":"BrandAssetLibrary Empty State should show empty state when no assets are provided","invocations":1,"location":null,"numPassingAsserts":2,"retryReasons":[],"startAt":1756324169437,"status":"passed","title":"should show empty state when no assets are provided"},{"ancestorTitles":["BrandAssetLibrary","Empty State"],"duration":12,"failing":false,"failureDetails":[],"failureMessages":[],"fullName":"BrandAssetLibrary Empty State should show upload button in empty state when callback is provided","invocations":1,"location":null,"numPassingAsserts":1,"retryReasons":[],"startAt":1756324169466,"status":"passed","title":"should show uploa
[...]
t complex color patterns from real content","invocations":1,"location":null,"numPassingAsserts":1,"retryReasons":[],"startAt":1756324164679,"status":"passed","title":"should extract complex color patterns from real content"},{"ancestorTitles":["Document Parser Integration Tests","Pattern Recognition Integration"],"duration":1,"failing":false,"failureDetails":[],"failureMessages":[],"fullName":"Document Parser Integration Tests Pattern Recognition Integration should extract font families with various formats","invocations":1,"location":null,"numPassingAsserts":1,"retryReasons":[],"startAt":1756324164684,"status":"passed","title":"should extract font families with various formats"},{"ancestorTitles":["Document Parser Integration Tests","Pattern Recognition Integration"],"duration":1,"failing":false,"failureDetails":[],"failureMessages":[],"fullName":"Document Parser Integration Tests Pattern Recognition Integration should analyze voice and tone attributes","invocations":1,"location":null,"numPassingAsserts":2,"retryReasons":[],"startAt":1756324164685,"status":"passed","title":"should analyze voice and tone attributes"},{"ancestorTitles":["Document Parser Integration Tests","Database Integration"],"duration":1,"failing":false,"failureDetails":[],"failureMessages":[],"fullName":"Document Parser Integration Tests Database Integration should update asset metadata after successful parsing","invocations":1,"location":null,"numPassingAsserts":1,"retryReasons":[],"startAt":1756324164686,"status":"passed","title":"should update asset metadata after successful parsing"},{"ancestorTitles":["Document Parser Integration Tests","Database Integration"],"duration":2,"failing":false,"failureDetails":[],"failureMessages":[],"fullName":"Document Parser Integration Tests Database Integration should handle null metadata gracefully","invocations":1,"location":null,"numPassingAsserts":2,"retryReasons":[],"startAt":1756324164687,"status":"passed","title":"should handle null metadata gracefully"},{"ancestorTitles":["Document Parser Integration Tests","Error Handling and Resilience"],"duration":105,"failing":false,"failureDetails":[],"failureMessages":[],"fullName":"Document Parser Integration Tests Error Handling and Resilience should handle network timeout gracefully","invocations":1,"location":null,"numPassingAsserts":3,"retryReasons":[],"startAt":1756324164690,"status":"passed","title":"should handle network timeout gracefully"},{"ancestorTitles":["Document Parser Integration Tests","Error Handling and Resilience"],"duration":1,"failing":false,"failureDetails":[],"failureMessages":[],"fullName":"Document Parser Integration Tests Error Handling and Resilience should handle corrupted file gracefully","invocations":1,"location":null,"numPassingAsserts":2,"retryReasons":[],"startAt":1756324164795,"status":"passed","title":"should handle corrupted file gracefully"},{"ancestorTitles":["Document Parser Integration Tests","Error Handling and Resilience"],"duration":2,"failing":false,"failureDetails":[],"failureMessages":[],"fullName":"Document Parser Integration Tests Error Handling and Resilience should handle database errors during metadata update","invocations":1,"location":null,"numPassingAsserts":1,"retryReasons":[],"startAt":1756324164796,"status":"passed","title":"should handle database errors during metadata update"},{"ancestorTitles":["Document Parser Integration Tests","Performance and Memory Management"],"duration":11235,"failing":false,"failureDetails":[],"failureMessages":[],"fullName":"Document Parser Integration Tests Performance and Memory Management should handle large text extraction efficiently","invocations":1,"location":null,"numPassingAsserts":2,"retryReasons":[],"startAt":1756324164798,"status":"passed","title":"should handle large text extraction efficiently"}],"endTime":1756324176037,"message":"","name":"/Users/jeremywatt/Desktop/marketer-gen-nextjs/__tests__/api/brands/document-parser-integration.test.ts","startTime":1756324164195,"status":"passed","summary":""},{"assertionResults":[{"ancestorTitles":["Brand Guidelines Processing End-to-End","Complete Processing Workflow"],"duration":14,"failing":false,"failureDetails":[],"failureMessages":[],"fullName":"Brand Guidelines Processing End-to-End Complete Processing Workflow should process comprehensive brand guidelines through the entire pipeline","invocations":1,"location":null,"numPassingAsserts":44,"retryReasons":[],"startAt":1756324164580,"status":"passed","title":"should process comprehensive brand guidelines through the entire pipeline"},{"ancestorTitles":["Brand Guidelines Processing End-to-End","Complete Processing Workflow"],"duration":2,"failing":false,"failureDetails":[],"failureMessages":[],"fullName":"Brand Guidelines Processing End-to-End Complete Processing Workflow should handle selective extraction settings","invocations":1,"location":null,"numPassingAsserts":8,"retryReasons":[],"startAt":1756324164595,"status":"passed","title":"should handle selective extraction settings"},{"ancestorTitles":["Brand Guidelines Processing End-to-End","Complete Processing Workflow"],"duration":5,"failing":false,"failureDetails":[],"failureMessages":[],"fullName":"Brand Guidelines Processing End-to-End Complete Processing Workflow should provide meaningful confidence scores based on content quality","invocations":1,"location":null,"numPassingAsserts":4,"retryReasons":[],"startAt":1756324164597,"status":"passed","title":"should provide meaningful confidence scores based on content quality"},{"ancestorTitles":["Brand Guidelines Processing End-to-End","Complete Processing Workflow"],"duration":2,"failing":false,"failureDetails":[],"failureMessages":[],"fullName":"Brand Guidelines Processing End-to-End Complete Processing Workflow should generate contextual suggestions for improvement","invocations":1,"location":null,"numPassingAsserts":9,"retryReasons":[],"startAt":1756324164602,"status":"passed","title":"should generate contextual suggestions for improvement"},{"ancestorTitles":["Brand Guidelines Processing End-to-End","Error Handling and Edge Cases"],"duration":1,"failing":false,"failureDetails":[],"failureMessages":[],"fullName":"Brand Guidelines Processing End-to-End Error Handling and Edge Cases should handle parsing errors gracefully","invocations":1,"location":null,"numPassingAsserts":2,"retryReasons":[],"startAt":1756324164605,"status":"passed","title":"should handle parsing errors gracefully"},{"ancestorTitles":["Brand Guidelines Processing End-to-End","Error Handling and Edge Cases"],"duration":11660,"failing":false,"failureDetails":[],"failureMessages":[],"fullName":"Brand Guidelines Processing End-to-End Error Handling and Edge Cases should handle malformed input gracefully","invocations":1,"location":null,"numPassingAsserts":25,"retryReasons":[],"startAt":1756324164606,"status":"passed","title":"should handle malformed input gracefully"},{"ancestorTitles":["Brand Guidelines Processing End-to-End","Error Handling and Edge Cases"],"duration":191,"failing":false,"failureDetails":[],"failureMessages":[],"fullName":"Brand Guidelines Processing End-to-End Error Handling and Edge Cases should maintain performance with large documents","invocations":1,"location":null,"numPassingAsserts":3,"retryReasons":[],"startAt":1756324176266,"status":"passed","title":"should maintain performance with large documents"},{"ancestorTitles":["Brand Guidelines Processing End-to-End","API Integration"],"duration":1,"failing":false,"failureDetails":[],"failureMessages":[],"fullName":"Brand Guidelines Processing End-to-End API Integration should work end-to-end through BrandService API","invocations":1,"location":null,"numPassingAsserts":3,"retryReasons":[],"startAt":1756324176457,"status":"passed","title":"should work end-to-end through BrandService API"}],"endTime":1756324176459,"message":"","name":"/Users/jeremywatt/Desktop/marketer-gen-nextjs/__tests__/integration/brand-guidelines-processing-e2e.test.ts","startTime":1756324164472,"status":"passed","summary":""},{"assertionResults":[{"ancestorTitles":["QueryProvider"],"duration":44,"failing":false,"failureDetails":[],"failureMessages":[],"fullName":"QueryProvider should provide React Query context to children","invocations":1,"location":null,"numPassingAsserts":2,"retryReasons":[],"startAt":1756324164668,"status":"passed","title":"should provide React Query context to children"},{"ancestorTitles":["QueryProvider"],"duration":9,"failing":false,"failureDetails":[],"failureMessages":[],"fullName":"QueryProvider should configure stale time correctly","invocations":1,"location":null,"numPassingAsserts":2,"retryReasons":[],"startAt":1756324164713,"status":"passed","title":"should configure stale time correctly"},{"ancestorTitles":["QueryProvider"],"duration":6,"failing":false,"failureDetails":[],"failureMessages":[],"fullName":"QueryProvider should not retry on 4xx client errors for queries","invocations":1,"location":null,"numPassingAsserts":2,"retryReasons":[],"startAt":1756324164722,"status":"passed","title":"should not retry on 4xx client errors for queries"},{"ancestorTitles":["QueryProvider"],"duration":7013,"failing":false,"failureDetails":[],"failureMessages":[],"fullName":"QueryProvider should retry on 5xx server errors for queries","invocations":1,"location":null,"numPassingAsserts":2,"retryReasons":[],"startAt":1756324164728,"status":"passed","title":"should retry on 5xx server errors for queries"},{"ancestorTitles":["QueryProvider"],"duration":17,"failing":false,"failureDetails":[],"failureMessages":[],"fullName":"QueryProvider should not retry mutations on 4xx client errors","invocations":1,"location":null,"numPassingAsserts":2,"retryReasons":[],"startAt":1756324171741,"status":"passed","title":"should not retry mutations on 4xx client errors"},{"ancestorTitles":["QueryProvider"],"duration":1015,"failing":false,"failureDetails":[],"failureMessages":[],"fullName":"QueryProvider should retry mutations once on 5xx server errors","invocations":1,"location":null,"numPassingAsserts":2,"retryReasons":[],"startAt":1756324171758,"status":"passed","title":"should retry mutations once on 5xx server errors"},{"ancestorTitles":["QueryProvider"],"duration":512,"failing":false,"failureDetails":[],"failureMessages":[],"fullName":"QueryProvider should handle successful mutations","invocations":1,"location":null,"numPassingAsserts":2,"retryReasons":[],"startAt":1756324172773,"status":"passed","title":"should handle successful mutations"},{"ancestorTitles":["QueryProvider"],"duration":2,"failing":false,"failureDetails":[],"failureMessages":[],"fullName":"QueryProvider should render children without query usage","invocations":1,"location":null,"numPassingAsserts":1,"retryReasons":[],"startAt":1756324173285,"status":"passed","title":"should render children without query usage"},{"ancestorTitles":["QueryProvider"],"duration":7015,"failing":false,"failureDetails":[],"failureMessages":[],"fullName":"QueryProvider should use exponential backoff for retry delays","invocations":1,"location":null,"numPassingAsserts":2,"retryReasons":[],"startAt":1756324173287,"status":"passed","title":"should use exponential backoff for retry delays"},{"ancestorTitles":["QueryProvider"],"duration":8,"failing":false,"failureDetails":[],"failureMessages":[],"fullName":"QueryProvider should create stable query client instance","invocations":1,"location":null,"numPassingAsserts":3,"retryReasons":[],"startAt":1756324180303,"status":"passed","title":"should create stable query client instance"}],"endTime":1756324180316,"message":"","name":"/Users/jeremywatt/Desktop/marketer-gen-nextjs/__tests__/lib/providers/query-provider.test.tsx","startTime":1756324164172,"status":"passed","summary":""},{"assertionResults":[{"ancestorTitles":["Shadcn UI Build Integration","Build Process"],"duration":28202,"failing":false,"failureDetails":[],"failureMessages":[],"fullName":"Shadcn UI Build Integration Build Process builds successfully with shadcn components","invocations":1,"location":null,"numPassingAsserts":1,"retryReasons":[],"startAt":1756324164500,"status":"passed","title":"builds successfully with shadcn components"},{"ancestorTitles":["Shadcn UI Build Integration","Build Process"],"duration":2,"failing":false,"failureDetails":[],"failureMessages":[],"fullName":"Shadcn UI Build Integration Build Process generates expected build artifacts","invocations":1,"location":null,"numPassingAsserts":2,"retryReasons":[],"startAt":1756324192703,"status":"passed","title":"generates expected build artifacts"},{"ancestorTitles":["Shadcn UI Build Integration","Build Process"],"duration":1,"failing":false,"failureDetails":[],"failureMessages":[],"fullName":"Shadcn UI Build Integration Build Process includes shadcn CSS variables in built CSS","invocations":1,"location":null,"numPassingAsserts":4,"retryReasons":[],"startAt":1756324192705,"status":"passed","title":"includes shadcn CSS variables in built CSS"},{"ancestorTitles":["Shadcn UI Build Integration","Build Process"],"duration":0,"failing":false,"failureDetails":[],"failureMessages":[],"fullName":"Shadcn UI Build Integration Build Process TypeScript compilation succeeds","invocations":1,"location":null,"numPassingAsserts":1,"retryReasons":[],"startAt":1756324192706,"status":"passed","title":"TypeScript compilation succeeds"},{"ancestorTitles":["Shadcn UI Build Integration","Build Process"],"duration":2141,"failing":false,"failureDetails":[],"failureMessages":[],"fullName":"Shadcn UI Build Integration Build Process ESLint passes without errors (warnings allowed)","invocations":1,"location":null,"numPassingAsserts":1,"retryReasons":[],"startAt":1756324192706,"status":"passed","title":"ESLint passes without errors (warnings allowed)"},{"ancestorTitles":["Shadcn UI Build Integration","Bundle Analysis"],"duration":2,"failing":false,"failureDetails":[],"failureMessages":[],"fullName":"Shadcn UI Build Integration Bundle Analysis components.json is valid JSON","invocations":1,"location":null,"numPassingAsserts":7,"retryReasons":[],"startAt":1756324194847,"status":"passed","title":"components.json is valid JSON"},{"ancestorTitles":["Shadcn UI Build Integration","Bundle Analysis"],"duration":1,"failing":false,"failureDetails":[],"failureMessages":[],"fullName":"Shadcn UI Build Integration Bundle Analysis all shadcn component files exist","invocations":1,"location":null,"numPassingAsserts":13,"retryReasons":[],"startAt":1756324194849,"status":"passed","title":"all shadcn component files exist"},{"ancestorTitles":["Shadcn UI Build Integration","Bundle Analysis"],"duration":6,"failing":false,"failureDetails":[],"failureMessages":[],"fullName":"Shadcn UI Build Integration Bundle Analysis utils file exports cn function","invocations":1,"location":null,"numPassingAsserts":4,"retryReasons":[],"startAt":1756324194850,"status":"passed","title":"utils file exports cn function"},{"ancestorTitles":["Shadcn UI Build Integration","Bundle Analysis"],"duration":1,"failing":false,"failureDetails":[],"failureMessages":[],"fullName":"Shadcn UI Build Integration Bundle Analysis package.json includes required dependencies","invocations":1,"location":null,"numPassingAsserts":5,"retryReasons":[],"startAt":1756324194856,"status":"passed","title":"package.json includes required dependencies"},{"ancestorTitles":["Shadcn UI Build Integration","Build Output Analysis"],"duration":2,"failing":false,"failureDetails":[],"failureMessages":[],"fullName":"Shadcn UI Build Integration Build Output Analysis build produces optimized CSS","invocations":1,"location":null,"numPassingAsserts":2,"retryReasons":[],"startAt":1756324194857,"status":"passed","title":"build produces optimized CSS"},{"ancestorTitles":["Shadcn UI Build Integration","Build Output Analysis"],"duration":1,"failing":false,"failureDetails":[],"failureMessages":[],"fullName":"Shadcn UI Build Integration Build Output Analysis build includes all component styles","invocations":1,"location":null,"numPassingAsserts":1,"retryReasons":[],"startAt":1756324194859,"status":"passed","title":"build includes all component styles"},{"ancestorTitles":["Shadcn UI Build Integration","Build Output Analysis"],"duration":1,"failing":false,"failureDetails":[],"failureMessages":[],"fullName":"Shadcn UI Build Integration Build Output Analysis verifies Tailwind CSS integration","invocations":1,"location":null,"numPassingAsserts":7,"retryReasons":[],"startAt":1756324194860,"status":"passed","title":"verifies Tailwind CSS integration"},{"ancestorTitles":["Shadcn UI Build Integration","Development vs Production Builds"],"duration":0,"failing":false,"failureDetails":[],"failureMessages":[],"fullName":"Shadcn UI Build Integration Development vs Production Builds development build includes source maps","invocations":1,"location":null,"numPassingAsserts":2,"retryReasons":[],"startAt":1756324194861,"status":"passed","title":"development build includes source maps"},{"ancestorTitles":["Shadcn UI Build Integration","Development vs Production Builds"],"duration":0,"failing":false,"failureDetails":[],"failureMessages":[],"fullName":"Shadcn UI Build Integration Development vs Production Builds production build is optimized","invocations":1,"location":null,"numPassingAsserts":1,"retryReasons":[],"startAt":1756324194861,"status":"passed","title":"production build is optimized"},{"ancestorTitles":["Shadcn UI Build Integration","Component Import Analysis"],"duration":4,"failing":false,"failureDetails":[],"failureMessages":[],"fullName":"Shadcn UI Build Integration Component Import Analysis all shadcn components can be imported without errors","invocations":1,"location":null,"numPassingAsserts":81,"retryReasons":[],"startAt":1756324194861,"status":"passed","title":"all shadcn components can be imported without errors"},{"ancestorTitles":["Shadcn UI Build Integration","Component Import Analysis"],"duration":3,"failing":false,"failureDetails":[],"failureMessages":[],"fullName":"Shadcn UI Build Integration Component Import Analysis components follow consistent patterns","invocations":1,"location":null,"numPassingAsserts":54,"retryReasons":[],"startAt":1756324194865,"status":"passed","title":"components follow consistent patterns"},{"ancestorTitles":["Shadcn UI Build Integration","Performance Checks"],"duration":0,"failing":false,"failureDetails":[],"failureMessages":[],"fullName":"Shadcn UI Build Integration Performance Checks build completes within reasonable time","invocations":1,"location":null,"numPassingAsserts":2,"retryReasons":[],"startAt":1756324194868,"status":"passed","title":"build completes within reasonable time"},{"ancestorTitles":["Shadcn UI Build Integration","Performance Checks"],"duration":3,"failing":false,"failureDetails":[],"failureMessages":[],"fullName":"Shadcn UI Build Integration Performance Checks bundle size is reasonable","invocations":1,"location":null,"numPassingAsserts":1,"retryReasons":[],"startAt":1756324194868,"status":"passed","title":"bundle size is reasonable"},{"ancestorTitles":["Shadcn UI Build Integration","Error Handling"],"duration":0,"failing":false,"failureDetails":[],"failureMessages":[],"fullName":"Shadcn UI Build Integration Error Handling handles missing dependencies gracefully","invocations":1,"location":null,"numPassingAsserts":6,"retryReasons":[],"startAt":1756324194871,"status":"passed","title":"handles missing dependencies gracefully"},{"ancestorTitles":["Shadcn UI Build Integration","Error Handling"],"duration":0,"failing":false,"failureDetails":[],"failureMessages":[],"fullName":"Shadcn UI Build Integration Error Handling handles malformed component imports","invocations":1,"location":null,"numPassingAsserts":6,"retryReasons":[],"startAt":1756324194871,"status":"passed","title":"handles malformed component imports"}],"endTime":1756324194872,"message":"","name":"/Users/jeremywatt/Desktop/marketer-gen-nextjs/__tests__/build/shadcn-bundle.test.ts","startTime":1756324164196,"status":"passed","summary":""}],"wasInterrupted":false}
