<testsuites id="" name="" tests="2" failures="2" skipped="0" errors="0" time="37.70213699999999">
<testsuite name="ValidationTest.test.ts" timestamp="2025-08-03T18:44:09.574Z" hostname="firefox-desktop" tests="2" failures="2" skipped="0" time="70.15" errors="0">
<testcase name="Cross-Browser Setup Validation › basic browser functionality test" classname="ValidationTest.test.ts" time="35.064">
<failure message="ValidationTest.test.ts:5:7 basic browser functionality test" type="FAILURE">
<![CDATA[  [firefox-desktop] › ValidationTest.test.ts:5:7 › Cross-Browser Setup Validation › basic browser functionality test 

    Test timeout of 30000ms exceeded.

    Error: page.goto: Test timeout of 30000ms exceeded.
    Call log:
      - navigating to "https://example.com/", waiting until "load"


       7 |     
       8 |     // Test basic page navigation
    >  9 |     await page.goto('https://example.com');
         |                ^
      10 |     
      11 |     // Verify page loads
      12 |     await expect(page).toHaveTitle(/Example Domain/);
        at /Users/jeremywatt/Desktop/marketer-gen/test/javascript/visual/ValidationTest.test.ts:9:16

    attachment #1: screenshot (image/png) ──────────────────────────────────────────────────────────
    ../../../test-results/ValidationTest-Cross-Brows-731e8--browser-functionality-test-firefox-desktop/test-failed-1.png
    ────────────────────────────────────────────────────────────────────────────────────────────────

    attachment #2: video (video/webm) ──────────────────────────────────────────────────────────────
    ../../../test-results/ValidationTest-Cross-Brows-731e8--browser-functionality-test-firefox-desktop/video.webm
    ────────────────────────────────────────────────────────────────────────────────────────────────
]]>
</failure>
<system-out>
<![CDATA[Testing on firefox

[[ATTACHMENT|../ValidationTest-Cross-Brows-731e8--browser-functionality-test-firefox-desktop/test-failed-1.png]]

[[ATTACHMENT|../ValidationTest-Cross-Brows-731e8--browser-functionality-test-firefox-desktop/video.webm]]
]]>
</system-out>
</testcase>
<testcase name="Cross-Browser Setup Validation › viewport responsiveness test" classname="ValidationTest.test.ts" time="35.086">
<failure message="ValidationTest.test.ts:24:7 viewport responsiveness test" type="FAILURE">
<![CDATA[  [firefox-desktop] › ValidationTest.test.ts:24:7 › Cross-Browser Setup Validation › viewport responsiveness test 

    Test timeout of 30000ms exceeded.

    Error: page.goto: Test timeout of 30000ms exceeded.
    Call log:
      - navigating to "https://example.com/", waiting until "load"


      23 |   
      24 |   test('viewport responsiveness test', async ({ page, browserName }) => {
    > 25 |     await page.goto('https://example.com');
         |                ^
      26 |     
      27 |     // Test different viewport sizes
      28 |     const viewports = [
        at /Users/jeremywatt/Desktop/marketer-gen/test/javascript/visual/ValidationTest.test.ts:25:16

    attachment #1: screenshot (image/png) ──────────────────────────────────────────────────────────
    ../../../test-results/ValidationTest-Cross-Brows-98df1-iewport-responsiveness-test-firefox-desktop/test-failed-1.png
    ────────────────────────────────────────────────────────────────────────────────────────────────

    attachment #2: video (video/webm) ──────────────────────────────────────────────────────────────
    ../../../test-results/ValidationTest-Cross-Brows-98df1-iewport-responsiveness-test-firefox-desktop/video.webm
    ────────────────────────────────────────────────────────────────────────────────────────────────
]]>
</failure>
<system-out>
<![CDATA[
[[ATTACHMENT|../ValidationTest-Cross-Brows-98df1-iewport-responsiveness-test-firefox-desktop/test-failed-1.png]]

[[ATTACHMENT|../ValidationTest-Cross-Brows-98df1-iewport-responsiveness-test-firefox-desktop/video.webm]]
]]>
</system-out>
</testcase>
</testsuite>
</testsuites>