TN:
SF:app/javascript/application.js
FNF:0
FNH:0
LF:0
LH:0
BRF:0
BRH:0
end_of_record
TN:
SF:app/javascript/campaign_intake_app.tsx
FN:24,(anonymous_0)
FN:59,(anonymous_1)
FNF:2
FNH:0
FNDA:0,(anonymous_0)
FNDA:0,(anonymous_1)
DA:8,0
DA:24,0
DA:25,0
DA:59,0
DA:60,0
DA:61,0
DA:62,0
DA:63,0
DA:64,0
DA:67,0
DA:68,0
DA:73,0
LF:12
LH:0
BRDA:59,0,0,0
BRDA:61,1,0,0
BRDA:61,1,1,0
BRF:3
BRH:0
end_of_record
TN:
SF:app/javascript/collaboration_integration_example.js
FN:269,(anonymous_0)
FN:277,(anonymous_1)
FN:286,(anonymous_2)
FNF:3
FNH:0
FNDA:0,(anonymous_0)
FNDA:0,(anonymous_1)
FNDA:0,(anonymous_2)
DA:270,0
DA:271,0
DA:272,0
DA:273,0
DA:278,0
DA:279,0
DA:280,0
DA:281,0
DA:282,0
DA:287,0
DA:288,0
DA:289,0
DA:290,0
LF:13
LH:0
BRDA:271,0,0,0
BRDA:271,0,1,0
BRDA:279,1,0,0
BRDA:279,1,1,0
BRDA:288,2,0,0
BRDA:288,2,1,0
BRF:6
BRH:0
end_of_record
TN:
SF:app/javascript/journey_builder.js
FN:5,(anonymous_0)
FN:17,(anonymous_1)
FN:26,(anonymous_2)
FN:29,(anonymous_3)
FN:41,(anonymous_4)
FN:51,(anonymous_5)
FN:58,(anonymous_6)
FN:63,(anonymous_7)
FN:68,(anonymous_8)
FN:75,(anonymous_9)
FN:95,(anonymous_10)
FN:115,(anonymous_11)
FN:172,(anonymous_12)
FN:173,(anonymous_13)
FN:181,(anonymous_14)
FN:183,(anonymous_15)
FN:193,(anonymous_16)
FN:205,(anonymous_17)
FN:216,(anonymous_18)
FN:236,(anonymous_19)
FN:243,(anonymous_20)
FN:249,(anonymous_21)
FN:260,(anonymous_22)
FN:268,(anonymous_23)
FN:287,(anonymous_24)
FN:298,(anonymous_25)
FN:314,(anonymous_26)
FN:338,(anonymous_27)
FN:349,(anonymous_28)
FN:358,(anonymous_29)
FN:367,(anonymous_30)
FN:371,(anonymous_31)
FN:382,(anonymous_32)
FN:400,(anonymous_33)
FN:438,(anonymous_34)
FN:445,(anonymous_35)
FN:447,(anonymous_36)
FN:461,(anonymous_37)
FN:472,(anonymous_38)
FNF:39
FNH:0
FNDA:0,(anonymous_0)
FNDA:0,(anonymous_1)
FNDA:0,(anonymous_2)
FNDA:0,(anonymous_3)
FNDA:0,(anonymous_4)
FNDA:0,(anonymous_5)
FNDA:0,(anonymous_6)
FNDA:0,(anonymous_7)
FNDA:0,(anonymous_8)
FNDA:0,(anonymous_9)
FNDA:0,(anonymous_10)
FNDA:0,(anonymous_11)
FNDA:0,(anonymous_12)
FNDA:0,(anonymous_13)
FNDA:0,(anonymous_14)
FNDA:0,(anonymous_15)
FNDA:0,(anonymous_16)
FNDA:0,(anonymous_17)
FNDA:0,(anonymous_18)
FNDA:0,(anonymous_19)
FNDA:0,(anonymous_20)
FNDA:0,(anonymous_21)
FNDA:0,(anonymous_22)
FNDA:0,(anonymous_23)
FNDA:0,(anonymous_24)
FNDA:0,(anonymous_25)
FNDA:0,(anonymous_26)
FNDA:0,(anonymous_27)
FNDA:0,(anonymous_28)
FNDA:0,(anonymous_29)
FNDA:0,(anonymous_30)
FNDA:0,(anonymous_31)
FNDA:0,(anonymous_32)
FNDA:0,(anonymous_33)
FNDA:0,(anonymous_34)
FNDA:0,(anonymous_35)
FNDA:0,(anonymous_36)
FNDA:0,(anonymous_37)
FNDA:0,(anonymous_38)
DA:6,0
DA:7,0
DA:8,0
DA:9,0
DA:10,0
DA:11,0
DA:12,0
DA:14,0
DA:18,0
DA:19,0
DA:20,0
DA:21,0
DA:22,0
DA:28,0
DA:29,0
DA:30,0
DA:31,0
DA:35,0
DA:36,0
DA:37,0
DA:38,0
DA:42,0
DA:43,0
DA:44,0
DA:47,0
DA:48,0
DA:53,0
DA:54,0
DA:55,0
DA:59,0
DA:60,0
DA:64,0
DA:65,0
DA:70,0
DA:71,0
DA:76,0
DA:77,0
DA:79,0
DA:82,0
DA:83,0
DA:84,0
DA:87,0
DA:96,0
DA:97,0
DA:99,0
DA:100,0
DA:110,0
DA:112,0
DA:116,0
DA:117,0
DA:118,0
DA:119,0
DA:120,0
DA:121,0
DA:123,0
DA:130,0
DA:131,0
DA:133,0
DA:164,0
DA:165,0
DA:166,0
DA:168,0
DA:173,0
DA:175,0
DA:176,0
DA:183,0
DA:184,0
DA:185,0
DA:186,0
DA:187,0
DA:195,0
DA:197,0
DA:198,0
DA:200,0
DA:201,0
DA:202,0
DA:206,0
DA:207,0
DA:208,0
DA:209,0
DA:211,0
DA:212,0
DA:217,0
DA:218,0
DA:221,0
DA:224,0
DA:227,0
DA:230,0
DA:231,0
DA:237,0
DA:238,0
DA:239,0
DA:242,0
DA:243,0
DA:244,0
DA:250,0
DA:251,0
DA:253,0
DA:254,0
DA:255,0
DA:256,0
DA:261,0
DA:262,0
DA:264,0
DA:265,0
DA:269,0
DA:270,0
DA:273,0
DA:274,0
DA:275,0
DA:276,0
DA:278,0
DA:279,0
DA:280,0
DA:281,0
DA:284,0
DA:289,0
DA:290,0
DA:292,0
DA:293,0
DA:294,0
DA:299,0
DA:301,0
DA:302,0
DA:304,0
DA:305,0
DA:308,0
DA:311,0
DA:315,0
DA:317,0
DA:318,0
DA:320,0
DA:321,0
DA:323,0
DA:324,0
DA:325,0
DA:327,0
DA:328,0
DA:330,0
DA:331,0
DA:333,0
DA:334,0
DA:339,0
DA:340,0
DA:341,0
DA:343,0
DA:344,0
DA:345,0
DA:350,0
DA:351,0
DA:353,0
DA:354,0
DA:355,0
DA:359,0
DA:360,0
DA:361,0
DA:363,0
DA:368,0
DA:372,0
DA:379,0
DA:383,0
DA:397,0
DA:401,0
DA:430,0
DA:441,0
DA:446,0
DA:447,0
DA:457,0
DA:463,0
DA:464,0
DA:465,0
DA:472,0
DA:473,0
DA:474,0
DA:479,0
DA:480,0
LF:176
LH:0
BRDA:70,0,0,0
BRDA:70,0,1,0
BRDA:79,1,0,0
BRDA:79,1,1,0
BRDA:130,2,0,0
BRDA:130,2,1,0
BRDA:175,3,0,0
BRDA:175,3,1,0
BRDA:175,4,0,0
BRDA:175,4,1,0
BRDA:185,5,0,0
BRDA:185,5,1,0
BRDA:185,6,0,0
BRDA:185,6,1,0
BRDA:198,7,0,0
BRDA:198,7,1,0
BRDA:206,8,0,0
BRDA:206,8,1,0
BRDA:208,9,0,0
BRDA:208,9,1,0
BRDA:218,10,0,0
BRDA:218,10,1,0
BRDA:230,11,0,0
BRDA:230,11,1,0
BRDA:238,12,0,0
BRDA:238,12,1,0
BRDA:253,13,0,0
BRDA:253,13,1,0
BRDA:254,14,0,0
BRDA:254,14,1,0
BRDA:264,15,0,0
BRDA:264,15,1,0
BRDA:265,16,0,0
BRDA:265,16,1,0
BRDA:270,17,0,0
BRDA:270,17,1,0
BRDA:278,18,0,0
BRDA:278,18,1,0
BRDA:278,19,0,0
BRDA:278,19,1,0
BRDA:279,20,0,0
BRDA:279,20,1,0
BRDA:279,21,0,0
BRDA:279,21,1,0
BRDA:280,22,0,0
BRDA:280,22,1,0
BRDA:280,23,0,0
BRDA:280,23,1,0
BRDA:281,24,0,0
BRDA:281,24,1,0
BRDA:281,25,0,0
BRDA:281,25,1,0
BRDA:292,26,0,0
BRDA:292,26,1,0
BRDA:292,27,0,0
BRDA:292,27,1,0
BRDA:293,28,0,0
BRDA:293,28,1,0
BRDA:293,29,0,0
BRDA:293,29,1,0
BRDA:294,30,0,0
BRDA:294,30,1,0
BRDA:294,31,0,0
BRDA:294,31,1,0
BRDA:299,32,0,0
BRDA:299,32,1,0
BRDA:302,33,0,0
BRDA:302,33,1,0
BRDA:304,34,0,0
BRDA:304,34,1,0
BRDA:315,35,0,0
BRDA:315,35,1,0
BRDA:315,35,2,0
BRDA:315,35,3,0
BRDA:315,35,4,0
BRDA:315,35,5,0
BRDA:343,36,0,0
BRDA:343,36,1,0
BRDA:344,37,0,0
BRDA:344,37,1,0
BRDA:345,38,0,0
BRDA:345,38,1,0
BRDA:351,39,0,0
BRDA:351,39,1,0
BRDA:360,40,0,0
BRDA:360,40,1,0
BRDA:379,41,0,0
BRDA:379,41,1,0
BRDA:397,42,0,0
BRDA:397,42,1,0
BRDA:430,43,0,0
BRDA:430,43,1,0
BRDA:464,44,0,0
BRDA:464,44,1,0
BRDA:464,45,0,0
BRDA:464,45,1,0
BRDA:473,46,0,0
BRDA:473,46,1,0
BRDA:479,47,0,0
BRDA:479,47,1,0
BRDA:479,48,0,0
BRDA:479,48,1,0
BRF:102
BRH:0
end_of_record
TN:
SF:app/javascript/journey_builder_react.tsx
FN:14,(anonymous_0)
FN:22,(anonymous_1)
FN:28,(anonymous_2)
FN:39,(anonymous_3)
FN:56,(anonymous_4)
FN:77,(anonymous_5)
FNF:6
FNH:0
FNDA:0,(anonymous_0)
FNDA:0,(anonymous_1)
FNDA:0,(anonymous_2)
FNDA:0,(anonymous_3)
FNDA:0,(anonymous_4)
FNDA:0,(anonymous_5)
DA:14,0
DA:18,0
DA:19,0
DA:22,0
DA:23,0
DA:24,0
DA:28,0
DA:29,0
DA:30,0
DA:32,0
DA:34,0
DA:39,0
DA:40,0
DA:43,0
DA:56,0
DA:77,0
DA:78,0
DA:79,0
DA:80,0
DA:83,0
DA:84,0
DA:85,0
DA:87,0
LF:23
LH:0
BRDA:23,0,0,0
BRDA:23,0,1,0
BRDA:79,1,0,0
BRDA:79,1,1,0
BRDA:85,2,0,0
BRDA:85,2,1,0
BRF:6
BRH:0
end_of_record
TN:
SF:app/javascript/rails_admin.js
FNF:0
FNH:0
LF:0
LH:0
BRF:0
BRH:0
end_of_record
TN:
SF:app/javascript/components/AISuggestionsPanel.tsx
FN:6,(anonymous_0)
FN:21,(anonymous_1)
FN:24,(anonymous_2)
FN:27,(anonymous_3)
FN:43,(anonymous_4)
FN:55,(anonymous_5)
FN:73,(anonymous_6)
FN:86,(anonymous_7)
FN:92,(anonymous_8)
FN:99,(anonymous_9)
FN:114,(anonymous_10)
FN:135,(anonymous_11)
FN:157,(anonymous_12)
FN:168,(anonymous_13)
FN:176,(anonymous_14)
FN:208,(anonymous_15)
FN:215,(anonymous_16)
FN:222,(anonymous_17)
FNF:18
FNH:0
FNDA:0,(anonymous_0)
FNDA:0,(anonymous_1)
FNDA:0,(anonymous_2)
FNDA:0,(anonymous_3)
FNDA:0,(anonymous_4)
FNDA:0,(anonymous_5)
FNDA:0,(anonymous_6)
FNDA:0,(anonymous_7)
FNDA:0,(anonymous_8)
FNDA:0,(anonymous_9)
FNDA:0,(anonymous_10)
FNDA:0,(anonymous_11)
FNDA:0,(anonymous_12)
FNDA:0,(anonymous_13)
FNDA:0,(anonymous_14)
FNDA:0,(anonymous_15)
FNDA:0,(anonymous_16)
FNDA:0,(anonymous_17)
DA:6,0
DA:7,0
DA:8,0
DA:9,0
DA:18,0
DA:20,0
DA:21,0
DA:24,0
DA:25,0
DA:27,0
DA:28,0
DA:30,0
DA:39,0
DA:43,0
DA:44,0
DA:45,0
DA:51,0
DA:55,0
DA:56,0
DA:70,0
DA:73,0
DA:74,0
DA:75,0
DA:76,0
DA:79,0
DA:86,0
DA:92,0
DA:99,0
DA:115,0
DA:116,0
DA:135,0
DA:157,0
DA:168,0
DA:177,0
DA:208,0
DA:215,0
DA:222,0
LF:37
LH:0
BRDA:20,0,0,0
BRDA:20,0,1,0
BRDA:25,1,0,0
BRDA:25,1,1,0
BRDA:25,2,0,0
BRDA:25,2,1,0
BRDA:47,3,0,0
BRDA:47,3,1,0
BRDA:48,4,0,0
BRDA:48,4,1,0
BRDA:70,5,0,0
BRDA:70,5,1,0
BRDA:74,6,0,0
BRDA:74,6,1,0
BRDA:75,7,0,0
BRDA:75,7,1,0
BRDA:85,8,0,0
BRDA:85,8,1,0
BRDA:91,9,0,0
BRDA:91,9,1,0
BRDA:96,10,0,0
BRDA:96,10,1,0
BRDA:98,11,0,0
BRDA:98,11,1,0
BRDA:108,12,0,0
BRDA:108,12,1,0
BRDA:127,13,0,0
BRDA:127,13,1,0
BRDA:127,13,2,0
BRDA:147,14,0,0
BRDA:147,14,1,0
BRDA:154,15,0,0
BRDA:154,15,1,0
BRDA:161,16,0,0
BRDA:161,16,1,0
BRDA:161,16,2,0
BRDA:163,17,0,0
BRDA:163,17,1,0
BRDA:166,18,0,0
BRDA:166,18,1,0
BRDA:192,19,0,0
BRDA:192,19,1,0
BRF:42
BRH:0
end_of_record
TN:
SF:app/javascript/components/AccessibilityEnhancements.tsx
FN:13,(anonymous_0)
FN:35,(anonymous_1)
FN:41,(anonymous_2)
FN:48,(anonymous_3)
FN:68,(anonymous_4)
FN:71,(anonymous_5)
FN:75,(anonymous_6)
FN:81,(anonymous_7)
FN:89,(anonymous_8)
FN:112,(anonymous_9)
FN:125,(anonymous_10)
FN:133,(anonymous_11)
FN:134,(anonymous_12)
FN:162,(anonymous_13)
FN:167,(anonymous_14)
FN:170,(anonymous_15)
FN:171,(anonymous_16)
FN:182,(anonymous_17)
FN:191,(anonymous_18)
FN:194,(anonymous_19)
FN:198,(anonymous_20)
FN:203,(anonymous_21)
FN:210,(anonymous_22)
FN:226,(anonymous_23)
FN:294,(anonymous_24)
FN:316,(anonymous_25)
FN:317,(anonymous_26)
FN:318,(anonymous_27)
FN:319,(anonymous_28)
FN:347,(anonymous_29)
FN:356,(anonymous_30)
FN:357,(anonymous_31)
FN:372,(anonymous_32)
FN:381,(anonymous_33)
FN:382,(anonymous_34)
FN:388,(anonymous_35)
FN:403,(anonymous_36)
FN:409,(anonymous_37)
FN:412,(anonymous_38)
FN:413,(anonymous_39)
FN:421,(anonymous_40)
FNF:41
FNH:0
FNDA:0,(anonymous_0)
FNDA:0,(anonymous_1)
FNDA:0,(anonymous_2)
FNDA:0,(anonymous_3)
FNDA:0,(anonymous_4)
FNDA:0,(anonymous_5)
FNDA:0,(anonymous_6)
FNDA:0,(anonymous_7)
FNDA:0,(anonymous_8)
FNDA:0,(anonymous_9)
FNDA:0,(anonymous_10)
FNDA:0,(anonymous_11)
FNDA:0,(anonymous_12)
FNDA:0,(anonymous_13)
FNDA:0,(anonymous_14)
FNDA:0,(anonymous_15)
FNDA:0,(anonymous_16)
FNDA:0,(anonymous_17)
FNDA:0,(anonymous_18)
FNDA:0,(anonymous_19)
FNDA:0,(anonymous_20)
FNDA:0,(anonymous_21)
FNDA:0,(anonymous_22)
FNDA:0,(anonymous_23)
FNDA:0,(anonymous_24)
FNDA:0,(anonymous_25)
FNDA:0,(anonymous_26)
FNDA:0,(anonymous_27)
FNDA:0,(anonymous_28)
FNDA:0,(anonymous_29)
FNDA:0,(anonymous_30)
FNDA:0,(anonymous_31)
FNDA:0,(anonymous_32)
FNDA:0,(anonymous_33)
FNDA:0,(anonymous_34)
FNDA:0,(anonymous_35)
FNDA:0,(anonymous_36)
FNDA:0,(anonymous_37)
FNDA:0,(anonymous_38)
FNDA:0,(anonymous_39)
FNDA:0,(anonymous_40)
DA:13,0
DA:14,0
DA:35,0
DA:36,0
DA:37,0
DA:38,0
DA:41,0
DA:42,0
DA:48,0
DA:49,0
DA:68,0
DA:69,0
DA:71,0
DA:72,0
DA:75,0
DA:76,0
DA:77,0
DA:81,0
DA:82,0
DA:86,0
DA:87,0
DA:89,0
DA:90,0
DA:91,0
DA:92,0
DA:93,0
DA:94,0
DA:97,0
DA:98,0
DA:99,0
DA:104,0
DA:105,0
DA:109,0
DA:110,0
DA:112,0
DA:113,0
DA:117,0
DA:125,0
DA:133,0
DA:134,0
DA:135,0
DA:137,0
DA:138,0
DA:139,0
DA:141,0
DA:142,0
DA:143,0
DA:145,0
DA:146,0
DA:147,0
DA:149,0
DA:150,0
DA:151,0
DA:153,0
DA:154,0
DA:156,0
DA:157,0
DA:161,0
DA:162,0
DA:167,0
DA:168,0
DA:170,0
DA:171,0
DA:173,0
DA:174,0
DA:177,0
DA:179,0
DA:180,0
DA:182,0
DA:183,0
DA:187,0
DA:191,0
DA:192,0
DA:194,0
DA:195,0
DA:196,0
DA:198,0
DA:199,0
DA:202,0
DA:203,0
DA:206,0
DA:210,0
DA:223,0
DA:224,0
DA:226,0
DA:227,0
DA:228,0
DA:229,0
DA:231,0
DA:232,0
DA:233,0
DA:236,0
DA:237,0
DA:239,0
DA:242,0
DA:251,0
DA:253,0
DA:294,0
DA:303,0
DA:304,0
DA:306,0
DA:313,0
DA:316,0
DA:317,0
DA:318,0
DA:319,0
DA:347,0
DA:348,0
DA:356,0
DA:357,0
DA:359,0
DA:360,0
DA:370,0
DA:372,0
DA:373,0
DA:377,0
DA:381,0
DA:382,0
DA:383,0
DA:384,0
DA:385,0
DA:386,0
DA:388,0
DA:389,0
DA:392,0
DA:395,0
DA:396,0
DA:397,0
DA:398,0
DA:400,0
DA:403,0
DA:404,0
DA:405,0
DA:409,0
DA:410,0
DA:412,0
DA:413,0
DA:414,0
DA:415,0
DA:418,0
DA:419,0
DA:421,0
DA:424,0
DA:428,0
LF:144
LH:0
BRDA:35,0,0,0
BRDA:37,1,0,0
BRDA:37,1,1,0
BRDA:76,2,0,0
BRDA:76,2,1,0
BRDA:76,3,0,0
BRDA:76,3,1,0
BRDA:90,4,0,0
BRDA:90,4,1,0
BRDA:91,5,0,0
BRDA:91,5,1,0
BRDA:92,6,0,0
BRDA:92,6,1,0
BRDA:97,7,0,0
BRDA:97,7,1,0
BRDA:104,8,0,0
BRDA:104,8,1,0
BRDA:135,9,0,0
BRDA:135,9,1,0
BRDA:135,9,2,0
BRDA:135,9,3,0
BRDA:135,9,4,0
BRDA:135,9,5,0
BRDA:215,10,0,0
BRDA:227,11,0,0
BRDA:227,11,1,0
BRDA:231,12,0,0
BRDA:231,12,1,0
BRDA:251,13,0,0
BRDA:251,13,1,0
BRDA:297,14,0,0
BRDA:320,15,0,0
BRDA:320,15,1,0
BRDA:325,16,0,0
BRDA:325,16,1,0
BRDA:334,17,0,0
BRDA:334,17,1,0
BRDA:335,18,0,0
BRDA:335,18,1,0
BRDA:336,19,0,0
BRDA:336,19,1,0
BRDA:389,20,0,0
BRDA:389,20,1,0
BRDA:403,21,0,0
BRDA:405,22,0,0
BRDA:405,22,1,0
BRF:46
BRH:0
end_of_record
TN:
SF:app/javascript/components/AdvancedCharts.tsx
FN:95,(anonymous_0)
FN:109,(anonymous_1)
FN:115,(anonymous_2)
FN:131,(anonymous_3)
FN:172,(anonymous_4)
FN:228,(anonymous_5)
FN:238,(anonymous_6)
FN:251,(anonymous_7)
FN:255,(anonymous_8)
FN:259,(anonymous_9)
FN:294,(anonymous_10)
FN:322,(anonymous_11)
FN:343,(anonymous_12)
FN:352,(anonymous_13)
FN:360,(anonymous_14)
FN:375,(anonymous_15)
FN:378,(anonymous_16)
FN:379,(anonymous_17)
FN:390,(anonymous_18)
FN:391,(anonymous_19)
FN:403,(anonymous_20)
FN:416,(anonymous_21)
FN:417,(anonymous_22)
FN:435,(anonymous_23)
FN:438,(anonymous_24)
FN:472,(anonymous_25)
FN:516,(anonymous_26)
FN:524,(anonymous_27)
FN:543,(anonymous_28)
FN:551,(anonymous_29)
FN:596,(anonymous_30)
FN:629,(anonymous_31)
FNF:32
FNH:0
FNDA:0,(anonymous_0)
FNDA:0,(anonymous_1)
FNDA:0,(anonymous_2)
FNDA:0,(anonymous_3)
FNDA:0,(anonymous_4)
FNDA:0,(anonymous_5)
FNDA:0,(anonymous_6)
FNDA:0,(anonymous_7)
FNDA:0,(anonymous_8)
FNDA:0,(anonymous_9)
FNDA:0,(anonymous_10)
FNDA:0,(anonymous_11)
FNDA:0,(anonymous_12)
FNDA:0,(anonymous_13)
FNDA:0,(anonymous_14)
FNDA:0,(anonymous_15)
FNDA:0,(anonymous_16)
FNDA:0,(anonymous_17)
FNDA:0,(anonymous_18)
FNDA:0,(anonymous_19)
FNDA:0,(anonymous_20)
FNDA:0,(anonymous_21)
FNDA:0,(anonymous_22)
FNDA:0,(anonymous_23)
FNDA:0,(anonymous_24)
FNDA:0,(anonymous_25)
FNDA:0,(anonymous_26)
FNDA:0,(anonymous_27)
FNDA:0,(anonymous_28)
FNDA:0,(anonymous_29)
FNDA:0,(anonymous_30)
FNDA:0,(anonymous_31)
DA:84,0
DA:95,0
DA:106,0
DA:107,0
DA:109,0
DA:110,0
DA:111,0
DA:114,0
DA:115,0
DA:119,0
DA:120,0
DA:132,0
DA:172,0
DA:187,0
DA:228,0
DA:238,0
DA:249,0
DA:251,0
DA:252,0
DA:255,0
DA:256,0
DA:259,0
DA:260,0
DA:263,0
DA:294,0
DA:322,0
DA:331,0
DA:333,0
DA:343,0
DA:352,0
DA:360,0
DA:371,0
DA:373,0
DA:375,0
DA:378,0
DA:379,0
DA:381,0
DA:382,0
DA:384,0
DA:390,0
DA:391,0
DA:403,0
DA:414,0
DA:416,0
DA:417,0
DA:418,0
DA:421,0
DA:435,0
DA:439,0
DA:472,0
DA:481,0
DA:483,0
DA:516,0
DA:524,0
DA:533,0
DA:535,0
DA:543,0
DA:551,0
DA:558,0
DA:560,0
DA:596,0
DA:605,0
DA:607,0
DA:630,0
DA:646,0
DA:647,0
DA:648,0
DA:649,0
DA:650,0
DA:651,0
DA:652,0
DA:653,0
DA:654,0
LF:73
LH:0
BRDA:97,0,0,0
BRDA:107,1,0,0
BRDA:107,1,1,0
BRDA:119,2,0,0
BRDA:119,2,1,0
BRDA:140,3,0,0
BRDA:140,3,1,0
BRDA:151,4,0,0
BRDA:151,4,1,0
BRDA:161,5,0,0
BRDA:161,5,1,0
BRDA:174,6,0,0
BRDA:174,6,1,0
BRDA:196,7,0,0
BRDA:196,7,1,0
BRDA:207,8,0,0
BRDA:207,8,1,0
BRDA:217,9,0,0
BRDA:217,9,1,0
BRDA:230,10,0,0
BRDA:230,10,1,0
BRDA:240,11,0,0
BRDA:249,12,0,0
BRDA:249,12,1,0
BRDA:272,13,0,0
BRDA:272,13,1,0
BRDA:286,14,0,0
BRDA:286,14,1,0
BRDA:305,15,0,0
BRDA:305,15,1,0
BRDA:314,16,0,0
BRDA:314,16,1,0
BRDA:324,17,0,0
BRDA:331,18,0,0
BRDA:331,18,1,0
BRDA:362,19,0,0
BRDA:363,20,0,0
BRDA:364,21,0,0
BRDA:371,22,0,0
BRDA:371,22,1,0
BRDA:405,23,0,0
BRDA:414,24,0,0
BRDA:414,24,1,0
BRDA:436,25,0,0
BRDA:436,25,1,0
BRDA:445,26,0,0
BRDA:445,26,1,0
BRDA:455,27,0,0
BRDA:455,27,1,0
BRDA:460,28,0,0
BRDA:460,28,1,0
BRDA:474,29,0,0
BRDA:481,30,0,0
BRDA:481,30,1,0
BRDA:501,31,0,0
BRDA:501,31,1,0
BRDA:526,32,0,0
BRDA:533,33,0,0
BRDA:533,33,1,0
BRDA:544,34,0,0
BRDA:544,34,1,0
BRDA:553,35,0,0
BRDA:558,36,0,0
BRDA:558,36,1,0
BRDA:578,37,0,0
BRDA:578,37,1,0
BRDA:599,38,0,0
BRDA:605,39,0,0
BRDA:605,39,1,0
BRDA:616,40,0,0
BRDA:616,40,1,0
BRDA:626,41,0,0
BRDA:626,41,1,0
BRDA:638,42,0,0
BRDA:638,42,1,0
BRF:75
BRH:0
end_of_record
TN:
SF:app/javascript/components/AnalyticsDashboard.tsx
FN:147,(anonymous_0)
FN:177,(anonymous_1)
FN:181,(anonymous_2)
FN:188,(anonymous_3)
FN:191,(anonymous_4)
FN:195,(anonymous_5)
FN:203,(anonymous_6)
FN:209,(anonymous_7)
FN:220,(anonymous_8)
FN:226,(anonymous_9)
FN:248,(anonymous_10)
FN:248,(anonymous_11)
FN:266,(anonymous_12)
FN:275,(anonymous_13)
FN:289,(anonymous_14)
FN:293,(anonymous_15)
FN:299,(anonymous_16)
FN:308,(anonymous_17)
FN:314,(anonymous_18)
FN:344,(anonymous_19)
FN:346,(anonymous_20)
FN:352,(anonymous_21)
FN:353,(anonymous_22)
FN:359,(anonymous_23)
FN:365,(anonymous_24)
FN:368,(anonymous_25)
FN:381,(anonymous_26)
FN:397,(anonymous_27)
FN:401,(anonymous_28)
FN:405,(anonymous_29)
FN:421,(anonymous_30)
FN:424,(anonymous_31)
FN:428,(anonymous_32)
FN:446,(anonymous_33)
FN:482,(anonymous_34)
FN:496,(anonymous_35)
FN:501,(anonymous_36)
FN:502,(anonymous_37)
FN:515,(anonymous_38)
FN:519,(anonymous_39)
FN:530,(anonymous_40)
FN:546,(anonymous_41)
FN:552,(anonymous_42)
FN:610,(anonymous_43)
FN:680,(anonymous_44)
FN:683,(anonymous_45)
FN:694,(anonymous_46)
FN:710,(anonymous_47)
FN:727,(anonymous_48)
FN:737,(anonymous_49)
FN:748,(anonymous_50)
FN:761,(anonymous_51)
FN:772,(anonymous_52)
FN:789,(anonymous_53)
FN:790,(anonymous_54)
FN:791,(anonymous_55)
FN:835,(anonymous_56)
FN:854,(anonymous_57)
FN:855,(anonymous_58)
FN:859,(anonymous_59)
FN:868,(anonymous_60)
FN:882,(anonymous_61)
FN:899,(anonymous_62)
FN:997,(anonymous_63)
FN:1002,(anonymous_64)
FN:1002,(anonymous_65)
FN:1002,(anonymous_66)
FN:1045,(anonymous_67)
FN:1130,(anonymous_68)
FN:1140,(anonymous_69)
FN:1144,(anonymous_70)
FN:1148,(anonymous_71)
FNF:72
FNH:0
FNDA:0,(anonymous_0)
FNDA:0,(anonymous_1)
FNDA:0,(anonymous_2)
FNDA:0,(anonymous_3)
FNDA:0,(anonymous_4)
FNDA:0,(anonymous_5)
FNDA:0,(anonymous_6)
FNDA:0,(anonymous_7)
FNDA:0,(anonymous_8)
FNDA:0,(anonymous_9)
FNDA:0,(anonymous_10)
FNDA:0,(anonymous_11)
FNDA:0,(anonymous_12)
FNDA:0,(anonymous_13)
FNDA:0,(anonymous_14)
FNDA:0,(anonymous_15)
FNDA:0,(anonymous_16)
FNDA:0,(anonymous_17)
FNDA:0,(anonymous_18)
FNDA:0,(anonymous_19)
FNDA:0,(anonymous_20)
FNDA:0,(anonymous_21)
FNDA:0,(anonymous_22)
FNDA:0,(anonymous_23)
FNDA:0,(anonymous_24)
FNDA:0,(anonymous_25)
FNDA:0,(anonymous_26)
FNDA:0,(anonymous_27)
FNDA:0,(anonymous_28)
FNDA:0,(anonymous_29)
FNDA:0,(anonymous_30)
FNDA:0,(anonymous_31)
FNDA:0,(anonymous_32)
FNDA:0,(anonymous_33)
FNDA:0,(anonymous_34)
FNDA:0,(anonymous_35)
FNDA:0,(anonymous_36)
FNDA:0,(anonymous_37)
FNDA:0,(anonymous_38)
FNDA:0,(anonymous_39)
FNDA:0,(anonymous_40)
FNDA:0,(anonymous_41)
FNDA:0,(anonymous_42)
FNDA:0,(anonymous_43)
FNDA:0,(anonymous_44)
FNDA:0,(anonymous_45)
FNDA:0,(anonymous_46)
FNDA:0,(anonymous_47)
FNDA:0,(anonymous_48)
FNDA:0,(anonymous_49)
FNDA:0,(anonymous_50)
FNDA:0,(anonymous_51)
FNDA:0,(anonymous_52)
FNDA:0,(anonymous_53)
FNDA:0,(anonymous_54)
FNDA:0,(anonymous_55)
FNDA:0,(anonymous_56)
FNDA:0,(anonymous_57)
FNDA:0,(anonymous_58)
FNDA:0,(anonymous_59)
FNDA:0,(anonymous_60)
FNDA:0,(anonymous_61)
FNDA:0,(anonymous_62)
FNDA:0,(anonymous_63)
FNDA:0,(anonymous_64)
FNDA:0,(anonymous_65)
FNDA:0,(anonymous_66)
FNDA:0,(anonymous_67)
FNDA:0,(anonymous_68)
FNDA:0,(anonymous_69)
FNDA:0,(anonymous_70)
FNDA:0,(anonymous_71)
DA:136,0
DA:139,0
DA:147,0
DA:152,0
DA:153,0
DA:154,0
DA:156,0
DA:157,0
DA:158,0
DA:159,0
DA:160,0
DA:161,0
DA:162,0
DA:163,0
DA:164,0
DA:165,0
DA:168,0
DA:177,0
DA:178,0
DA:181,0
DA:182,0
DA:189,0
DA:192,0
DA:193,0
DA:196,0
DA:201,0
DA:203,0
DA:204,0
DA:209,0
DA:210,0
DA:212,0
DA:214,0
DA:215,0
DA:220,0
DA:224,0
DA:226,0
DA:233,0
DA:235,0
DA:236,0
DA:238,0
DA:239,0
DA:240,0
DA:242,0
DA:247,0
DA:248,0
DA:249,0
DA:250,0
DA:253,0
DA:254,0
DA:256,0
DA:266,0
DA:267,0
DA:269,0
DA:275,0
DA:276,0
DA:277,0
DA:278,0
DA:279,0
DA:281,0
DA:282,0
DA:283,0
DA:284,0
DA:285,0
DA:289,0
DA:290,0
DA:291,0
DA:293,0
DA:295,0
DA:299,0
DA:300,0
DA:301,0
DA:302,0
DA:303,0
DA:304,0
DA:305,0
DA:308,0
DA:309,0
DA:314,0
DA:316,0
DA:317,0
DA:318,0
DA:319,0
DA:321,0
DA:322,0
DA:323,0
DA:328,0
DA:329,0
DA:331,0
DA:332,0
DA:336,0
DA:337,0
DA:338,0
DA:339,0
DA:344,0
DA:345,0
DA:346,0
DA:347,0
DA:352,0
DA:353,0
DA:354,0
DA:359,0
DA:360,0
DA:364,0
DA:365,0
DA:366,0
DA:367,0
DA:369,0
DA:370,0
DA:371,0
DA:376,0
DA:381,0
DA:382,0
DA:383,0
DA:388,0
DA:389,0
DA:397,0
DA:398,0
DA:401,0
DA:402,0
DA:403,0
DA:404,0
DA:405,0
DA:406,0
DA:417,0
DA:421,0
DA:422,0
DA:424,0
DA:425,0
DA:426,0
DA:427,0
DA:428,0
DA:429,0
DA:430,0
DA:440,0
DA:446,0
DA:447,0
DA:449,0
DA:459,0
DA:469,0
DA:482,0
DA:483,0
DA:484,0
DA:492,0
DA:496,0
DA:497,0
DA:501,0
DA:502,0
DA:515,0
DA:516,0
DA:518,0
DA:519,0
DA:530,0
DA:531,0
DA:532,0
DA:533,0
DA:534,0
DA:542,0
DA:546,0
DA:547,0
DA:548,0
DA:552,0
DA:565,0
DA:566,0
DA:575,0
DA:577,0
DA:579,0
DA:581,0
DA:583,0
DA:585,0
DA:587,0
DA:589,0
DA:591,0
DA:593,0
DA:595,0
DA:610,0
DA:611,0
DA:613,0
DA:659,0
DA:681,0
DA:683,0
DA:694,0
DA:710,0
DA:727,0
DA:737,0
DA:748,0
DA:761,0
DA:772,0
DA:789,0
DA:790,0
DA:791,0
DA:835,0
DA:855,0
DA:856,0
DA:857,0
DA:859,0
DA:868,0
DA:882,0
DA:900,0
DA:998,0
DA:1002,0
DA:1046,0
DA:1130,0
DA:1141,0
DA:1142,0
DA:1146,0
DA:1149,0
DA:1150,0
LF:207
LH:0
BRDA:152,0,0,0
BRDA:152,0,1,0
BRDA:212,1,0,0
BRDA:212,1,1,0
BRDA:212,1,2,0
BRDA:212,1,3,0
BRDA:212,1,4,0
BRDA:212,1,5,0
BRDA:212,1,6,0
BRDA:212,1,7,0
BRDA:212,1,8,0
BRDA:249,2,0,0
BRDA:249,2,1,0
BRDA:267,3,0,0
BRDA:267,3,1,0
BRDA:281,4,0,0
BRDA:281,4,1,0
BRDA:282,5,0,0
BRDA:282,5,1,0
BRDA:283,6,0,0
BRDA:283,6,1,0
BRDA:284,7,0,0
BRDA:284,7,1,0
BRDA:316,8,0,0
BRDA:316,8,1,0
BRDA:317,9,0,0
BRDA:317,9,1,0
BRDA:321,10,0,0
BRDA:321,10,1,0
BRDA:328,11,0,0
BRDA:328,11,1,0
BRDA:328,12,0,0
BRDA:328,12,1,0
BRDA:336,13,0,0
BRDA:336,13,1,0
BRDA:336,14,0,0
BRDA:336,14,1,0
BRDA:366,15,0,0
BRDA:366,15,1,0
BRDA:369,16,0,0
BRDA:369,16,1,0
BRDA:384,17,0,0
BRDA:384,17,1,0
BRDA:402,18,0,0
BRDA:402,18,1,0
BRDA:402,19,0,0
BRDA:402,19,1,0
BRDA:402,19,2,0
BRDA:404,20,0,0
BRDA:404,20,1,0
BRDA:425,21,0,0
BRDA:425,21,1,0
BRDA:425,22,0,0
BRDA:425,22,1,0
BRDA:425,22,2,0
BRDA:427,23,0,0
BRDA:427,23,1,0
BRDA:429,24,0,0
BRDA:429,24,1,0
BRDA:433,25,0,0
BRDA:433,25,1,0
BRDA:433,26,0,0
BRDA:433,26,1,0
BRDA:447,27,0,0
BRDA:447,27,1,0
BRDA:447,27,2,0
BRDA:483,28,0,0
BRDA:483,28,1,0
BRDA:485,29,0,0
BRDA:485,29,1,0
BRDA:516,30,0,0
BRDA:516,30,1,0
BRDA:523,31,0,0
BRDA:523,31,1,0
BRDA:575,32,0,0
BRDA:575,32,1,0
BRDA:575,32,2,0
BRDA:575,32,3,0
BRDA:575,32,4,0
BRDA:575,32,5,0
BRDA:575,32,6,0
BRDA:575,32,7,0
BRDA:575,32,8,0
BRDA:575,32,9,0
BRDA:611,33,0,0
BRDA:611,33,1,0
BRDA:611,34,0,0
BRDA:611,34,1,0
BRDA:636,35,0,0
BRDA:636,35,1,0
BRDA:638,36,0,0
BRDA:638,36,1,0
BRDA:640,37,0,0
BRDA:640,37,1,0
BRDA:640,38,0,0
BRDA:640,38,1,0
BRDA:648,39,0,0
BRDA:648,39,1,0
BRDA:664,40,0,0
BRDA:664,40,1,0
BRDA:727,41,0,0
BRDA:727,41,1,0
BRDA:729,42,0,0
BRDA:729,42,1,0
BRDA:731,43,0,0
BRDA:731,43,1,0
BRDA:750,44,0,0
BRDA:750,44,1,0
BRDA:797,45,0,0
BRDA:797,45,1,0
BRDA:816,46,0,0
BRDA:816,46,1,0
BRDA:827,47,0,0
BRDA:827,47,1,0
BRDA:845,48,0,0
BRDA:845,48,1,0
BRDA:880,49,0,0
BRDA:880,49,1,0
BRDA:914,50,0,0
BRDA:914,50,1,0
BRDA:938,51,0,0
BRDA:938,51,1,0
BRDA:942,52,0,0
BRDA:942,52,1,0
BRDA:947,53,0,0
BRDA:947,53,1,0
BRDA:989,54,0,0
BRDA:989,54,1,0
BRDA:993,55,0,0
BRDA:993,55,1,0
BRDA:1025,56,0,0
BRDA:1025,56,1,0
BRDA:1030,57,0,0
BRDA:1030,57,1,0
BRDA:1037,58,0,0
BRDA:1037,58,1,0
BRDA:1045,59,0,0
BRDA:1045,59,1,0
BRDA:1046,60,0,0
BRDA:1046,60,1,0
BRDA:1058,61,0,0
BRDA:1058,61,1,0
BRDA:1063,62,0,0
BRDA:1063,62,1,0
BRDA:1077,63,0,0
BRDA:1077,63,1,0
BRDA:1082,64,0,0
BRDA:1082,64,1,0
BRDA:1096,65,0,0
BRDA:1096,65,1,0
BRDA:1101,66,0,0
BRDA:1101,66,1,0
BRDA:1115,67,0,0
BRDA:1115,67,1,0
BRF:154
BRH:0
end_of_record
TN:
SF:app/javascript/components/CampaignIntakeChat.tsx
FN:18,(anonymous_0)
FN:42,(anonymous_1)
FN:49,(anonymous_2)
FN:56,(anonymous_3)
FN:64,(anonymous_4)
FN:86,(anonymous_5)
FN:102,(anonymous_6)
FN:120,(anonymous_7)
FN:181,(anonymous_8)
FN:204,(anonymous_9)
FN:214,(anonymous_10)
FNF:11
FNH:0
FNDA:0,(anonymous_0)
FNDA:0,(anonymous_1)
FNDA:0,(anonymous_2)
FNDA:0,(anonymous_3)
FNDA:0,(anonymous_4)
FNDA:0,(anonymous_5)
FNDA:0,(anonymous_6)
FNDA:0,(anonymous_7)
FNDA:0,(anonymous_8)
FNDA:0,(anonymous_9)
FNDA:0,(anonymous_10)
DA:18,0
DA:34,0
DA:36,0
DA:37,0
DA:38,0
DA:39,0
DA:42,0
DA:43,0
DA:44,0
DA:49,0
DA:50,0
DA:51,0
DA:56,0
DA:57,0
DA:58,0
DA:59,0
DA:64,0
DA:65,0
DA:66,0
DA:82,0
DA:86,0
DA:87,0
DA:89,0
DA:90,0
DA:94,0
DA:95,0
DA:98,0
DA:102,0
DA:103,0
DA:105,0
DA:107,0
DA:108,0
DA:113,0
DA:116,0
DA:120,0
DA:121,0
DA:122,0
DA:125,0
DA:126,0
DA:128,0
DA:129,0
DA:144,0
DA:182,0
DA:204,0
DA:214,0
LF:45
LH:0
BRDA:19,0,0,0
BRDA:21,1,0,0
BRDA:43,2,0,0
BRDA:43,2,1,0
BRDA:50,3,0,0
BRDA:50,3,1,0
BRDA:57,4,0,0
BRDA:57,4,1,0
BRDA:65,5,0,0
BRDA:65,5,1,0
BRDA:65,6,0,0
BRDA:65,6,1,0
BRDA:87,7,0,0
BRDA:87,7,1,0
BRDA:87,8,0,0
BRDA:87,8,1,0
BRDA:103,9,0,0
BRDA:103,9,1,0
BRDA:105,10,0,0
BRDA:105,10,1,0
BRDA:111,11,0,0
BRDA:111,11,1,0
BRDA:128,12,0,0
BRDA:128,12,1,0
BRDA:154,13,0,0
BRDA:154,13,1,0
BRDA:168,14,0,0
BRDA:168,14,1,0
BRDA:172,15,0,0
BRDA:172,15,1,0
BRDA:185,16,0,0
BRDA:185,16,1,0
BRDA:191,17,0,0
BRDA:191,17,1,0
BRDA:200,18,0,0
BRDA:200,18,1,0
BRDA:200,18,2,0
BRDA:202,19,0,0
BRDA:202,19,1,0
BRDA:217,20,0,0
BRDA:217,20,1,0
BRF:41
BRH:0
end_of_record
TN:
SF:app/javascript/components/ContentEditorInterface.tsx
FN:38,(anonymous_0)
FN:66,(anonymous_1)
FN:71,(anonymous_2)
FN:76,(anonymous_3)
FN:80,(anonymous_4)
FN:84,(anonymous_5)
FN:100,(anonymous_6)
FN:111,(anonymous_7)
FN:115,(anonymous_8)
FN:124,(anonymous_9)
FN:144,(anonymous_10)
FN:148,(anonymous_11)
FN:152,(anonymous_12)
FN:153,(anonymous_13)
FN:165,(anonymous_14)
FN:201,(anonymous_15)
FN:214,(anonymous_16)
FN:228,(anonymous_17)
FN:243,(anonymous_18)
FN:328,(anonymous_19)
FN:428,(anonymous_20)
FN:433,(anonymous_21)
FN:438,(anonymous_22)
FN:443,(anonymous_23)
FNF:24
FNH:0
FNDA:0,(anonymous_0)
FNDA:0,(anonymous_1)
FNDA:0,(anonymous_2)
FNDA:0,(anonymous_3)
FNDA:0,(anonymous_4)
FNDA:0,(anonymous_5)
FNDA:0,(anonymous_6)
FNDA:0,(anonymous_7)
FNDA:0,(anonymous_8)
FNDA:0,(anonymous_9)
FNDA:0,(anonymous_10)
FNDA:0,(anonymous_11)
FNDA:0,(anonymous_12)
FNDA:0,(anonymous_13)
FNDA:0,(anonymous_14)
FNDA:0,(anonymous_15)
FNDA:0,(anonymous_16)
FNDA:0,(anonymous_17)
FNDA:0,(anonymous_18)
FNDA:0,(anonymous_19)
FNDA:0,(anonymous_20)
FNDA:0,(anonymous_21)
FNDA:0,(anonymous_22)
FNDA:0,(anonymous_23)
DA:38,0
DA:59,0
DA:60,0
DA:61,0
DA:62,0
DA:63,0
DA:66,0
DA:67,0
DA:71,0
DA:72,0
DA:76,0
DA:77,0
DA:80,0
DA:81,0
DA:84,0
DA:85,0
DA:87,0
DA:88,0
DA:89,0
DA:90,0
DA:91,0
DA:93,0
DA:96,0
DA:100,0
DA:101,0
DA:103,0
DA:104,0
DA:105,0
DA:107,0
DA:111,0
DA:112,0
DA:115,0
DA:116,0
DA:117,0
DA:120,0
DA:121,0
DA:124,0
DA:126,0
DA:128,0
DA:129,0
DA:130,0
DA:132,0
DA:134,0
DA:135,0
DA:136,0
DA:138,0
DA:141,0
DA:144,0
DA:145,0
DA:148,0
DA:149,0
DA:152,0
DA:153,0
DA:156,0
DA:165,0
DA:166,0
DA:186,0
DA:201,0
DA:214,0
DA:228,0
DA:243,0
DA:328,0
DA:428,0
DA:433,0
DA:438,0
DA:443,0
LF:66
LH:0
BRDA:39,0,0,0
BRDA:40,1,0,0
BRDA:43,2,0,0
BRDA:44,3,0,0
BRDA:45,4,0,0
BRDA:46,5,0,0
BRDA:47,6,0,0
BRDA:48,7,0,0
BRDA:49,8,0,0
BRDA:51,9,0,0
BRDA:54,10,0,0
BRDA:55,11,0,0
BRDA:56,12,0,0
BRDA:57,13,0,0
BRDA:85,14,0,0
BRDA:85,14,1,0
BRDA:85,15,0,0
BRDA:85,15,1,0
BRDA:101,16,0,0
BRDA:101,16,1,0
BRDA:101,17,0,0
BRDA:101,17,1,0
BRDA:128,18,0,0
BRDA:128,18,1,0
BRDA:129,19,0,0
BRDA:129,19,1,0
BRDA:134,20,0,0
BRDA:134,20,1,0
BRDA:135,21,0,0
BRDA:135,21,1,0
BRDA:156,22,0,0
BRDA:156,22,1,0
BRDA:169,23,0,0
BRDA:169,23,1,0
BRDA:178,24,0,0
BRDA:178,24,1,0
BRDA:178,24,2,0
BRDA:204,25,0,0
BRDA:204,25,1,0
BRDA:218,26,0,0
BRDA:218,26,1,0
BRDA:232,27,0,0
BRDA:232,27,1,0
BRDA:252,28,0,0
BRDA:252,28,1,0
BRDA:257,29,0,0
BRDA:257,29,1,0
BRDA:259,30,0,0
BRDA:259,30,1,0
BRDA:267,31,0,0
BRDA:267,31,1,0
BRDA:270,32,0,0
BRDA:270,32,1,0
BRDA:272,33,0,0
BRDA:272,33,1,0
BRDA:272,34,0,0
BRDA:272,34,1,0
BRDA:277,35,0,0
BRDA:277,35,1,0
BRDA:298,36,0,0
BRDA:298,36,1,0
BRDA:300,37,0,0
BRDA:300,37,1,0
BRDA:304,38,0,0
BRDA:304,38,1,0
BRDA:310,39,0,0
BRDA:310,39,1,0
BRDA:317,40,0,0
BRDA:317,40,1,0
BRDA:330,41,0,0
BRDA:330,41,1,0
BRDA:340,42,0,0
BRDA:340,42,1,0
BRDA:341,43,0,0
BRDA:341,43,1,0
BRDA:342,44,0,0
BRDA:342,44,1,0
BRDA:344,45,0,0
BRDA:344,45,1,0
BRDA:349,46,0,0
BRDA:349,46,1,0
BRDA:349,46,2,0
BRDA:360,47,0,0
BRDA:360,47,1,0
BRDA:360,47,2,0
BRDA:371,48,0,0
BRDA:371,48,1,0
BRDA:371,48,2,0
BRDA:385,49,0,0
BRDA:385,49,1,0
BRDA:385,49,2,0
BRDA:391,50,0,0
BRDA:391,50,1,0
BRDA:403,51,0,0
BRDA:403,51,1,0
BRDA:407,52,0,0
BRDA:407,52,1,0
BRDA:408,53,0,0
BRDA:408,53,1,0
BRDA:408,53,2,0
BRDA:409,54,0,0
BRDA:409,54,1,0
BRDA:409,54,2,0
BRF:103
BRH:0
end_of_record
TN:
SF:app/javascript/components/ContentTemplates.tsx
FN:41,(anonymous_0)
FN:60,(anonymous_1)
FN:461,(anonymous_2)
FN:462,(anonymous_3)
FN:467,(anonymous_4)
FN:471,(anonymous_5)
FN:475,(anonymous_6)
FN:480,(anonymous_7)
FN:483,(anonymous_8)
FN:490,(anonymous_9)
FN:491,(anonymous_10)
FN:491,(anonymous_11)
FN:496,(anonymous_12)
FN:500,(anonymous_13)
FN:513,(anonymous_14)
FN:518,(anonymous_15)
FN:526,(anonymous_16)
FN:527,(anonymous_17)
FN:533,(anonymous_18)
FN:538,(anonymous_19)
FN:539,(anonymous_20)
FN:551,(anonymous_21)
FN:559,(anonymous_22)
FN:564,(anonymous_23)
FN:575,(anonymous_24)
FN:585,(anonymous_25)
FN:597,(anonymous_26)
FN:607,(anonymous_27)
FN:617,(anonymous_28)
FN:621,(anonymous_29)
FN:634,(anonymous_30)
FN:650,(anonymous_31)
FN:682,(anonymous_32)
FN:706,(anonymous_33)
FN:714,(anonymous_34)
FN:717,(anonymous_35)
FN:730,(anonymous_36)
FN:762,(anonymous_37)
FN:776,(anonymous_38)
FN:798,(anonymous_39)
FNF:40
FNH:0
FNDA:0,(anonymous_0)
FNDA:0,(anonymous_1)
FNDA:0,(anonymous_2)
FNDA:0,(anonymous_3)
FNDA:0,(anonymous_4)
FNDA:0,(anonymous_5)
FNDA:0,(anonymous_6)
FNDA:0,(anonymous_7)
FNDA:0,(anonymous_8)
FNDA:0,(anonymous_9)
FNDA:0,(anonymous_10)
FNDA:0,(anonymous_11)
FNDA:0,(anonymous_12)
FNDA:0,(anonymous_13)
FNDA:0,(anonymous_14)
FNDA:0,(anonymous_15)
FNDA:0,(anonymous_16)
FNDA:0,(anonymous_17)
FNDA:0,(anonymous_18)
FNDA:0,(anonymous_19)
FNDA:0,(anonymous_20)
FNDA:0,(anonymous_21)
FNDA:0,(anonymous_22)
FNDA:0,(anonymous_23)
FNDA:0,(anonymous_24)
FNDA:0,(anonymous_25)
FNDA:0,(anonymous_26)
FNDA:0,(anonymous_27)
FNDA:0,(anonymous_28)
FNDA:0,(anonymous_29)
FNDA:0,(anonymous_30)
FNDA:0,(anonymous_31)
FNDA:0,(anonymous_32)
FNDA:0,(anonymous_33)
FNDA:0,(anonymous_34)
FNDA:0,(anonymous_35)
FNDA:0,(anonymous_36)
FNDA:0,(anonymous_37)
FNDA:0,(anonymous_38)
FNDA:0,(anonymous_39)
DA:41,0
DA:49,0
DA:50,0
DA:51,0
DA:52,0
DA:53,0
DA:54,0
DA:55,0
DA:56,0
DA:57,0
DA:60,0
DA:61,0
DA:457,0
DA:461,0
DA:462,0
DA:463,0
DA:467,0
DA:468,0
DA:470,0
DA:471,0
DA:474,0
DA:475,0
DA:478,0
DA:479,0
DA:480,0
DA:481,0
DA:483,0
DA:487,0
DA:490,0
DA:491,0
DA:492,0
DA:496,0
DA:497,0
DA:500,0
DA:501,0
DA:506,0
DA:507,0
DA:510,0
DA:513,0
DA:514,0
DA:517,0
DA:518,0
DA:519,0
DA:520,0
DA:523,0
DA:526,0
DA:527,0
DA:533,0
DA:534,0
DA:537,0
DA:538,0
DA:539,0
DA:541,0
DA:542,0
DA:543,0
DA:546,0
DA:547,0
DA:548,0
DA:551,0
DA:552,0
DA:554,0
DA:556,0
DA:559,0
DA:565,0
DA:571,0
DA:575,0
DA:581,0
DA:585,0
DA:593,0
DA:597,0
DA:604,0
DA:607,0
DA:617,0
DA:618,0
DA:621,0
DA:635,0
DA:636,0
DA:651,0
DA:672,0
DA:682,0
DA:706,0
DA:714,0
DA:718,0
DA:730,0
DA:762,0
DA:777,0
DA:798,0
LF:87
LH:0
BRDA:44,0,0,0
BRDA:45,1,0,0
BRDA:46,2,0,0
BRDA:47,3,0,0
BRDA:470,4,0,0
BRDA:470,4,1,0
BRDA:474,5,0,0
BRDA:474,5,1,0
BRDA:478,6,0,0
BRDA:478,6,1,0
BRDA:481,7,0,0
BRDA:481,7,1,0
BRDA:481,7,2,0
BRDA:492,8,0,0
BRDA:492,8,1,0
BRDA:501,9,0,0
BRDA:501,9,1,0
BRDA:501,9,2,0
BRDA:501,9,3,0
BRDA:519,10,0,0
BRDA:519,10,1,0
BRDA:534,11,0,0
BRDA:534,11,1,0
BRDA:538,12,0,0
BRDA:538,12,1,0
BRDA:541,13,0,0
BRDA:541,13,1,0
BRDA:552,14,0,0
BRDA:552,14,1,0
BRDA:554,15,0,0
BRDA:554,15,1,0
BRDA:554,15,2,0
BRDA:554,15,3,0
BRDA:554,15,4,0
BRDA:585,16,0,0
BRDA:585,16,1,0
BRDA:609,17,0,0
BRDA:609,17,1,0
BRDA:640,18,0,0
BRDA:640,18,1,0
BRDA:659,19,0,0
BRDA:659,19,1,0
BRDA:674,20,0,0
BRDA:674,20,1,0
BRDA:680,21,0,0
BRDA:680,21,1,0
BRDA:719,22,0,0
BRDA:719,22,1,0
BRDA:725,23,0,0
BRDA:725,23,1,0
BRDA:743,24,0,0
BRDA:743,24,1,0
BRDA:780,25,0,0
BRDA:780,25,1,0
BRDA:783,26,0,0
BRDA:783,26,1,0
BRF:56
BRH:0
end_of_record
TN:
SF:app/javascript/components/CustomChartBuilder.tsx
FN:200,(anonymous_0)
FN:201,(anonymous_1)
FN:204,(anonymous_2)
FN:228,(anonymous_3)
FN:241,(anonymous_4)
FN:244,(anonymous_5)
FN:268,(anonymous_6)
FN:275,(anonymous_7)
FN:311,(anonymous_8)
FN:344,(anonymous_9)
FN:350,(anonymous_10)
FN:376,(anonymous_11)
FN:381,(anonymous_12)
FN:382,(anonymous_13)
FN:384,(anonymous_14)
FN:393,(anonymous_15)
FN:394,(anonymous_16)
FN:403,(anonymous_17)
FN:412,(anonymous_18)
FN:419,(anonymous_19)
FN:422,(anonymous_20)
FN:429,(anonymous_21)
FN:430,(anonymous_22)
FN:432,(anonymous_23)
FN:437,(anonymous_24)
FN:438,(anonymous_25)
FN:440,(anonymous_26)
FN:445,(anonymous_27)
FN:446,(anonymous_28)
FN:456,(anonymous_29)
FN:463,(anonymous_30)
FN:470,(anonymous_31)
FN:471,(anonymous_32)
FN:473,(anonymous_33)
FN:478,(anonymous_34)
FN:479,(anonymous_35)
FN:481,(anonymous_36)
FN:488,(anonymous_37)
FN:512,(anonymous_38)
FN:513,(anonymous_39)
FN:517,(anonymous_40)
FN:518,(anonymous_41)
FN:536,(anonymous_42)
FN:536,(anonymous_43)
FN:547,(anonymous_44)
FN:551,(anonymous_45)
FN:561,(anonymous_46)
FN:564,(anonymous_47)
FN:587,(anonymous_48)
FN:596,(anonymous_49)
FN:605,(anonymous_50)
FN:614,(anonymous_51)
FN:635,(anonymous_52)
FN:639,(anonymous_53)
FN:642,(anonymous_54)
FN:650,(anonymous_55)
FN:662,(anonymous_56)
FN:667,(anonymous_57)
FN:706,(anonymous_58)
FN:716,(anonymous_59)
FN:741,(anonymous_60)
FN:743,(anonymous_61)
FN:745,(anonymous_62)
FN:764,(anonymous_63)
FN:766,(anonymous_64)
FN:768,(anonymous_65)
FNF:66
FNH:0
FNDA:0,(anonymous_0)
FNDA:0,(anonymous_1)
FNDA:0,(anonymous_2)
FNDA:0,(anonymous_3)
FNDA:0,(anonymous_4)
FNDA:0,(anonymous_5)
FNDA:0,(anonymous_6)
FNDA:0,(anonymous_7)
FNDA:0,(anonymous_8)
FNDA:0,(anonymous_9)
FNDA:0,(anonymous_10)
FNDA:0,(anonymous_11)
FNDA:0,(anonymous_12)
FNDA:0,(anonymous_13)
FNDA:0,(anonymous_14)
FNDA:0,(anonymous_15)
FNDA:0,(anonymous_16)
FNDA:0,(anonymous_17)
FNDA:0,(anonymous_18)
FNDA:0,(anonymous_19)
FNDA:0,(anonymous_20)
FNDA:0,(anonymous_21)
FNDA:0,(anonymous_22)
FNDA:0,(anonymous_23)
FNDA:0,(anonymous_24)
FNDA:0,(anonymous_25)
FNDA:0,(anonymous_26)
FNDA:0,(anonymous_27)
FNDA:0,(anonymous_28)
FNDA:0,(anonymous_29)
FNDA:0,(anonymous_30)
FNDA:0,(anonymous_31)
FNDA:0,(anonymous_32)
FNDA:0,(anonymous_33)
FNDA:0,(anonymous_34)
FNDA:0,(anonymous_35)
FNDA:0,(anonymous_36)
FNDA:0,(anonymous_37)
FNDA:0,(anonymous_38)
FNDA:0,(anonymous_39)
FNDA:0,(anonymous_40)
FNDA:0,(anonymous_41)
FNDA:0,(anonymous_42)
FNDA:0,(anonymous_43)
FNDA:0,(anonymous_44)
FNDA:0,(anonymous_45)
FNDA:0,(anonymous_46)
FNDA:0,(anonymous_47)
FNDA:0,(anonymous_48)
FNDA:0,(anonymous_49)
FNDA:0,(anonymous_50)
FNDA:0,(anonymous_51)
FNDA:0,(anonymous_52)
FNDA:0,(anonymous_53)
FNDA:0,(anonymous_54)
FNDA:0,(anonymous_55)
FNDA:0,(anonymous_56)
FNDA:0,(anonymous_57)
FNDA:0,(anonymous_58)
FNDA:0,(anonymous_59)
FNDA:0,(anonymous_60)
FNDA:0,(anonymous_61)
FNDA:0,(anonymous_62)
FNDA:0,(anonymous_63)
FNDA:0,(anonymous_64)
FNDA:0,(anonymous_65)
DA:64,0
DA:119,0
DA:193,0
DA:200,0
DA:201,0
DA:204,0
DA:209,0
DA:228,0
DA:241,0
DA:244,0
DA:250,0
DA:268,0
DA:275,0
DA:276,0
DA:281,0
DA:283,0
DA:285,0
DA:287,0
DA:289,0
DA:291,0
DA:293,0
DA:295,0
DA:297,0
DA:299,0
DA:303,0
DA:311,0
DA:322,0
DA:343,0
DA:344,0
DA:347,0
DA:350,0
DA:351,0
DA:352,0
DA:355,0
DA:356,0
DA:358,0
DA:359,0
DA:365,0
DA:366,0
DA:367,0
DA:370,0
DA:373,0
DA:376,0
DA:377,0
DA:381,0
DA:382,0
DA:383,0
DA:384,0
DA:393,0
DA:394,0
DA:403,0
DA:404,0
DA:406,0
DA:407,0
DA:408,0
DA:409,0
DA:412,0
DA:419,0
DA:420,0
DA:422,0
DA:429,0
DA:430,0
DA:432,0
DA:437,0
DA:438,0
DA:440,0
DA:445,0
DA:446,0
DA:456,0
DA:457,0
DA:463,0
DA:470,0
DA:471,0
DA:473,0
DA:478,0
DA:479,0
DA:482,0
DA:488,0
DA:489,0
DA:490,0
DA:491,0
DA:494,0
DA:495,0
DA:496,0
DA:499,0
DA:500,0
DA:501,0
DA:504,0
DA:509,0
DA:512,0
DA:513,0
DA:517,0
DA:518,0
DA:522,0
DA:536,0
DA:547,0
DA:552,0
DA:562,0
DA:564,0
DA:587,0
DA:596,0
DA:605,0
DA:614,0
DA:636,0
DA:639,0
DA:643,0
DA:650,0
DA:662,0
DA:667,0
DA:707,0
DA:717,0
DA:742,0
DA:743,0
DA:745,0
DA:765,0
DA:766,0
DA:768,0
DA:808,0
DA:809,0
DA:810,0
DA:811,0
LF:121
LH:0
BRDA:202,0,0,0
BRDA:202,0,1,0
BRDA:213,1,0,0
BRDA:213,1,1,0
BRDA:214,2,0,0
BRDA:214,2,1,0
BRDA:218,3,0,0
BRDA:218,3,1,0
BRDA:254,4,0,0
BRDA:254,4,1,0
BRDA:255,5,0,0
BRDA:255,5,1,0
BRDA:255,6,0,0
BRDA:255,6,1,0
BRDA:256,7,0,0
BRDA:256,7,1,0
BRDA:259,8,0,0
BRDA:259,8,1,0
BRDA:259,8,2,0
BRDA:281,9,0,0
BRDA:281,9,1,0
BRDA:281,9,2,0
BRDA:281,9,3,0
BRDA:281,9,4,0
BRDA:281,9,5,0
BRDA:281,9,6,0
BRDA:281,9,7,0
BRDA:281,9,8,0
BRDA:323,10,0,0
BRDA:323,10,1,0
BRDA:344,11,0,0
BRDA:344,11,1,0
BRDA:351,12,0,0
BRDA:351,12,1,0
BRDA:351,13,0,0
BRDA:351,13,1,0
BRDA:365,14,0,0
BRDA:365,14,1,0
BRDA:383,15,0,0
BRDA:383,15,1,0
BRDA:404,16,0,0
BRDA:404,16,1,0
BRDA:407,17,0,0
BRDA:407,17,1,0
BRDA:420,18,0,0
BRDA:420,18,1,0
BRDA:458,19,0,0
BRDA:458,19,1,0
BRDA:482,20,0,0
BRDA:482,20,1,0
BRDA:489,21,0,0
BRDA:489,21,1,0
BRDA:494,22,0,0
BRDA:494,22,1,0
BRDA:499,23,0,0
BRDA:499,23,1,0
BRDA:506,24,0,0
BRDA:506,24,1,0
BRDA:513,25,0,0
BRDA:513,25,1,0
BRDA:518,26,0,0
BRDA:518,26,1,0
BRDA:518,27,0,0
BRDA:518,27,1,0
BRDA:566,28,0,0
BRDA:566,28,1,0
BRDA:700,29,0,0
BRDA:700,29,1,0
BRDA:743,30,0,0
BRDA:743,30,1,0
BRDA:766,31,0,0
BRDA:766,31,1,0
BRDA:795,32,0,0
BRDA:795,32,1,0
BRF:74
BRH:0
end_of_record
TN:
SF:app/javascript/components/ExportManager.tsx
FN:38,(anonymous_0)
FN:65,(anonymous_1)
FN:78,(anonymous_2)
FN:91,(anonymous_3)
FN:118,(anonymous_4)
FN:166,(anonymous_5)
FN:180,(anonymous_6)
FN:194,(anonymous_7)
FN:208,(anonymous_8)
FN:248,(anonymous_9)
FN:250,(anonymous_10)
FN:253,(anonymous_11)
FN:268,(anonymous_12)
FN:283,(anonymous_13)
FN:292,(anonymous_14)
FN:306,(anonymous_15)
FN:306,(anonymous_16)
FN:326,(anonymous_17)
FN:326,(anonymous_18)
FN:335,(anonymous_19)
FN:335,(anonymous_20)
FN:349,(anonymous_21)
FN:349,(anonymous_22)
FN:371,(anonymous_23)
FN:371,(anonymous_24)
FN:383,(anonymous_25)
FN:383,(anonymous_26)
FN:393,(anonymous_27)
FN:406,(anonymous_28)
FN:430,(anonymous_29)
FN:444,(anonymous_30)
FN:461,(anonymous_31)
FN:475,(anonymous_32)
FN:480,(anonymous_33)
FN:481,(anonymous_34)
FN:487,(anonymous_35)
FN:502,(anonymous_36)
FN:511,(anonymous_37)
FNF:38
FNH:0
FNDA:0,(anonymous_0)
FNDA:0,(anonymous_1)
FNDA:0,(anonymous_2)
FNDA:0,(anonymous_3)
FNDA:0,(anonymous_4)
FNDA:0,(anonymous_5)
FNDA:0,(anonymous_6)
FNDA:0,(anonymous_7)
FNDA:0,(anonymous_8)
FNDA:0,(anonymous_9)
FNDA:0,(anonymous_10)
FNDA:0,(anonymous_11)
FNDA:0,(anonymous_12)
FNDA:0,(anonymous_13)
FNDA:0,(anonymous_14)
FNDA:0,(anonymous_15)
FNDA:0,(anonymous_16)
FNDA:0,(anonymous_17)
FNDA:0,(anonymous_18)
FNDA:0,(anonymous_19)
FNDA:0,(anonymous_20)
FNDA:0,(anonymous_21)
FNDA:0,(anonymous_22)
FNDA:0,(anonymous_23)
FNDA:0,(anonymous_24)
FNDA:0,(anonymous_25)
FNDA:0,(anonymous_26)
FNDA:0,(anonymous_27)
FNDA:0,(anonymous_28)
FNDA:0,(anonymous_29)
FNDA:0,(anonymous_30)
FNDA:0,(anonymous_31)
FNDA:0,(anonymous_32)
FNDA:0,(anonymous_33)
FNDA:0,(anonymous_34)
FNDA:0,(anonymous_35)
FNDA:0,(anonymous_36)
FNDA:0,(anonymous_37)
DA:38,0
DA:53,0
DA:54,0
DA:62,0
DA:65,0
DA:66,0
DA:67,0
DA:68,0
DA:69,0
DA:70,0
DA:71,0
DA:73,0
DA:78,0
DA:79,0
DA:80,0
DA:81,0
DA:82,0
DA:83,0
DA:84,0
DA:86,0
DA:91,0
DA:92,0
DA:93,0
DA:100,0
DA:101,0
DA:104,0
DA:105,0
DA:106,0
DA:107,0
DA:109,0
DA:112,0
DA:113,0
DA:114,0
DA:115,0
DA:117,0
DA:118,0
DA:119,0
DA:120,0
DA:121,0
DA:124,0
DA:125,0
DA:126,0
DA:127,0
DA:129,0
DA:132,0
DA:136,0
DA:137,0
DA:138,0
DA:139,0
DA:144,0
DA:145,0
DA:146,0
DA:148,0
DA:149,0
DA:150,0
DA:153,0
DA:157,0
DA:158,0
DA:159,0
DA:161,0
DA:166,0
DA:167,0
DA:168,0
DA:169,0
DA:170,0
DA:173,0
DA:180,0
DA:181,0
DA:182,0
DA:183,0
DA:187,0
DA:189,0
DA:194,0
DA:195,0
DA:197,0
DA:198,0
DA:199,0
DA:200,0
DA:201,0
DA:203,0
DA:208,0
DA:209,0
DA:210,0
DA:212,0
DA:213,0
DA:215,0
DA:217,0
DA:218,0
DA:220,0
DA:221,0
DA:223,0
DA:224,0
DA:226,0
DA:227,0
DA:229,0
DA:230,0
DA:232,0
DA:235,0
DA:236,0
DA:237,0
DA:240,0
DA:241,0
DA:243,0
DA:248,0
DA:249,0
DA:251,0
DA:253,0
DA:268,0
DA:283,0
DA:284,0
DA:292,0
DA:306,0
DA:326,0
DA:335,0
DA:349,0
DA:371,0
DA:383,0
DA:393,0
DA:406,0
DA:421,0
DA:430,0
DA:431,0
DA:434,0
DA:435,0
DA:436,0
DA:437,0
DA:438,0
DA:440,0
DA:441,0
DA:442,0
DA:444,0
DA:445,0
DA:454,0
DA:457,0
DA:458,0
DA:459,0
DA:461,0
DA:462,0
DA:472,0
DA:475,0
DA:476,0
DA:477,0
DA:478,0
DA:480,0
DA:481,0
DA:483,0
DA:484,0
DA:486,0
DA:487,0
DA:488,0
DA:489,0
DA:490,0
DA:493,0
DA:503,0
DA:504,0
DA:512,0
DA:513,0
DA:514,0
DA:525,0
LF:159
LH:0
BRDA:69,0,0,0
BRDA:69,0,1,0
BRDA:82,1,0,0
BRDA:82,1,1,0
BRDA:94,2,0,0
BRDA:94,2,1,0
BRDA:112,3,0,0
BRDA:112,3,1,0
BRDA:112,4,0,0
BRDA:112,4,1,0
BRDA:119,5,0,0
BRDA:119,5,1,0
BRDA:125,6,0,0
BRDA:125,6,1,0
BRDA:126,7,0,0
BRDA:126,7,1,0
BRDA:136,8,0,0
BRDA:136,8,1,0
BRDA:138,9,0,0
BRDA:138,9,1,0
BRDA:140,10,0,0
BRDA:140,10,1,0
BRDA:148,11,0,0
BRDA:148,11,1,0
BRDA:157,12,0,0
BRDA:157,12,1,0
BRDA:169,13,0,0
BRDA:169,13,1,0
BRDA:174,14,0,0
BRDA:174,14,1,0
BRDA:181,15,0,0
BRDA:181,15,1,0
BRDA:182,16,0,0
BRDA:182,16,1,0
BRDA:199,17,0,0
BRDA:199,17,1,0
BRDA:215,18,0,0
BRDA:215,18,1,0
BRDA:215,18,2,0
BRDA:215,18,3,0
BRDA:215,18,4,0
BRDA:215,18,5,0
BRDA:235,19,0,0
BRDA:235,19,1,0
BRDA:240,20,0,0
BRDA:240,20,1,0
BRDA:256,21,0,0
BRDA:256,21,1,0
BRDA:344,22,0,0
BRDA:344,22,1,0
BRDA:360,23,0,0
BRDA:360,23,1,0
BRDA:360,23,2,0
BRDA:363,24,0,0
BRDA:363,24,1,0
BRDA:370,25,0,0
BRDA:370,25,1,0
BRDA:382,26,0,0
BRDA:382,26,1,0
BRDA:396,27,0,0
BRDA:396,27,1,0
BRDA:403,28,0,0
BRDA:403,28,1,0
BRDA:424,29,0,0
BRDA:424,29,1,0
BRDA:440,30,0,0
BRDA:440,30,1,0
BRDA:440,31,0,0
BRDA:440,31,1,0
BRDA:448,32,0,0
BRDA:448,32,1,0
BRDA:449,33,0,0
BRDA:449,33,1,0
BRDA:457,34,0,0
BRDA:457,34,1,0
BRDA:457,35,0,0
BRDA:457,35,1,0
BRDA:465,36,0,0
BRDA:465,36,1,0
BRDA:466,37,0,0
BRDA:466,37,1,0
BRDA:467,38,0,0
BRDA:467,38,1,0
BRDA:490,39,0,0
BRDA:490,39,1,0
BRF:85
BRH:0
end_of_record
TN:
SF:app/javascript/components/JourneyBuilderFlow.tsx
FN:97,(anonymous_0)
FN:122,(anonymous_1)
FN:123,(anonymous_2)
FN:137,(anonymous_3)
FN:138,(anonymous_4)
FN:149,(anonymous_5)
FN:155,(anonymous_6)
FN:160,(anonymous_7)
FN:167,(anonymous_8)
FN:174,(anonymous_9)
FN:186,(anonymous_10)
FN:192,(anonymous_11)
FN:193,(anonymous_12)
FN:213,(anonymous_13)
FN:260,(anonymous_14)
FN:265,(anonymous_15)
FN:473,(anonymous_16)
FNF:17
FNH:0
FNDA:0,(anonymous_0)
FNDA:0,(anonymous_1)
FNDA:0,(anonymous_2)
FNDA:0,(anonymous_3)
FNDA:0,(anonymous_4)
FNDA:0,(anonymous_5)
FNDA:0,(anonymous_6)
FNDA:0,(anonymous_7)
FNDA:0,(anonymous_8)
FNDA:0,(anonymous_9)
FNDA:0,(anonymous_10)
FNDA:0,(anonymous_11)
FNDA:0,(anonymous_12)
FNDA:0,(anonymous_13)
FNDA:0,(anonymous_14)
FNDA:0,(anonymous_15)
FNDA:0,(anonymous_16)
DA:21,0
DA:25,0
DA:97,0
DA:101,0
DA:102,0
DA:103,0
DA:104,0
DA:119,0
DA:122,0
DA:123,0
DA:137,0
DA:138,0
DA:149,0
DA:150,0
DA:151,0
DA:155,0
DA:156,0
DA:160,0
DA:161,0
DA:162,0
DA:167,0
DA:168,0
DA:170,0
DA:171,0
DA:173,0
DA:174,0
DA:176,0
DA:178,0
DA:183,0
DA:186,0
DA:187,0
DA:188,0
DA:192,0
DA:193,0
DA:194,0
DA:195,0
DA:197,0
DA:198,0
DA:200,0
DA:202,0
DA:203,0
DA:205,0
DA:206,0
DA:207,0
DA:212,0
DA:213,0
DA:216,0
DA:261,0
DA:266,0
DA:267,0
DA:473,0
DA:474,0
LF:52
LH:0
BRDA:161,0,0,0
BRDA:161,0,1,0
BRDA:161,1,0,0
BRDA:161,1,1,0
BRDA:171,2,0,0
BRDA:171,2,1,0
BRDA:176,3,0,0
BRDA:176,3,1,0
BRDA:194,4,0,0
BRDA:194,4,1,0
BRDA:194,5,0,0
BRDA:194,5,1,0
BRDA:195,6,0,0
BRDA:195,6,1,0
BRDA:197,7,0,0
BRDA:197,7,1,0
BRDA:239,8,0,0
BRDA:239,8,1,0
BRDA:251,9,0,0
BRDA:251,9,1,0
BRF:20
BRH:0
end_of_record
TN:
SF:app/javascript/components/JourneyPreviewModal.tsx
FN:10,(anonymous_0)
FN:20,(anonymous_1)
FN:25,(anonymous_2)
FN:31,(anonymous_3)
FN:37,(anonymous_4)
FN:42,(anonymous_5)
FN:52,(anonymous_6)
FN:93,(anonymous_7)
FN:105,(anonymous_8)
FN:195,(anonymous_9)
FNF:10
FNH:0
FNDA:0,(anonymous_0)
FNDA:0,(anonymous_1)
FNDA:0,(anonymous_2)
FNDA:0,(anonymous_3)
FNDA:0,(anonymous_4)
FNDA:0,(anonymous_5)
FNDA:0,(anonymous_6)
FNDA:0,(anonymous_7)
FNDA:0,(anonymous_8)
FNDA:0,(anonymous_9)
DA:10,0
DA:15,0
DA:16,0
DA:18,0
DA:20,0
DA:21,0
DA:22,0
DA:25,0
DA:26,0
DA:27,0
DA:31,0
DA:32,0
DA:33,0
DA:37,0
DA:38,0
DA:39,0
DA:42,0
DA:43,0
DA:49,0
DA:52,0
DA:53,0
DA:67,0
DA:70,0
DA:72,0
DA:93,0
DA:106,0
DA:196,0
LF:27
LH:0
BRDA:18,0,0,0
BRDA:18,0,1,0
BRDA:26,1,0,0
BRDA:26,1,1,0
BRDA:32,2,0,0
BRDA:32,2,1,0
BRDA:49,3,0,0
BRDA:49,3,1,0
BRDA:67,4,0,0
BRDA:67,4,1,0
BRDA:83,5,0,0
BRDA:83,5,1,0
BRDA:157,6,0,0
BRDA:157,6,1,0
BRDA:182,7,0,0
BRDA:182,7,1,0
BRDA:182,7,2,0
BRDA:191,8,0,0
BRDA:191,8,1,0
BRDA:191,8,2,0
BRF:20
BRH:0
end_of_record
TN:
SF:app/javascript/components/LivePreviewSystem.tsx
FN:40,(anonymous_0)
FN:186,(anonymous_1)
FN:187,(anonymous_2)
FN:190,(anonymous_3)
FN:195,(anonymous_4)
FN:201,(anonymous_5)
FN:205,(anonymous_6)
FN:209,(anonymous_7)
FN:226,(anonymous_8)
FN:244,(anonymous_9)
FN:297,(anonymous_10)
FN:348,(anonymous_11)
FN:384,(anonymous_12)
FN:398,(anonymous_13)
FN:410,(anonymous_14)
FN:428,(anonymous_15)
FN:440,(anonymous_16)
FN:456,(anonymous_17)
FN:459,(anonymous_18)
FN:478,(anonymous_19)
FN:481,(anonymous_20)
FNF:21
FNH:0
FNDA:0,(anonymous_0)
FNDA:0,(anonymous_1)
FNDA:0,(anonymous_2)
FNDA:0,(anonymous_3)
FNDA:0,(anonymous_4)
FNDA:0,(anonymous_5)
FNDA:0,(anonymous_6)
FNDA:0,(anonymous_7)
FNDA:0,(anonymous_8)
FNDA:0,(anonymous_9)
FNDA:0,(anonymous_10)
FNDA:0,(anonymous_11)
FNDA:0,(anonymous_12)
FNDA:0,(anonymous_13)
FNDA:0,(anonymous_14)
FNDA:0,(anonymous_15)
FNDA:0,(anonymous_16)
FNDA:0,(anonymous_17)
FNDA:0,(anonymous_18)
FNDA:0,(anonymous_19)
FNDA:0,(anonymous_20)
DA:40,0
DA:51,0
DA:52,0
DA:53,0
DA:54,0
DA:55,0
DA:56,0
DA:59,0
DA:95,0
DA:186,0
DA:187,0
DA:190,0
DA:191,0
DA:195,0
DA:196,0
DA:197,0
DA:201,0
DA:202,0
DA:205,0
DA:206,0
DA:209,0
DA:210,0
DA:212,0
DA:215,0
DA:216,0
DA:220,0
DA:222,0
DA:226,0
DA:227,0
DA:229,0
DA:230,0
DA:234,0
DA:245,0
DA:297,0
DA:298,0
DA:300,0
DA:336,0
DA:348,0
DA:384,0
DA:398,0
DA:410,0
DA:428,0
DA:440,0
DA:457,0
DA:459,0
DA:478,0
DA:482,0
LF:47
LH:0
BRDA:42,0,0,0
BRDA:45,1,0,0
BRDA:46,2,0,0
BRDA:47,3,0,0
BRDA:48,4,0,0
BRDA:196,5,0,0
BRDA:196,5,1,0
BRDA:210,6,0,0
BRDA:210,6,1,0
BRDA:212,7,0,0
BRDA:212,7,1,0
BRDA:212,7,2,0
BRDA:216,8,0,0
BRDA:216,8,1,0
BRDA:227,9,0,0
BRDA:227,9,1,0
BRDA:230,10,0,0
BRDA:230,10,1,0
BRDA:237,11,0,0
BRDA:237,11,1,0
BRDA:255,12,0,0
BRDA:255,12,1,0
BRDA:259,13,0,0
BRDA:259,13,1,0
BRDA:259,14,0,0
BRDA:259,14,1,0
BRDA:261,15,0,0
BRDA:261,15,1,0
BRDA:261,16,0,0
BRDA:261,16,1,0
BRDA:266,17,0,0
BRDA:266,17,1,0
BRDA:267,18,0,0
BRDA:267,18,1,0
BRDA:267,18,2,0
BRDA:279,19,0,0
BRDA:279,19,1,0
BRDA:287,20,0,0
BRDA:287,20,1,0
BRDA:298,21,0,0
BRDA:298,21,1,0
BRDA:314,22,0,0
BRDA:314,22,1,0
BRDA:322,23,0,0
BRDA:322,23,1,0
BRDA:324,24,0,0
BRDA:324,24,1,0
BRDA:353,25,0,0
BRDA:353,25,1,0
BRDA:364,26,0,0
BRDA:364,26,1,0
BRDA:371,27,0,0
BRDA:371,27,1,0
BRDA:374,28,0,0
BRDA:374,28,1,0
BRDA:379,29,0,0
BRDA:379,29,1,0
BRDA:396,30,0,0
BRDA:396,30,1,0
BRDA:400,31,0,0
BRDA:400,31,1,0
BRDA:404,32,0,0
BRDA:404,32,1,0
BRDA:406,33,0,0
BRDA:406,33,1,0
BRDA:412,34,0,0
BRDA:412,34,1,0
BRDA:426,35,0,0
BRDA:426,35,1,0
BRDA:430,36,0,0
BRDA:430,36,1,0
BRDA:438,37,0,0
BRDA:438,37,1,0
BRDA:442,38,0,0
BRDA:442,38,1,0
BRDA:454,39,0,0
BRDA:454,39,1,0
BRDA:454,39,2,0
BRDA:461,40,0,0
BRDA:461,40,1,0
BRDA:474,41,0,0
BRDA:474,41,1,0
BRDA:474,41,2,0
BRDA:492,42,0,0
BRDA:492,42,1,0
BRDA:499,43,0,0
BRDA:499,43,1,0
BRF:87
BRH:0
end_of_record
TN:
SF:app/javascript/components/MarkdownPreview.tsx
FN:16,(anonymous_0)
FN:35,(anonymous_1)
FN:45,(anonymous_2)
FN:55,(anonymous_3)
FN:60,(anonymous_4)
FN:64,(anonymous_5)
FN:81,(anonymous_6)
FN:84,(anonymous_7)
FN:101,(anonymous_8)
FN:104,(anonymous_9)
FN:120,(anonymous_10)
FN:132,(anonymous_11)
FN:160,(anonymous_12)
FN:169,(anonymous_13)
FN:178,(anonymous_14)
FN:189,(anonymous_15)
FN:196,(anonymous_16)
FN:203,(anonymous_17)
FN:212,(anonymous_18)
FN:221,(anonymous_19)
FN:230,(anonymous_20)
FN:239,(anonymous_21)
FN:248,(anonymous_22)
FN:257,(anonymous_23)
FN:269,(anonymous_24)
FN:279,(anonymous_25)
FN:289,(anonymous_26)
FN:310,(anonymous_27)
FN:345,(anonymous_28)
FNF:29
FNH:0
FNDA:0,(anonymous_0)
FNDA:0,(anonymous_1)
FNDA:0,(anonymous_2)
FNDA:0,(anonymous_3)
FNDA:0,(anonymous_4)
FNDA:0,(anonymous_5)
FNDA:0,(anonymous_6)
FNDA:0,(anonymous_7)
FNDA:0,(anonymous_8)
FNDA:0,(anonymous_9)
FNDA:0,(anonymous_10)
FNDA:0,(anonymous_11)
FNDA:0,(anonymous_12)
FNDA:0,(anonymous_13)
FNDA:0,(anonymous_14)
FNDA:0,(anonymous_15)
FNDA:0,(anonymous_16)
FNDA:0,(anonymous_17)
FNDA:0,(anonymous_18)
FNDA:0,(anonymous_19)
FNDA:0,(anonymous_20)
FNDA:0,(anonymous_21)
FNDA:0,(anonymous_22)
FNDA:0,(anonymous_23)
FNDA:0,(anonymous_24)
FNDA:0,(anonymous_25)
FNDA:0,(anonymous_26)
FNDA:0,(anonymous_27)
FNDA:0,(anonymous_28)
DA:16,0
DA:27,0
DA:28,0
DA:29,0
DA:30,0
DA:31,0
DA:32,0
DA:35,0
DA:36,0
DA:45,0
DA:46,0
DA:47,0
DA:49,0
DA:50,0
DA:55,0
DA:56,0
DA:60,0
DA:61,0
DA:64,0
DA:65,0
DA:67,0
DA:68,0
DA:69,0
DA:70,0
DA:72,0
DA:75,0
DA:76,0
DA:77,0
DA:78,0
DA:81,0
DA:84,0
DA:85,0
DA:87,0
DA:88,0
DA:89,0
DA:90,0
DA:92,0
DA:95,0
DA:96,0
DA:97,0
DA:98,0
DA:101,0
DA:104,0
DA:105,0
DA:106,0
DA:108,0
DA:109,0
DA:110,0
DA:111,0
DA:113,0
DA:114,0
DA:116,0
DA:117,0
DA:120,0
DA:121,0
DA:122,0
DA:123,0
DA:132,0
DA:133,0
DA:148,0
DA:152,0
DA:160,0
DA:169,0
DA:178,0
DA:189,0
DA:196,0
DA:203,0
DA:212,0
DA:221,0
DA:230,0
DA:239,0
DA:248,0
DA:257,0
DA:269,0
DA:279,0
DA:289,0
DA:310,0
DA:345,0
LF:78
LH:0
BRDA:19,0,0,0
BRDA:20,1,0,0
BRDA:21,2,0,0
BRDA:22,3,0,0
BRDA:23,4,0,0
BRDA:24,5,0,0
BRDA:25,6,0,0
BRDA:65,7,0,0
BRDA:65,7,1,0
BRDA:65,8,0,0
BRDA:65,8,1,0
BRDA:70,9,0,0
BRDA:70,9,1,0
BRDA:76,10,0,0
BRDA:76,10,1,0
BRDA:85,11,0,0
BRDA:85,11,1,0
BRDA:85,12,0,0
BRDA:85,12,1,0
BRDA:90,13,0,0
BRDA:90,13,1,0
BRDA:96,14,0,0
BRDA:96,14,1,0
BRDA:104,15,0,0
BRDA:104,16,0,0
BRDA:106,17,0,0
BRDA:106,17,1,0
BRDA:111,18,0,0
BRDA:111,18,1,0
BRDA:132,19,0,0
BRDA:139,20,0,0
BRDA:139,20,1,0
BRDA:148,21,0,0
BRDA:148,21,1,0
BRDA:155,22,0,0
BRDA:155,22,1,0
BRDA:271,23,0,0
BRDA:271,23,1,0
BRDA:281,24,0,0
BRDA:281,24,1,0
BRDA:291,25,0,0
BRDA:291,25,1,0
BRDA:305,26,0,0
BRDA:305,26,1,0
BRDA:305,26,2,0
BRDA:306,27,0,0
BRDA:306,27,1,0
BRDA:315,28,0,0
BRDA:315,28,1,0
BRDA:325,29,0,0
BRDA:325,29,1,0
BRDA:325,29,2,0
BRDA:326,30,0,0
BRDA:326,30,1,0
BRDA:331,31,0,0
BRDA:331,31,1,0
BRDA:350,32,0,0
BRDA:350,32,1,0
BRDA:350,32,2,0
BRF:59
BRH:0
end_of_record
TN:
SF:app/javascript/components/MediaManager.tsx
FN:35,(anonymous_0)
FN:61,(anonymous_1)
FN:104,(anonymous_2)
FN:110,(anonymous_3)
FN:112,(anonymous_4)
FN:119,(anonymous_5)
FN:121,(anonymous_6)
FN:126,(anonymous_7)
FN:141,(anonymous_8)
FN:148,(anonymous_9)
FN:155,(anonymous_10)
FN:156,(anonymous_11)
FN:157,(anonymous_12)
FN:173,(anonymous_13)
FN:194,(anonymous_14)
FN:202,(anonymous_15)
FN:204,(anonymous_16)
FN:206,(anonymous_17)
FN:214,(anonymous_18)
FN:219,(anonymous_19)
FN:232,(anonymous_20)
FN:234,(anonymous_21)
FN:242,(anonymous_22)
FN:289,(anonymous_23)
FN:307,(anonymous_24)
FN:309,(anonymous_25)
FN:317,(anonymous_26)
FN:352,(anonymous_27)
FN:365,(anonymous_28)
FN:394,(anonymous_29)
FN:405,(anonymous_30)
FN:432,(anonymous_31)
FN:440,(anonymous_32)
FN:453,(anonymous_33)
FN:493,(anonymous_34)
FN:537,(anonymous_35)
FN:543,(anonymous_36)
FN:544,(anonymous_37)
FN:545,(anonymous_38)
FN:566,(anonymous_39)
FN:578,(anonymous_40)
FN:579,(anonymous_41)
FN:591,(anonymous_42)
FN:597,(anonymous_43)
FNF:44
FNH:0
FNDA:0,(anonymous_0)
FNDA:0,(anonymous_1)
FNDA:0,(anonymous_2)
FNDA:0,(anonymous_3)
FNDA:0,(anonymous_4)
FNDA:0,(anonymous_5)
FNDA:0,(anonymous_6)
FNDA:0,(anonymous_7)
FNDA:0,(anonymous_8)
FNDA:0,(anonymous_9)
FNDA:0,(anonymous_10)
FNDA:0,(anonymous_11)
FNDA:0,(anonymous_12)
FNDA:0,(anonymous_13)
FNDA:0,(anonymous_14)
FNDA:0,(anonymous_15)
FNDA:0,(anonymous_16)
FNDA:0,(anonymous_17)
FNDA:0,(anonymous_18)
FNDA:0,(anonymous_19)
FNDA:0,(anonymous_20)
FNDA:0,(anonymous_21)
FNDA:0,(anonymous_22)
FNDA:0,(anonymous_23)
FNDA:0,(anonymous_24)
FNDA:0,(anonymous_25)
FNDA:0,(anonymous_26)
FNDA:0,(anonymous_27)
FNDA:0,(anonymous_28)
FNDA:0,(anonymous_29)
FNDA:0,(anonymous_30)
FNDA:0,(anonymous_31)
FNDA:0,(anonymous_32)
FNDA:0,(anonymous_33)
FNDA:0,(anonymous_34)
FNDA:0,(anonymous_35)
FNDA:0,(anonymous_36)
FNDA:0,(anonymous_37)
FNDA:0,(anonymous_38)
FNDA:0,(anonymous_39)
FNDA:0,(anonymous_40)
FNDA:0,(anonymous_41)
FNDA:0,(anonymous_42)
FNDA:0,(anonymous_43)
DA:35,0
DA:46,0
DA:47,0
DA:48,0
DA:49,0
DA:50,0
DA:51,0
DA:52,0
DA:53,0
DA:54,0
DA:55,0
DA:56,0
DA:57,0
DA:58,0
DA:61,0
DA:62,0
DA:100,0
DA:104,0
DA:105,0
DA:108,0
DA:109,0
DA:110,0
DA:112,0
DA:117,0
DA:118,0
DA:119,0
DA:120,0
DA:121,0
DA:126,0
DA:127,0
DA:129,0
DA:131,0
DA:134,0
DA:138,0
DA:141,0
DA:142,0
DA:144,0
DA:145,0
DA:148,0
DA:149,0
DA:151,0
DA:153,0
DA:155,0
DA:156,0
DA:157,0
DA:158,0
DA:159,0
DA:160,0
DA:161,0
DA:162,0
DA:164,0
DA:169,0
DA:172,0
DA:173,0
DA:176,0
DA:178,0
DA:179,0
DA:183,0
DA:194,0
DA:195,0
DA:196,0
DA:197,0
DA:198,0
DA:199,0
DA:202,0
DA:203,0
DA:204,0
DA:205,0
DA:206,0
DA:210,0
DA:214,0
DA:215,0
DA:216,0
DA:219,0
DA:220,0
DA:222,0
DA:224,0
DA:226,0
DA:228,0
DA:232,0
DA:233,0
DA:235,0
DA:242,0
DA:290,0
DA:291,0
DA:307,0
DA:308,0
DA:310,0
DA:317,0
DA:353,0
DA:366,0
DA:367,0
DA:383,0
DA:394,0
DA:405,0
DA:432,0
DA:440,0
DA:453,0
DA:494,0
DA:537,0
DA:544,0
DA:545,0
DA:566,0
DA:578,0
DA:579,0
DA:591,0
DA:599,0
LF:107
LH:0
BRDA:38,0,0,0
BRDA:39,1,0,0
BRDA:40,2,0,0
BRDA:41,3,0,0
BRDA:42,4,0,0
BRDA:43,5,0,0
BRDA:44,6,0,0
BRDA:108,7,0,0
BRDA:108,7,1,0
BRDA:109,8,0,0
BRDA:109,8,1,0
BRDA:117,9,0,0
BRDA:117,9,1,0
BRDA:120,10,0,0
BRDA:120,10,1,0
BRDA:127,11,0,0
BRDA:127,11,1,0
BRDA:127,11,2,0
BRDA:127,11,3,0
BRDA:142,12,0,0
BRDA:142,12,1,0
BRDA:142,13,0,0
BRDA:142,13,1,0
BRDA:159,14,0,0
BRDA:159,14,1,0
BRDA:186,15,0,0
BRDA:186,15,1,0
BRDA:187,16,0,0
BRDA:187,16,1,0
BRDA:188,17,0,0
BRDA:188,17,1,0
BRDA:190,18,0,0
BRDA:190,18,1,0
BRDA:195,19,0,0
BRDA:195,19,1,0
BRDA:203,20,0,0
BRDA:203,20,1,0
BRDA:205,21,0,0
BRDA:205,21,1,0
BRDA:220,22,0,0
BRDA:220,22,1,0
BRDA:220,22,2,0
BRDA:220,22,3,0
BRDA:238,23,0,0
BRDA:238,23,1,0
BRDA:246,24,0,0
BRDA:246,24,1,0
BRDA:248,25,0,0
BRDA:248,25,1,0
BRDA:270,26,0,0
BRDA:270,26,1,0
BRDA:277,27,0,0
BRDA:277,27,1,0
BRDA:287,28,0,0
BRDA:287,28,1,0
BRDA:287,28,2,0
BRDA:313,29,0,0
BRDA:313,29,1,0
BRDA:321,30,0,0
BRDA:321,30,1,0
BRDA:323,31,0,0
BRDA:323,31,1,0
BRDA:336,32,0,0
BRDA:336,32,1,0
BRDA:345,33,0,0
BRDA:345,33,1,0
BRDA:350,34,0,0
BRDA:350,34,1,0
BRDA:363,35,0,0
BRDA:363,35,1,0
BRDA:363,35,2,0
BRDA:396,36,0,0
BRDA:396,36,1,0
BRDA:407,37,0,0
BRDA:407,37,1,0
BRDA:444,38,0,0
BRDA:444,38,1,0
BRDA:445,39,0,0
BRDA:445,39,1,0
BRDA:446,40,0,0
BRDA:446,40,1,0
BRDA:447,41,0,0
BRDA:447,41,1,0
BRDA:464,42,0,0
BRDA:464,42,1,0
BRDA:469,43,0,0
BRDA:469,43,1,0
BRDA:478,44,0,0
BRDA:478,44,1,0
BRDA:491,45,0,0
BRDA:491,45,1,0
BRDA:491,45,2,0
BRDA:514,46,0,0
BRDA:514,46,1,0
BRDA:521,47,0,0
BRDA:521,47,1,0
BRDA:526,48,0,0
BRDA:526,48,1,0
BRDA:529,49,0,0
BRDA:529,49,1,0
BRDA:529,49,2,0
BRDA:533,50,0,0
BRDA:533,50,1,0
BRDA:560,51,0,0
BRDA:560,51,1,0
BRDA:560,51,2,0
BRF:106
BRH:0
end_of_record
TN:
SF:app/javascript/components/MobileAnalyticsDashboard.tsx
FN:16,(anonymous_0)
FN:19,(anonymous_1)
FN:25,(anonymous_2)
FN:26,(anonymous_3)
FN:30,(anonymous_4)
FN:112,(anonymous_5)
FN:162,(anonymous_6)
FN:170,(anonymous_7)
FN:184,(anonymous_8)
FN:204,(anonymous_9)
FN:238,(anonymous_10)
FN:254,(anonymous_11)
FN:296,(anonymous_12)
FN:305,(anonymous_13)
FN:313,(anonymous_14)
FN:320,(anonymous_15)
FNF:16
FNH:0
FNDA:0,(anonymous_0)
FNDA:0,(anonymous_1)
FNDA:0,(anonymous_2)
FNDA:0,(anonymous_3)
FNDA:0,(anonymous_4)
FNDA:0,(anonymous_5)
FNDA:0,(anonymous_6)
FNDA:0,(anonymous_7)
FNDA:0,(anonymous_8)
FNDA:0,(anonymous_9)
FNDA:0,(anonymous_10)
FNDA:0,(anonymous_11)
FNDA:0,(anonymous_12)
FNDA:0,(anonymous_13)
FNDA:0,(anonymous_14)
FNDA:0,(anonymous_15)
DA:16,0
DA:17,0
DA:19,0
DA:20,0
DA:21,0
DA:25,0
DA:26,0
DA:28,0
DA:31,0
DA:59,0
DA:112,0
DA:113,0
DA:115,0
DA:162,0
DA:163,0
DA:165,0
DA:170,0
DA:184,0
DA:205,0
DA:239,0
DA:254,0
DA:265,0
DA:296,0
DA:300,0
DA:301,0
DA:303,0
DA:305,0
DA:306,0
DA:307,0
DA:313,0
DA:314,0
DA:320,0
DA:321,0
DA:323,0
DA:324,0
DA:325,0
DA:327,0
DA:328,0
DA:330,0
DA:331,0
DA:335,0
DA:342,0
DA:343,0
DA:344,0
DA:345,0
LF:45
LH:0
BRDA:30,0,0,0
BRDA:30,0,1,0
BRDA:78,1,0,0
BRDA:78,1,1,0
BRDA:80,2,0,0
BRDA:80,2,1,0
BRDA:84,3,0,0
BRDA:84,3,1,0
BRDA:88,4,0,0
BRDA:88,4,1,0
BRDA:88,4,2,0
BRDA:113,5,0,0
BRDA:113,5,1,0
BRDA:113,6,0,0
BRDA:113,6,1,0
BRDA:133,7,0,0
BRDA:133,7,1,0
BRDA:135,8,0,0
BRDA:135,8,1,0
BRDA:137,9,0,0
BRDA:137,9,1,0
BRDA:137,10,0,0
BRDA:137,10,1,0
BRDA:172,11,0,0
BRDA:172,11,1,0
BRDA:177,12,0,0
BRDA:177,12,1,0
BRDA:178,13,0,0
BRDA:178,13,1,0
BRDA:186,14,0,0
BRDA:186,14,1,0
BRDA:191,15,0,0
BRDA:191,15,1,0
BRDA:192,16,0,0
BRDA:192,16,1,0
BRDA:200,17,0,0
BRDA:200,17,1,0
BRDA:236,18,0,0
BRDA:236,18,1,0
BRDA:321,19,0,0
BRDA:321,19,1,0
BRDA:321,20,0,0
BRDA:321,20,1,0
BRDA:327,21,0,0
BRDA:327,21,1,0
BRDA:327,22,0,0
BRDA:327,22,1,0
BRDA:330,23,0,0
BRDA:330,23,1,0
BRDA:330,24,0,0
BRDA:330,24,1,0
BRF:51
BRH:0
end_of_record
TN:
SF:app/javascript/components/PropertiesPanel.tsx
FN:5,(anonymous_0)
FN:10,(anonymous_1)
FN:14,(anonymous_2)
FN:22,(anonymous_3)
FN:23,(anonymous_4)
FN:44,(anonymous_5)
FN:50,(anonymous_6)
FN:141,(anonymous_7)
FN:151,(anonymous_8)
FN:162,(anonymous_9)
FN:164,(anonymous_10)
FN:177,(anonymous_11)
FN:179,(anonymous_12)
FN:200,(anonymous_13)
FN:210,(anonymous_14)
FN:229,(anonymous_15)
FN:248,(anonymous_16)
FN:266,(anonymous_17)
FN:270,(anonymous_18)
FN:283,(anonymous_19)
FN:287,(anonymous_20)
FN:300,(anonymous_21)
FN:304,(anonymous_22)
FNF:23
FNH:0
FNDA:0,(anonymous_0)
FNDA:0,(anonymous_1)
FNDA:0,(anonymous_2)
FNDA:0,(anonymous_3)
FNDA:0,(anonymous_4)
FNDA:0,(anonymous_5)
FNDA:0,(anonymous_6)
FNDA:0,(anonymous_7)
FNDA:0,(anonymous_8)
FNDA:0,(anonymous_9)
FNDA:0,(anonymous_10)
FNDA:0,(anonymous_11)
FNDA:0,(anonymous_12)
FNDA:0,(anonymous_13)
FNDA:0,(anonymous_14)
FNDA:0,(anonymous_15)
FNDA:0,(anonymous_16)
FNDA:0,(anonymous_17)
FNDA:0,(anonymous_18)
FNDA:0,(anonymous_19)
FNDA:0,(anonymous_20)
FNDA:0,(anonymous_21)
FNDA:0,(anonymous_22)
DA:5,0
DA:6,0
DA:7,0
DA:9,0
DA:10,0
DA:14,0
DA:15,0
DA:16,0
DA:18,0
DA:22,0
DA:23,0
DA:29,0
DA:30,0
DA:31,0
DA:32,0
DA:39,0
DA:44,0
DA:45,0
DA:50,0
DA:55,0
DA:56,0
DA:60,0
DA:61,0
DA:105,0
DA:112,0
DA:123,0
DA:141,0
DA:151,0
DA:162,0
DA:165,0
DA:177,0
DA:180,0
DA:200,0
DA:210,0
DA:229,0
DA:248,0
DA:267,0
DA:268,0
DA:270,0
DA:271,0
DA:284,0
DA:285,0
DA:287,0
DA:288,0
DA:301,0
DA:302,0
DA:304,0
DA:305,0
LF:48
LH:0
BRDA:9,0,0,0
BRDA:9,0,1,0
BRDA:15,1,0,0
BRDA:15,1,1,0
BRDA:29,2,0,0
BRDA:29,2,1,0
BRDA:30,3,0,0
BRDA:30,3,1,0
BRDA:55,4,0,0
BRDA:55,4,1,0
BRDA:60,5,0,0
BRDA:60,5,1,0
BRDA:140,6,0,0
BRDA:140,6,1,0
BRDA:150,7,0,0
BRDA:150,7,1,0
BRDA:161,8,0,0
BRDA:161,8,1,0
BRDA:176,9,0,0
BRDA:176,9,1,0
BRDA:192,10,0,0
BRDA:192,10,1,0
BRDA:192,10,2,0
BRDA:199,11,0,0
BRDA:199,11,1,0
BRDA:209,12,0,0
BRDA:209,12,1,0
BRDA:223,13,0,0
BRDA:223,13,1,0
BRDA:228,14,0,0
BRDA:228,14,1,0
BRDA:241,15,0,0
BRDA:241,15,1,0
BRDA:241,15,2,0
BRDA:247,16,0,0
BRDA:247,16,1,0
BRDA:265,17,0,0
BRDA:265,17,1,0
BRDA:267,18,0,0
BRDA:267,18,1,0
BRDA:268,19,0,0
BRDA:268,19,1,0
BRDA:282,20,0,0
BRDA:282,20,1,0
BRDA:284,21,0,0
BRDA:284,21,1,0
BRDA:285,22,0,0
BRDA:285,22,1,0
BRDA:299,23,0,0
BRDA:299,23,1,0
BRDA:301,24,0,0
BRDA:301,24,1,0
BRDA:302,25,0,0
BRDA:302,25,1,0
BRF:54
BRH:0
end_of_record
TN:
SF:app/javascript/components/RichTextEditor.tsx
FN:53,(anonymous_0)
FN:82,(anonymous_1)
FN:138,(anonymous_2)
FN:148,(anonymous_3)
FN:163,(anonymous_4)
FN:172,(anonymous_5)
FN:173,(anonymous_6)
FN:180,(anonymous_7)
FN:185,(anonymous_8)
FN:193,(anonymous_9)
FN:196,(anonymous_10)
FN:199,(anonymous_11)
FN:223,(anonymous_12)
FN:224,(anonymous_13)
FN:225,(anonymous_14)
FN:226,(anonymous_15)
FN:251,(anonymous_16)
FN:262,(anonymous_17)
FN:273,(anonymous_18)
FN:284,(anonymous_19)
FN:303,(anonymous_20)
FN:310,(anonymous_21)
FN:317,(anonymous_22)
FN:326,(anonymous_23)
FN:376,(anonymous_24)
FN:383,(anonymous_25)
FN:390,(anonymous_26)
FN:397,(anonymous_27)
FNF:28
FNH:0
FNDA:0,(anonymous_0)
FNDA:0,(anonymous_1)
FNDA:0,(anonymous_2)
FNDA:0,(anonymous_3)
FNDA:0,(anonymous_4)
FNDA:0,(anonymous_5)
FNDA:0,(anonymous_6)
FNDA:0,(anonymous_7)
FNDA:0,(anonymous_8)
FNDA:0,(anonymous_9)
FNDA:0,(anonymous_10)
FNDA:0,(anonymous_11)
FNDA:0,(anonymous_12)
FNDA:0,(anonymous_13)
FNDA:0,(anonymous_14)
FNDA:0,(anonymous_15)
FNDA:0,(anonymous_16)
FNDA:0,(anonymous_17)
FNDA:0,(anonymous_18)
FNDA:0,(anonymous_19)
FNDA:0,(anonymous_20)
FNDA:0,(anonymous_21)
FNDA:0,(anonymous_22)
FNDA:0,(anonymous_23)
FNDA:0,(anonymous_24)
FNDA:0,(anonymous_25)
FNDA:0,(anonymous_26)
FNDA:0,(anonymous_27)
DA:53,0
DA:72,0
DA:73,0
DA:74,0
DA:75,0
DA:76,0
DA:77,0
DA:80,0
DA:82,0
DA:134,0
DA:139,0
DA:140,0
DA:143,0
DA:144,0
DA:145,0
DA:148,0
DA:149,0
DA:150,0
DA:151,0
DA:152,0
DA:154,0
DA:156,0
DA:160,0
DA:165,0
DA:172,0
DA:173,0
DA:174,0
DA:175,0
DA:180,0
DA:181,0
DA:182,0
DA:185,0
DA:186,0
DA:187,0
DA:188,0
DA:189,0
DA:193,0
DA:194,0
DA:195,0
DA:196,0
DA:199,0
DA:200,0
DA:201,0
DA:204,0
DA:205,0
DA:213,0
DA:223,0
DA:224,0
DA:225,0
DA:226,0
DA:251,0
DA:262,0
DA:273,0
DA:284,0
DA:303,0
DA:310,0
DA:317,0
DA:326,0
DA:376,0
DA:383,0
DA:390,0
DA:397,0
LF:62
LH:0
BRDA:54,0,0,0
BRDA:57,1,0,0
BRDA:58,2,0,0
BRDA:59,3,0,0
BRDA:60,4,0,0
BRDA:62,5,0,0
BRDA:63,6,0,0
BRDA:64,7,0,0
BRDA:65,8,0,0
BRDA:67,9,0,0
BRDA:68,10,0,0
BRDA:69,11,0,0
BRDA:143,12,0,0
BRDA:143,12,1,0
BRDA:143,13,0,0
BRDA:143,13,1,0
BRDA:144,14,0,0
BRDA:144,14,1,0
BRDA:165,15,0,0
BRDA:165,15,1,0
BRDA:174,16,0,0
BRDA:174,16,1,0
BRDA:186,17,0,0
BRDA:186,17,1,0
BRDA:186,18,0,0
BRDA:186,18,1,0
BRDA:194,19,0,0
BRDA:194,19,1,0
BRDA:200,20,0,0
BRDA:200,20,1,0
BRDA:204,21,0,0
BRDA:204,21,1,0
BRDA:216,22,0,0
BRDA:216,22,1,0
BRDA:216,22,2,0
BRDA:227,23,0,0
BRDA:227,23,1,0
BRDA:244,24,0,0
BRDA:244,24,1,0
BRDA:253,25,0,0
BRDA:253,25,1,0
BRDA:264,26,0,0
BRDA:264,26,1,0
BRDA:275,27,0,0
BRDA:275,27,1,0
BRDA:296,28,0,0
BRDA:296,28,1,0
BRDA:341,29,0,0
BRDA:341,29,1,0
BRDA:344,30,0,0
BRDA:344,30,1,0
BRDA:347,31,0,0
BRDA:347,31,1,0
BRDA:348,32,0,0
BRDA:348,32,1,0
BRDA:355,33,0,0
BRDA:355,33,1,0
BRDA:357,34,0,0
BRDA:357,34,1,0
BRDA:362,35,0,0
BRDA:362,35,1,0
BRDA:373,36,0,0
BRDA:373,36,1,0
BRDA:380,37,0,0
BRDA:380,37,1,0
BRDA:387,38,0,0
BRDA:387,38,1,0
BRDA:394,39,0,0
BRDA:394,39,1,0
BRF:69
BRH:0
end_of_record
TN:
SF:app/javascript/components/RichTextEditor/CollaborationIndicator.tsx
FN:22,(anonymous_0)
FN:32,(anonymous_1)
FN:33,(anonymous_2)
FN:45,(anonymous_3)
FN:46,(anonymous_4)
FN:48,(anonymous_5)
FN:59,(anonymous_6)
FN:62,(anonymous_7)
FN:65,(anonymous_8)
FN:71,(anonymous_9)
FN:102,(anonymous_10)
FN:110,(anonymous_11)
FN:111,(anonymous_12)
FN:113,(anonymous_13)
FN:174,(anonymous_14)
FN:214,(anonymous_15)
FN:215,(anonymous_16)
FN:247,(anonymous_17)
FN:249,(anonymous_18)
FNF:19
FNH:0
FNDA:0,(anonymous_0)
FNDA:0,(anonymous_1)
FNDA:0,(anonymous_2)
FNDA:0,(anonymous_3)
FNDA:0,(anonymous_4)
FNDA:0,(anonymous_5)
FNDA:0,(anonymous_6)
FNDA:0,(anonymous_7)
FNDA:0,(anonymous_8)
FNDA:0,(anonymous_9)
FNDA:0,(anonymous_10)
FNDA:0,(anonymous_11)
FNDA:0,(anonymous_12)
FNDA:0,(anonymous_13)
FNDA:0,(anonymous_14)
FNDA:0,(anonymous_15)
FNDA:0,(anonymous_16)
FNDA:0,(anonymous_17)
FNDA:0,(anonymous_18)
DA:22,0
DA:27,0
DA:28,0
DA:31,0
DA:32,0
DA:33,0
DA:38,0
DA:42,0
DA:45,0
DA:46,0
DA:47,0
DA:48,0
DA:49,0
DA:50,0
DA:56,0
DA:59,0
DA:62,0
DA:63,0
DA:65,0
DA:71,0
DA:72,0
DA:73,0
DA:75,0
DA:76,0
DA:77,0
DA:78,0
DA:81,0
DA:82,0
DA:85,0
DA:102,0
DA:110,0
DA:111,0
DA:114,0
DA:175,0
DA:215,0
DA:216,0
DA:218,0
DA:247,0
DA:250,0
LF:39
LH:0
BRDA:25,0,0,0
BRDA:38,1,0,0
BRDA:38,1,1,0
BRDA:49,2,0,0
BRDA:49,2,1,0
BRDA:49,3,0,0
BRDA:49,3,1,0
BRDA:75,4,0,0
BRDA:75,4,1,0
BRDA:76,5,0,0
BRDA:76,5,1,0
BRDA:77,6,0,0
BRDA:77,6,1,0
BRDA:81,7,0,0
BRDA:81,7,1,0
BRDA:117,8,0,0
BRDA:117,8,1,0
BRDA:117,9,0,0
BRDA:117,9,1,0
BRDA:121,10,0,0
BRDA:121,10,1,0
BRDA:125,11,0,0
BRDA:125,11,1,0
BRDA:137,12,0,0
BRDA:137,12,1,0
BRDA:146,13,0,0
BRDA:146,13,1,0
BRDA:146,14,0,0
BRDA:146,14,1,0
BRDA:154,15,0,0
BRDA:154,15,1,0
BRDA:170,16,0,0
BRDA:170,16,1,0
BRDA:170,16,2,0
BRDA:178,17,0,0
BRDA:178,17,1,0
BRDA:182,18,0,0
BRDA:182,18,1,0
BRDA:197,19,0,0
BRDA:197,19,1,0
BRDA:203,20,0,0
BRDA:203,20,1,0
BRDA:216,21,0,0
BRDA:216,21,1,0
BRDA:247,22,0,0
BRDA:247,22,1,0
BRF:46
BRH:0
end_of_record
TN:
SF:app/javascript/components/RichTextEditor/EmojiPicker.tsx
FN:9,(anonymous_0)
FN:17,(anonymous_1)
FN:18,(anonymous_2)
FN:25,(anonymous_3)
FN:31,(anonymous_4)
FN:32,(anonymous_5)
FN:39,(anonymous_6)
FN:44,(anonymous_7)
FN:80,(anonymous_8)
FN:114,(anonymous_9)
FN:117,(anonymous_10)
FNF:11
FNH:0
FNDA:0,(anonymous_0)
FNDA:0,(anonymous_1)
FNDA:0,(anonymous_2)
FNDA:0,(anonymous_3)
FNDA:0,(anonymous_4)
FNDA:0,(anonymous_5)
FNDA:0,(anonymous_6)
FNDA:0,(anonymous_7)
FNDA:0,(anonymous_8)
FNDA:0,(anonymous_9)
FNDA:0,(anonymous_10)
DA:9,0
DA:13,0
DA:14,0
DA:17,0
DA:18,0
DA:19,0
DA:20,0
DA:24,0
DA:25,0
DA:26,0
DA:31,0
DA:32,0
DA:33,0
DA:34,0
DA:38,0
DA:39,0
DA:40,0
DA:44,0
DA:45,0
DA:48,0
DA:80,0
DA:115,0
DA:117,0
LF:23
LH:0
BRDA:19,0,0,0
BRDA:19,0,1,0
BRDA:19,1,0,0
BRDA:19,1,1,0
BRDA:33,2,0,0
BRDA:33,2,1,0
BRF:6
BRH:0
end_of_record
TN:
SF:app/javascript/components/RichTextEditor/ImageUploadModal.tsx
FN:18,(anonymous_0)
FN:32,(anonymous_1)
FN:33,(anonymous_2)
FN:40,(anonymous_3)
FN:46,(anonymous_4)
FN:47,(anonymous_5)
FN:54,(anonymous_6)
FN:60,(anonymous_7)
FN:61,(anonymous_8)
FN:62,(anonymous_9)
FN:66,(anonymous_10)
FN:67,(anonymous_11)
FN:73,(anonymous_12)
FN:85,(anonymous_13)
FN:86,(anonymous_14)
FN:87,(anonymous_15)
FN:91,(anonymous_16)
FN:95,(anonymous_17)
FN:106,(anonymous_18)
FN:136,(anonymous_19)
FN:137,(anonymous_20)
FN:145,(anonymous_21)
FN:171,(anonymous_22)
FN:211,(anonymous_23)
FN:249,(anonymous_24)
FN:259,(anonymous_25)
FN:269,(anonymous_26)
FN:311,(anonymous_27)
FN:319,(anonymous_28)
FN:327,(anonymous_29)
FN:355,(anonymous_30)
FN:385,(anonymous_31)
FN:401,(anonymous_32)
FN:420,(anonymous_33)
FN:421,(anonymous_34)
FNF:35
FNH:0
FNDA:0,(anonymous_0)
FNDA:0,(anonymous_1)
FNDA:0,(anonymous_2)
FNDA:0,(anonymous_3)
FNDA:0,(anonymous_4)
FNDA:0,(anonymous_5)
FNDA:0,(anonymous_6)
FNDA:0,(anonymous_7)
FNDA:0,(anonymous_8)
FNDA:0,(anonymous_9)
FNDA:0,(anonymous_10)
FNDA:0,(anonymous_11)
FNDA:0,(anonymous_12)
FNDA:0,(anonymous_13)
FNDA:0,(anonymous_14)
FNDA:0,(anonymous_15)
FNDA:0,(anonymous_16)
FNDA:0,(anonymous_17)
FNDA:0,(anonymous_18)
FNDA:0,(anonymous_19)
FNDA:0,(anonymous_20)
FNDA:0,(anonymous_21)
FNDA:0,(anonymous_22)
FNDA:0,(anonymous_23)
FNDA:0,(anonymous_24)
FNDA:0,(anonymous_25)
FNDA:0,(anonymous_26)
FNDA:0,(anonymous_27)
FNDA:0,(anonymous_28)
FNDA:0,(anonymous_29)
FNDA:0,(anonymous_30)
FNDA:0,(anonymous_31)
FNDA:0,(anonymous_32)
FNDA:0,(anonymous_33)
FNDA:0,(anonymous_34)
DA:18,0
DA:19,0
DA:20,0
DA:21,0
DA:22,0
DA:23,0
DA:24,0
DA:25,0
DA:26,0
DA:27,0
DA:28,0
DA:29,0
DA:32,0
DA:33,0
DA:34,0
DA:35,0
DA:39,0
DA:40,0
DA:41,0
DA:46,0
DA:47,0
DA:48,0
DA:49,0
DA:53,0
DA:54,0
DA:55,0
DA:60,0
DA:61,0
DA:62,0
DA:66,0
DA:67,0
DA:73,0
DA:76,0
DA:85,0
DA:86,0
DA:87,0
DA:88,0
DA:89,0
DA:91,0
DA:95,0
DA:96,0
DA:97,0
DA:106,0
DA:111,0
DA:112,0
DA:114,0
DA:115,0
DA:118,0
DA:119,0
DA:121,0
DA:122,0
DA:124,0
DA:136,0
DA:137,0
DA:138,0
DA:139,0
DA:145,0
DA:146,0
DA:147,0
DA:148,0
DA:150,0
DA:151,0
DA:159,0
DA:160,0
DA:163,0
DA:164,0
DA:166,0
DA:167,0
DA:171,0
DA:172,0
DA:174,0
DA:175,0
DA:176,0
DA:178,0
DA:179,0
DA:180,0
DA:181,0
DA:183,0
DA:188,0
DA:191,0
DA:195,0
DA:196,0
DA:201,0
DA:204,0
DA:205,0
DA:207,0
DA:211,0
DA:212,0
DA:213,0
DA:214,0
DA:216,0
DA:220,0
DA:221,0
DA:223,0
DA:249,0
DA:259,0
DA:269,0
DA:312,0
DA:319,0
DA:328,0
DA:329,0
DA:355,0
DA:385,0
DA:401,0
DA:420,0
DA:421,0
LF:106
LH:0
BRDA:34,0,0,0
BRDA:34,0,1,0
BRDA:34,1,0,0
BRDA:34,1,1,0
BRDA:48,2,0,0
BRDA:48,2,1,0
BRDA:88,3,0,0
BRDA:88,3,1,0
BRDA:114,4,0,0
BRDA:114,4,1,0
BRDA:138,5,0,0
BRDA:138,5,1,0
BRDA:155,6,0,0
BRDA:155,6,1,0
BRDA:159,7,0,0
BRDA:159,7,1,0
BRDA:178,8,0,0
BRDA:178,8,1,0
BRDA:180,9,0,0
BRDA:180,9,1,0
BRDA:180,10,0,0
BRDA:180,10,1,0
BRDA:181,11,0,0
BRDA:181,11,1,0
BRDA:181,12,0,0
BRDA:181,12,1,0
BRDA:181,12,2,0
BRDA:195,13,0,0
BRDA:195,13,1,0
BRDA:198,14,0,0
BRDA:198,14,1,0
BRDA:221,15,0,0
BRDA:221,15,1,0
BRDA:251,16,0,0
BRDA:251,16,1,0
BRDA:261,17,0,0
BRDA:261,17,1,0
BRDA:271,18,0,0
BRDA:271,18,1,0
BRDA:281,19,0,0
BRDA:281,19,1,0
BRDA:287,20,0,0
BRDA:287,20,1,0
BRDA:296,21,0,0
BRDA:296,21,1,0
BRDA:307,22,0,0
BRDA:307,22,1,0
BRDA:315,23,0,0
BRDA:315,23,1,0
BRDA:345,24,0,0
BRDA:345,24,1,0
BRDA:358,25,0,0
BRDA:358,25,1,0
BRDA:358,26,0,0
BRDA:358,26,1,0
BRDA:363,27,0,0
BRDA:363,27,1,0
BRDA:363,27,2,0
BRDA:370,28,0,0
BRDA:370,28,1,0
BRDA:395,29,0,0
BRDA:395,29,1,0
BRDA:413,30,0,0
BRDA:413,30,1,0
BRDA:413,30,2,0
BRDA:413,30,3,0
BRDA:413,30,4,0
BRDA:417,31,0,0
BRDA:417,31,1,0
BRDA:417,32,0,0
BRDA:417,32,1,0
BRDA:417,32,2,0
BRDA:434,33,0,0
BRDA:434,33,1,0
BRDA:473,34,0,0
BRDA:473,34,1,0
BRDA:476,35,0,0
BRDA:476,35,1,0
BRF:78
BRH:0
end_of_record
TN:
SF:app/javascript/components/RichTextEditor/LinkModal.tsx
FN:9,(anonymous_0)
FN:17,(anonymous_1)
FN:38,(anonymous_2)
FN:44,(anonymous_3)
FN:45,(anonymous_4)
FN:52,(anonymous_5)
FN:58,(anonymous_6)
FN:59,(anonymous_7)
FN:66,(anonymous_8)
FN:71,(anonymous_9)
FN:111,(anonymous_10)
FN:116,(anonymous_11)
FN:168,(anonymous_12)
FN:191,(anonymous_13)
FN:206,(anonymous_14)
FN:259,(anonymous_15)
FN:266,(anonymous_16)
FN:273,(anonymous_17)
FN:280,(anonymous_18)
FNF:19
FNH:0
FNDA:0,(anonymous_0)
FNDA:0,(anonymous_1)
FNDA:0,(anonymous_2)
FNDA:0,(anonymous_3)
FNDA:0,(anonymous_4)
FNDA:0,(anonymous_5)
FNDA:0,(anonymous_6)
FNDA:0,(anonymous_7)
FNDA:0,(anonymous_8)
FNDA:0,(anonymous_9)
FNDA:0,(anonymous_10)
FNDA:0,(anonymous_11)
FNDA:0,(anonymous_12)
FNDA:0,(anonymous_13)
FNDA:0,(anonymous_14)
FNDA:0,(anonymous_15)
FNDA:0,(anonymous_16)
FNDA:0,(anonymous_17)
FNDA:0,(anonymous_18)
DA:9,0
DA:10,0
DA:11,0
DA:12,0
DA:13,0
DA:14,0
DA:15,0
DA:17,0
DA:19,0
DA:20,0
DA:22,0
DA:23,0
DA:24,0
DA:25,0
DA:26,0
DA:29,0
DA:30,0
DA:33,0
DA:34,0
DA:38,0
DA:39,0
DA:44,0
DA:45,0
DA:46,0
DA:47,0
DA:51,0
DA:52,0
DA:53,0
DA:58,0
DA:59,0
DA:60,0
DA:61,0
DA:65,0
DA:66,0
DA:67,0
DA:71,0
DA:72,0
DA:74,0
DA:75,0
DA:78,0
DA:81,0
DA:82,0
DA:85,0
DA:91,0
DA:93,0
DA:96,0
DA:98,0
DA:99,0
DA:101,0
DA:104,0
DA:108,0
DA:111,0
DA:112,0
DA:113,0
DA:116,0
DA:117,0
DA:119,0
DA:120,0
DA:123,0
DA:124,0
DA:126,0
DA:128,0
DA:132,0
DA:134,0
DA:168,0
DA:191,0
DA:206,0
DA:259,0
DA:266,0
DA:273,0
DA:280,0
LF:71
LH:0
BRDA:22,0,0,0
BRDA:22,0,1,0
BRDA:24,1,0,0
BRDA:24,1,1,0
BRDA:46,2,0,0
BRDA:46,2,1,0
BRDA:46,3,0,0
BRDA:46,3,1,0
BRDA:60,4,0,0
BRDA:60,4,1,0
BRDA:74,5,0,0
BRDA:74,5,1,0
BRDA:81,6,0,0
BRDA:81,6,1,0
BRDA:81,7,0,0
BRDA:81,7,1,0
BRDA:81,7,2,0
BRDA:87,8,0,0
BRDA:87,8,1,0
BRDA:88,9,0,0
BRDA:88,9,1,0
BRDA:91,10,0,0
BRDA:91,10,1,0
BRDA:96,11,0,0
BRDA:96,11,1,0
BRDA:96,12,0,0
BRDA:96,12,1,0
BRDA:99,13,0,0
BRDA:99,13,1,0
BRDA:101,14,0,0
BRDA:101,14,1,0
BRDA:104,15,0,0
BRDA:104,15,1,0
BRDA:119,16,0,0
BRDA:119,16,1,0
BRDA:119,17,0,0
BRDA:119,17,1,0
BRDA:126,18,0,0
BRDA:126,18,1,0
BRDA:126,18,2,0
BRDA:143,19,0,0
BRDA:143,19,1,0
BRDA:171,20,0,0
BRDA:171,20,1,0
BRDA:171,21,0,0
BRDA:171,21,1,0
BRDA:177,22,0,0
BRDA:177,22,1,0
BRDA:177,22,2,0
BRDA:217,23,0,0
BRDA:217,23,1,0
BRDA:241,24,0,0
BRDA:241,24,1,0
BRDA:247,25,0,0
BRDA:247,25,1,0
BRF:55
BRH:0
end_of_record
TN:
SF:app/javascript/components/RichTextEditor/TableModal.tsx
FN:9,(anonymous_0)
FN:17,(anonymous_1)
FN:18,(anonymous_2)
FN:23,(anonymous_3)
FN:24,(anonymous_4)
FN:31,(anonymous_5)
FN:37,(anonymous_6)
FN:38,(anonymous_7)
FN:45,(anonymous_8)
FN:50,(anonymous_9)
FN:51,(anonymous_10)
FN:52,(anonymous_11)
FN:59,(anonymous_12)
FN:65,(anonymous_13)
FN:74,(anonymous_14)
FN:105,(anonymous_15)
FN:106,(anonymous_16)
FN:115,(anonymous_17)
FN:116,(anonymous_18)
FN:141,(anonymous_19)
FN:155,(anonymous_20)
FN:169,(anonymous_21)
FN:187,(anonymous_22)
FN:189,(anonymous_23)
FN:211,(anonymous_24)
FNF:25
FNH:0
FNDA:0,(anonymous_0)
FNDA:0,(anonymous_1)
FNDA:0,(anonymous_2)
FNDA:0,(anonymous_3)
FNDA:0,(anonymous_4)
FNDA:0,(anonymous_5)
FNDA:0,(anonymous_6)
FNDA:0,(anonymous_7)
FNDA:0,(anonymous_8)
FNDA:0,(anonymous_9)
FNDA:0,(anonymous_10)
FNDA:0,(anonymous_11)
FNDA:0,(anonymous_12)
FNDA:0,(anonymous_13)
FNDA:0,(anonymous_14)
FNDA:0,(anonymous_15)
FNDA:0,(anonymous_16)
FNDA:0,(anonymous_17)
FNDA:0,(anonymous_18)
FNDA:0,(anonymous_19)
FNDA:0,(anonymous_20)
FNDA:0,(anonymous_21)
FNDA:0,(anonymous_22)
FNDA:0,(anonymous_23)
FNDA:0,(anonymous_24)
DA:9,0
DA:10,0
DA:11,0
DA:12,0
DA:13,0
DA:14,0
DA:17,0
DA:18,0
DA:19,0
DA:23,0
DA:24,0
DA:25,0
DA:26,0
DA:30,0
DA:31,0
DA:32,0
DA:37,0
DA:38,0
DA:39,0
DA:40,0
DA:44,0
DA:45,0
DA:46,0
DA:50,0
DA:51,0
DA:52,0
DA:54,0
DA:55,0
DA:56,0
DA:59,0
DA:60,0
DA:61,0
DA:62,0
DA:65,0
DA:66,0
DA:71,0
DA:74,0
DA:75,0
DA:76,0
DA:80,0
DA:106,0
DA:107,0
DA:115,0
DA:116,0
DA:141,0
DA:155,0
DA:169,0
DA:188,0
DA:190,0
DA:212,0
LF:50
LH:0
BRDA:25,0,0,0
BRDA:25,0,1,0
BRDA:25,1,0,0
BRDA:25,1,1,0
BRDA:39,2,0,0
BRDA:39,2,1,0
BRDA:52,3,0,0
BRDA:52,3,1,0
BRDA:75,4,0,0
BRDA:75,4,1,0
BRDA:75,5,0,0
BRDA:75,5,1,0
BRDA:111,6,0,0
BRDA:111,6,1,0
BRDA:141,7,0,0
BRDA:141,7,1,0
BRDA:155,8,0,0
BRDA:155,8,1,0
BRDA:188,9,0,0
BRDA:188,9,1,0
BRDA:188,10,0,0
BRDA:188,10,1,0
BRDA:193,11,0,0
BRDA:193,11,1,0
BRDA:193,12,0,0
BRDA:193,12,1,0
BRDA:196,13,0,0
BRDA:196,13,1,0
BRDA:196,14,0,0
BRDA:196,14,1,0
BRDA:202,15,0,0
BRDA:202,15,1,0
BRDA:209,16,0,0
BRDA:209,16,1,0
BRDA:211,17,0,0
BRDA:211,17,1,0
BRF:36
BRH:0
end_of_record
TN:
SF:app/javascript/components/RichTextEditor/Toolbar.tsx
FN:14,(anonymous_0)
FN:32,(anonymous_1)
FN:52,(anonymous_2)
FN:62,(anonymous_3)
FN:72,(anonymous_4)
FN:82,(anonymous_5)
FN:92,(anonymous_6)
FN:102,(anonymous_7)
FN:126,(anonymous_8)
FN:152,(anonymous_9)
FN:162,(anonymous_10)
FN:172,(anonymous_11)
FN:182,(anonymous_12)
FN:197,(anonymous_13)
FN:207,(anonymous_14)
FN:217,(anonymous_15)
FN:232,(anonymous_16)
FN:241,(anonymous_17)
FN:283,(anonymous_18)
FN:293,(anonymous_19)
FN:308,(anonymous_20)
FN:326,(anonymous_21)
FN:330,(anonymous_22)
FN:345,(anonymous_23)
FN:349,(anonymous_24)
FN:378,(anonymous_25)
FN:388,(anonymous_26)
FNF:27
FNH:0
FNDA:0,(anonymous_0)
FNDA:0,(anonymous_1)
FNDA:0,(anonymous_2)
FNDA:0,(anonymous_3)
FNDA:0,(anonymous_4)
FNDA:0,(anonymous_5)
FNDA:0,(anonymous_6)
FNDA:0,(anonymous_7)
FNDA:0,(anonymous_8)
FNDA:0,(anonymous_9)
FNDA:0,(anonymous_10)
FNDA:0,(anonymous_11)
FNDA:0,(anonymous_12)
FNDA:0,(anonymous_13)
FNDA:0,(anonymous_14)
FNDA:0,(anonymous_15)
FNDA:0,(anonymous_16)
FNDA:0,(anonymous_17)
FNDA:0,(anonymous_18)
FNDA:0,(anonymous_19)
FNDA:0,(anonymous_20)
FNDA:0,(anonymous_21)
FNDA:0,(anonymous_22)
FNDA:0,(anonymous_23)
FNDA:0,(anonymous_24)
FNDA:0,(anonymous_25)
FNDA:0,(anonymous_26)
DA:14,0
DA:23,0
DA:32,0
DA:33,0
DA:52,0
DA:53,0
DA:56,0
DA:62,0
DA:72,0
DA:82,0
DA:92,0
DA:102,0
DA:127,0
DA:128,0
DA:129,0
DA:131,0
DA:132,0
DA:152,0
DA:162,0
DA:172,0
DA:182,0
DA:197,0
DA:207,0
DA:217,0
DA:232,0
DA:241,0
DA:283,0
DA:293,0
DA:308,0
DA:327,0
DA:331,0
DA:332,0
DA:346,0
DA:350,0
DA:351,0
DA:378,0
DA:388,0
LF:37
LH:0
BRDA:21,0,0,0
BRDA:32,1,0,0
BRDA:32,2,0,0
BRDA:32,3,0,0
BRDA:40,4,0,0
BRDA:40,4,1,0
BRDA:44,5,0,0
BRDA:44,5,1,0
BRDA:118,6,0,0
BRDA:118,6,1,0
BRDA:119,7,0,0
BRDA:119,7,1,0
BRDA:120,8,0,0
BRDA:120,8,1,0
BRDA:121,9,0,0
BRDA:121,9,1,0
BRDA:122,10,0,0
BRDA:122,10,1,0
BRDA:123,11,0,0
BRDA:123,11,1,0
BRDA:128,12,0,0
BRDA:128,12,1,0
BRDA:316,13,0,0
BRDA:316,13,1,0
BRDA:341,14,0,0
BRDA:341,14,1,0
BRDA:399,15,0,0
BRDA:399,15,1,0
BRF:28
BRH:0
end_of_record
TN:
SF:app/javascript/components/chat/MessageBubble.tsx
FN:9,(anonymous_0)
FN:13,(anonymous_1)
FN:17,(anonymous_2)
FN:116,(anonymous_3)
FN:120,(anonymous_4)
FNF:5
FNH:0
FNDA:0,(anonymous_0)
FNDA:0,(anonymous_1)
FNDA:0,(anonymous_2)
FNDA:0,(anonymous_3)
FNDA:0,(anonymous_4)
DA:9,0
DA:10,0
DA:11,0
DA:13,0
DA:14,0
DA:17,0
DA:18,0
DA:20,0
DA:22,0
DA:31,0
DA:40,0
DA:50,0
DA:54,0
DA:55,0
DA:64,0
DA:117,0
DA:122,0
LF:17
LH:0
BRDA:18,0,0,0
BRDA:18,0,1,0
BRDA:20,1,0,0
BRDA:20,1,1,0
BRDA:20,1,2,0
BRDA:20,1,3,0
BRDA:54,2,0,0
BRDA:54,2,1,0
BRDA:65,3,0,0
BRDA:65,3,1,0
BRDA:66,4,0,0
BRDA:66,4,1,0
BRDA:68,5,0,0
BRDA:68,5,1,0
BRDA:70,6,0,0
BRDA:70,6,1,0
BRDA:72,7,0,0
BRDA:72,7,1,0
BRDA:85,8,0,0
BRDA:85,8,1,0
BRDA:87,9,0,0
BRDA:87,9,1,0
BRDA:96,10,0,0
BRDA:96,10,1,0
BRDA:97,11,0,0
BRDA:97,11,1,0
BRDA:107,12,0,0
BRDA:107,12,1,0
BRDA:112,13,0,0
BRDA:112,13,1,0
BRDA:112,13,2,0
BRDA:112,13,3,0
BRF:32
BRH:0
end_of_record
TN:
SF:app/javascript/components/chat/MessageInput.tsx
FN:14,(anonymous_0)
FN:25,(anonymous_1)
FN:31,(anonymous_2)
FN:38,(anonymous_3)
FN:67,(anonymous_4)
FNF:5
FNH:0
FNDA:0,(anonymous_0)
FNDA:0,(anonymous_1)
FNDA:0,(anonymous_2)
FNDA:0,(anonymous_3)
FNDA:0,(anonymous_4)
DA:14,0
DA:23,0
DA:25,0
DA:26,0
DA:27,0
DA:31,0
DA:32,0
DA:33,0
DA:34,0
DA:38,0
DA:39,0
DA:40,0
DA:41,0
DA:45,0
DA:67,0
LF:15
LH:0
BRDA:19,0,0,0
BRDA:20,1,0,0
BRDA:21,2,0,0
BRDA:26,3,0,0
BRDA:26,3,1,0
BRDA:26,4,0,0
BRDA:26,4,1,0
BRDA:33,5,0,0
BRDA:33,5,1,0
BRDA:33,6,0,0
BRDA:33,6,1,0
BRDA:39,7,0,0
BRDA:39,7,1,0
BRDA:39,8,0,0
BRDA:39,8,1,0
BRDA:49,9,0,0
BRDA:49,9,1,0
BRDA:49,9,2,0
BRDA:77,10,0,0
BRDA:77,10,1,0
BRDA:87,11,0,0
BRDA:87,11,1,0
BRDA:89,12,0,0
BRDA:89,12,1,0
BRDA:89,13,0,0
BRDA:89,13,1,0
BRDA:95,14,0,0
BRDA:95,14,1,0
BRDA:111,15,0,0
BRDA:111,15,1,0
BRF:30
BRH:0
end_of_record
TN:
SF:app/javascript/components/chat/ProgressIndicator.tsx
FN:9,(anonymous_0)
FN:14,(anonymous_1)
FN:25,(anonymous_2)
FN:39,(anonymous_3)
FN:77,(anonymous_4)
FNF:5
FNH:0
FNDA:0,(anonymous_0)
FNDA:0,(anonymous_1)
FNDA:0,(anonymous_2)
FNDA:0,(anonymous_3)
FNDA:0,(anonymous_4)
DA:9,0
DA:14,0
DA:15,0
DA:16,0
DA:18,0
DA:19,0
DA:21,0
DA:22,0
DA:25,0
DA:26,0
DA:39,0
DA:42,0
DA:78,0
DA:79,0
DA:80,0
DA:82,0
DA:83,0
DA:84,0
DA:85,0
DA:86,0
DA:89,0
LF:21
LH:0
BRDA:15,0,0,0
BRDA:15,0,1,0
BRDA:16,1,0,0
BRDA:16,1,1,0
BRDA:21,2,0,0
BRDA:21,2,1,0
BRDA:39,3,0,0
BRDA:39,3,1,0
BRDA:56,4,0,0
BRDA:56,4,1,0
BRDA:83,5,0,0
BRDA:83,5,1,0
BRDA:85,6,0,0
BRDA:85,6,1,0
BRDA:90,7,0,0
BRDA:90,7,1,0
BRF:16
BRH:0
end_of_record
TN:
SF:app/javascript/components/chat/QuestionCard.tsx
FN:13,(anonymous_0)
FN:21,(anonymous_1)
FN:54,(anonymous_2)
FN:64,(anonymous_3)
FN:67,(anonymous_4)
FN:72,(anonymous_5)
FN:79,(anonymous_6)
FN:86,(anonymous_7)
FN:99,(anonymous_8)
FN:104,(anonymous_9)
FN:119,(anonymous_10)
FN:138,(anonymous_11)
FN:154,(anonymous_12)
FN:171,(anonymous_13)
FN:185,(anonymous_14)
FNF:15
FNH:0
FNDA:0,(anonymous_0)
FNDA:0,(anonymous_1)
FNDA:0,(anonymous_2)
FNDA:0,(anonymous_3)
FNDA:0,(anonymous_4)
FNDA:0,(anonymous_5)
FNDA:0,(anonymous_6)
FNDA:0,(anonymous_7)
FNDA:0,(anonymous_8)
FNDA:0,(anonymous_9)
FNDA:0,(anonymous_10)
FNDA:0,(anonymous_11)
FNDA:0,(anonymous_12)
FNDA:0,(anonymous_13)
FNDA:0,(anonymous_14)
DA:13,0
DA:18,0
DA:21,0
DA:22,0
DA:24,0
DA:25,0
DA:28,0
DA:29,0
DA:31,0
DA:32,0
DA:33,0
DA:35,0
DA:36,0
DA:37,0
DA:38,0
DA:39,0
DA:40,0
DA:44,0
DA:47,0
DA:52,0
DA:54,0
DA:55,0
DA:57,0
DA:58,0
DA:61,0
DA:64,0
DA:65,0
DA:67,0
DA:69,0
DA:72,0
DA:73,0
DA:75,0
DA:80,0
DA:87,0
DA:97,0
DA:100,0
DA:104,0
DA:115,0
DA:120,0
DA:134,0
DA:139,0
DA:150,0
DA:155,0
DA:167,0
DA:172,0
DA:185,0
DA:186,0
DA:187,0
DA:189,0
DA:192,0
LF:50
LH:0
BRDA:16,0,0,0
BRDA:24,1,0,0
BRDA:24,1,1,0
BRDA:28,2,0,0
BRDA:28,2,1,0
BRDA:31,3,0,0
BRDA:31,3,1,0
BRDA:32,4,0,0
BRDA:32,4,1,0
BRDA:33,5,0,0
BRDA:33,5,1,0
BRDA:35,6,0,0
BRDA:35,6,1,0
BRDA:37,7,0,0
BRDA:37,7,1,0
BRDA:38,8,0,0
BRDA:38,8,1,0
BRDA:39,9,0,0
BRDA:39,9,1,0
BRDA:49,10,0,0
BRDA:49,10,1,0
BRDA:57,11,0,0
BRDA:57,11,1,0
BRDA:65,12,0,0
BRDA:65,12,1,0
BRDA:73,13,0,0
BRDA:73,13,1,0
BRDA:73,13,2,0
BRDA:73,13,3,0
BRDA:73,13,4,0
BRDA:73,13,5,0
BRDA:186,14,0,0
BRDA:186,14,1,0
BRDA:187,15,0,0
BRDA:187,15,1,0
BRDA:189,16,0,0
BRDA:189,16,1,0
BRDA:189,17,0,0
BRDA:189,17,1,0
BRDA:203,18,0,0
BRDA:203,18,1,0
BRDA:205,19,0,0
BRDA:205,19,1,0
BRDA:213,20,0,0
BRDA:213,20,1,0
BRDA:220,21,0,0
BRDA:220,21,1,0
BRDA:225,22,0,0
BRDA:225,22,1,0
BRDA:227,23,0,0
BRDA:227,23,1,0
BRDA:227,24,0,0
BRDA:227,24,1,0
BRDA:232,25,0,0
BRDA:232,25,1,0
BRF:55
BRH:0
end_of_record
TN:
SF:app/javascript/components/chat/SuggestionsPanel.tsx
FN:9,(anonymous_0)
FN:37,(anonymous_1)
FN:40,(anonymous_2)
FNF:3
FNH:0
FNDA:0,(anonymous_0)
FNDA:0,(anonymous_1)
FNDA:0,(anonymous_2)
DA:9,0
DA:14,0
DA:16,0
DA:38,0
DA:40,0
LF:5
LH:0
BRDA:14,0,0,0
BRDA:14,0,1,0
BRF:2
BRH:0
end_of_record
TN:
SF:app/javascript/components/chat/TypingIndicator.tsx
FN:3,(anonymous_0)
FNF:1
FNH:0
FNDA:0,(anonymous_0)
DA:3,0
DA:4,0
LF:2
LH:0
BRF:0
BRH:0
end_of_record
TN:
SF:app/javascript/components/examples/UXIntegrationExample.tsx
FN:24,(anonymous_0)
FN:25,(anonymous_1)
FN:34,(anonymous_2)
FN:47,(anonymous_3)
FN:55,(anonymous_4)
FN:64,(anonymous_5)
FN:127,(anonymous_6)
FN:140,(anonymous_7)
FN:146,(anonymous_8)
FN:173,(anonymous_9)
FN:186,(anonymous_10)
FN:204,(anonymous_11)
FN:275,(anonymous_12)
FN:305,(anonymous_13)
FN:356,(anonymous_14)
FN:368,(anonymous_15)
FN:383,(anonymous_16)
FN:390,(anonymous_17)
FN:400,(anonymous_18)
FNF:19
FNH:0
FNDA:0,(anonymous_0)
FNDA:0,(anonymous_1)
FNDA:0,(anonymous_2)
FNDA:0,(anonymous_3)
FNDA:0,(anonymous_4)
FNDA:0,(anonymous_5)
FNDA:0,(anonymous_6)
FNDA:0,(anonymous_7)
FNDA:0,(anonymous_8)
[...]
BRDA:277,31,0,0
BRDA:277,31,1,0
BRDA:279,32,0,0
BRDA:279,32,1,0
BRDA:297,33,0,0
BRDA:297,33,1,0
BRDA:297,34,0,0
BRDA:297,34,1,0
BRDA:297,34,2,0
BRDA:297,34,3,0
BRDA:308,35,0,0
BRDA:308,35,1,0
BRDA:309,36,0,0
BRDA:309,36,1,0
BRDA:310,37,0,0
BRDA:310,37,1,0
BRDA:311,38,0,0
BRDA:311,38,1,0
BRDA:312,39,0,0
BRDA:312,39,1,0
BRDA:313,40,0,0
BRDA:313,40,1,0
BRDA:316,41,0,0
BRDA:316,41,1,0
BRDA:317,42,0,0
BRDA:317,42,1,0
BRDA:318,43,0,0
BRDA:318,43,1,0
BRDA:338,44,0,0
BRDA:338,44,1,0
BRDA:344,45,0,0
BRDA:344,45,1,0
BRDA:344,46,0,0
BRDA:344,46,1,0
BRDA:344,46,2,0
BRDA:351,47,0,0
BRDA:351,47,1,0
BRF:98
BRH:0
end_of_record
TN:
SF:app/javascript/utils/journeyValidation.ts
FN:17,(anonymous_0)
FN:41,(anonymous_1)
FN:43,(anonymous_2)
FN:44,(anonymous_3)
FN:48,(anonymous_4)
FN:50,(anonymous_5)
FN:51,(anonymous_6)
FN:56,(anonymous_7)
FN:57,(anonymous_8)
FN:60,(anonymous_9)
FN:83,(anonymous_10)
FN:84,(anonymous_11)
FN:93,(anonymous_12)
FN:188,(anonymous_13)
FN:192,(anonymous_14)
FN:193,(anonymous_15)
FN:226,(anonymous_16)
FN:230,(anonymous_17)
FN:242,(anonymous_18)
FN:280,(anonymous_19)
FN:285,(anonymous_20)
FN:293,(anonymous_21)
FN:293,(anonymous_22)
FN:307,(anonymous_23)
FN:308,(anonymous_24)
FN:309,(anonymous_25)
FN:329,(anonymous_26)
FN:331,(anonymous_27)
FN:334,(anonymous_28)
FN:336,(anonymous_29)
FNF:30
FNH:0
FNDA:0,(anonymous_0)
FNDA:0,(anonymous_1)
FNDA:0,(anonymous_2)
FNDA:0,(anonymous_3)
FNDA:0,(anonymous_4)
FNDA:0,(anonymous_5)
FNDA:0,(anonymous_6)
FNDA:0,(anonymous_7)
FNDA:0,(anonymous_8)
FNDA:0,(anonymous_9)
FNDA:0,(anonymous_10)
FNDA:0,(anonymous_11)
FNDA:0,(anonymous_12)
FNDA:0,(anonymous_13)
FNDA:0,(anonymous_14)
FNDA:0,(anonymous_15)
FNDA:0,(anonymous_16)
FNDA:0,(anonymous_17)
FNDA:0,(anonymous_18)
FNDA:0,(anonymous_19)
FNDA:0,(anonymous_20)
FNDA:0,(anonymous_21)
FNDA:0,(anonymous_22)
FNDA:0,(anonymous_23)
FNDA:0,(anonymous_24)
FNDA:0,(anonymous_25)
FNDA:0,(anonymous_26)
FNDA:0,(anonymous_27)
FNDA:0,(anonymous_28)
FNDA:0,(anonymous_29)
DA:17,0
DA:18,0
DA:19,0
DA:22,0
DA:23,0
DA:28,0
DA:32,0
DA:33,0
DA:41,0
DA:42,0
DA:43,0
DA:44,0
DA:48,0
DA:49,0
DA:50,0
DA:51,0
DA:55,0
DA:56,0
DA:57,0
DA:60,0
DA:61,0
DA:62,0
DA:72,0
DA:73,0
DA:74,0
DA:82,0
DA:83,0
DA:84,0
DA:86,0
DA:93,0
DA:94,0
DA:97,0
DA:98,0
DA:107,0
DA:108,0
DA:117,0
DA:118,0
DA:127,0
DA:128,0
DA:129,0
DA:138,0
DA:141,0
DA:142,0
DA:149,0
DA:152,0
DA:153,0
DA:160,0
DA:164,0
DA:165,0
DA:172,0
DA:176,0
DA:177,0
DA:185,0
DA:188,0
DA:189,0
DA:192,0
DA:193,0
DA:195,0
DA:196,0
DA:204,0
DA:205,0
DA:214,0
DA:215,0
DA:223,0
DA:226,0
DA:227,0
DA:230,0
DA:231,0
DA:232,0
DA:234,0
DA:238,0
DA:239,0
DA:240,0
DA:242,0
DA:243,0
DA:245,0
DA:246,0
DA:247,0
DA:250,0
DA:251,0
DA:254,0
DA:255,0
DA:257,0
DA:258,0
DA:259,0
DA:260,0
DA:264,0
DA:265,0
DA:269,0
DA:270,0
DA:271,0
DA:272,0
DA:277,0
DA:280,0
DA:281,0
DA:284,0
DA:285,0
DA:286,0
DA:287,0
DA:288,0
DA:292,0
DA:293,0
DA:295,0
DA:296,0
DA:297,0
DA:298,0
DA:307,0
DA:308,0
DA:309,0
DA:311,0
DA:312,0
DA:313,0
DA:315,0
DA:316,0
DA:326,0
DA:329,0
DA:330,0
DA:331,0
DA:334,0
DA:335,0
DA:336,0
LF:121
LH:0
BRDA:22,0,0,0
BRDA:22,0,1,0
BRDA:32,1,0,0
BRDA:32,1,1,0
BRDA:32,2,0,0
BRDA:32,2,1,0
BRDA:61,3,0,0
BRDA:61,3,1,0
BRDA:61,4,0,0
BRDA:61,4,1,0
BRDA:73,5,0,0
BRDA:73,5,1,0
BRDA:97,6,0,0
BRDA:97,6,1,0
BRDA:97,7,0,0
BRDA:97,7,1,0
BRDA:107,8,0,0
BRDA:107,8,1,0
BRDA:107,9,0,0
BRDA:107,9,1,0
BRDA:117,10,0,0
BRDA:117,10,1,0
BRDA:128,11,0,0
BRDA:128,11,1,0
BRDA:138,12,0,0
BRDA:138,12,1,0
BRDA:138,12,2,0
BRDA:138,12,3,0
BRDA:138,12,4,0
BRDA:141,13,0,0
BRDA:141,13,1,0
BRDA:141,14,0,0
BRDA:141,14,1,0
BRDA:152,15,0,0
BRDA:152,15,1,0
BRDA:164,16,0,0
BRDA:164,16,1,0
BRDA:164,17,0,0
BRDA:164,17,1,0
BRDA:176,18,0,0
BRDA:176,18,1,0
BRDA:176,19,0,0
BRDA:176,19,1,0
BRDA:176,19,2,0
BRDA:195,20,0,0
BRDA:195,20,1,0
BRDA:204,21,0,0
BRDA:204,21,1,0
BRDA:214,22,0,0
BRDA:214,22,1,0
BRDA:231,23,0,0
BRDA:231,23,1,0
BRDA:243,24,0,0
BRDA:243,24,1,0
BRDA:250,25,0,0
BRDA:250,25,1,0
BRDA:257,26,0,0
BRDA:257,26,1,0
BRDA:259,27,0,0
BRDA:259,27,1,0
BRDA:270,28,0,0
BRDA:270,28,1,0
BRDA:271,29,0,0
BRDA:271,29,1,0
BRDA:286,30,0,0
BRDA:286,30,1,0
BRDA:296,31,0,0
BRDA:296,31,1,0
BRDA:311,32,0,0
BRDA:311,32,1,0
BRDA:311,33,0,0
BRDA:311,33,1,0
BRDA:315,34,0,0
BRDA:315,34,1,0
BRDA:315,35,0,0
BRDA:315,35,1,0
BRDA:315,35,2,0
BRF:77
BRH:0
end_of_record
TN:
SF:app/javascript/utils/operationalTransforms.ts
FN:19,(anonymous_0)
FN:50,(anonymous_1)
FN:170,(anonymous_2)
FN:180,(anonymous_3)
FN:241,(anonymous_4)
FN:258,(anonymous_5)
FN:273,(anonymous_6)
FN:305,(anonymous_7)
FN:328,(anonymous_8)
FN:352,(anonymous_9)
FN:356,(anonymous_10)
FN:371,(anonymous_11)
FN:404,(anonymous_12)
FNF:13
FNH:0
FNDA:0,(anonymous_0)
FNDA:0,(anonymous_1)
FNDA:0,(anonymous_2)
FNDA:0,(anonymous_3)
FNDA:0,(anonymous_4)
FNDA:0,(anonymous_5)
FNDA:0,(anonymous_6)
FNDA:0,(anonymous_7)
FNDA:0,(anonymous_8)
FNDA:0,(anonymous_9)
FNDA:0,(anonymous_10)
FNDA:0,(anonymous_11)
FNDA:0,(anonymous_12)
DA:20,0
DA:21,0
DA:23,0
DA:24,0
DA:26,0
DA:27,0
DA:30,0
DA:31,0
DA:32,0
DA:33,0
DA:37,0
DA:38,0
DA:39,0
DA:44,0
DA:51,0
DA:56,0
DA:57,0
DA:58,0
DA:60,0
DA:61,0
DA:62,0
DA:65,0
DA:66,0
DA:67,0
DA:69,0
DA:70,0
DA:71,0
DA:74,0
DA:76,0
DA:78,0
DA:79,0
DA:81,0
DA:82,0
DA:84,0
DA:85,0
DA:87,0
DA:89,0
DA:90,0
DA:95,0
DA:96,0
DA:98,0
DA:100,0
DA:101,0
DA:106,0
DA:108,0
DA:110,0
DA:114,0
DA:116,0
DA:118,0
DA:120,0
DA:122,0
DA:123,0
DA:125,0
DA:126,0
DA:128,0
DA:130,0
DA:131,0
DA:133,0
DA:134,0
DA:135,0
DA:137,0
DA:138,0
DA:140,0
DA:141,0
DA:142,0
DA:145,0
DA:147,0
DA:148,0
DA:150,0
DA:151,0
DA:152,0
DA:154,0
DA:155,0
DA:157,0
DA:158,0
DA:159,0
DA:164,0
DA:171,0
DA:172,0
DA:173,0
DA:181,0
DA:182,0
DA:183,0
DA:185,0
DA:186,0
DA:187,0
DA:189,0
DA:190,0
DA:191,0
DA:194,0
DA:195,0
DA:196,0
DA:199,0
DA:200,0
DA:201,0
DA:203,0
DA:204,0
DA:206,0
DA:207,0
DA:209,0
DA:210,0
DA:211,0
DA:213,0
DA:214,0
DA:215,0
DA:217,0
DA:218,0
DA:219,0
DA:221,0
DA:222,0
DA:224,0
DA:225,0
DA:227,0
DA:228,0
DA:230,0
DA:231,0
DA:235,0
DA:242,0
DA:244,0
DA:245,0
DA:247,0
DA:248,0
DA:249,0
DA:250,0
DA:251,0
DA:254,0
DA:258,0
DA:260,0
DA:261,0
DA:263,0
DA:264,0
DA:266,0
DA:274,0
DA:277,0
DA:278,0
DA:282,0
DA:283,0
DA:284,0
DA:288,0
DA:289,0
DA:290,0
DA:294,0
DA:295,0
DA:296,0
DA:299,0
DA:306,0
DA:308,0
DA:309,0
DA:311,0
DA:312,0
DA:314,0
DA:315,0
DA:318,0
DA:322,0
DA:329,0
DA:331,0
DA:332,0
DA:334,0
DA:335,0
DA:337,0
DA:338,0
DA:341,0
DA:345,0
DA:353,0
DA:354,0
DA:357,0
DA:359,0
DA:360,0
DA:363,0
DA:365,0
DA:366,0
DA:368,0
DA:378,0
DA:379,0
DA:382,0
DA:385,0
DA:389,0
DA:390,0
DA:392,0
DA:395,0
DA:396,0
DA:399,0
DA:401,0
DA:405,0
DA:406,0
LF:185
LH:0
BRDA:24,0,0,0
BRDA:24,0,1,0
BRDA:24,0,2,0
BRDA:26,1,0,0
BRDA:26,1,1,0
BRDA:30,2,0,0
BRDA:30,2,1,0
BRDA:37,3,0,0
BRDA:37,3,1,0
BRDA:60,4,0,0
BRDA:60,4,1,0
BRDA:65,5,0,0
BRDA:65,5,1,0
BRDA:69,6,0,0
BRDA:69,6,1,0
BRDA:74,7,0,0
BRDA:74,7,1,0
BRDA:74,8,0,0
BRDA:74,8,1,0
BRDA:76,9,0,0
BRDA:76,9,1,0
BRDA:76,10,0,0
BRDA:76,10,1,0
BRDA:84,11,0,0
BRDA:84,11,1,0
BRDA:84,12,0,0
BRDA:84,12,1,0
BRDA:85,13,0,0
BRDA:85,13,1,0
BRDA:85,14,0,0
BRDA:85,14,1,0
BRDA:87,15,0,0
BRDA:87,15,1,0
BRDA:87,16,0,0
BRDA:87,16,1,0
BRDA:92,17,0,0
BRDA:92,17,1,0
BRDA:96,18,0,0
BRDA:96,18,1,0
BRDA:98,19,0,0
BRDA:98,19,1,0
BRDA:103,20,0,0
BRDA:103,20,1,0
BRDA:108,21,0,0
BRDA:108,21,1,0
BRDA:112,22,0,0
BRDA:112,22,1,0
BRDA:118,23,0,0
BRDA:118,23,1,0
BRDA:118,24,0,0
BRDA:118,24,1,0
BRDA:120,25,0,0
BRDA:120,25,1,0
BRDA:120,26,0,0
BRDA:120,26,1,0
BRDA:125,27,0,0
BRDA:125,27,1,0
BRDA:125,28,0,0
BRDA:125,28,1,0
BRDA:126,29,0,0
BRDA:126,29,1,0
BRDA:126,30,0,0
BRDA:126,30,1,0
BRDA:128,31,0,0
BRDA:128,31,1,0
BRDA:128,32,0,0
BRDA:128,32,1,0
BRDA:130,33,0,0
BRDA:130,33,1,0
BRDA:131,34,0,0
BRDA:131,34,1,0
BRDA:133,35,0,0
BRDA:133,35,1,0
BRDA:137,36,0,0
BRDA:137,36,1,0
BRDA:145,37,0,0
BRDA:145,37,1,0
BRDA:145,38,0,0
BRDA:145,38,1,0
BRDA:147,39,0,0
BRDA:147,39,1,0
BRDA:148,40,0,0
BRDA:148,40,1,0
BRDA:150,41,0,0
BRDA:150,41,1,0
BRDA:154,42,0,0
BRDA:154,42,1,0
BRDA:172,43,0,0
BRDA:172,43,1,0
BRDA:172,44,0,0
BRDA:172,44,1,0
BRDA:172,44,2,0
BRDA:173,45,0,0
BRDA:173,45,1,0
BRDA:185,46,0,0
BRDA:185,46,1,0
BRDA:189,47,0,0
BRDA:189,47,1,0
BRDA:194,48,0,0
BRDA:194,48,1,0
BRDA:199,49,0,0
BRDA:199,49,1,0
BRDA:199,50,0,0
BRDA:199,50,1,0
BRDA:200,51,0,0
BRDA:200,51,1,0
BRDA:200,52,0,0
BRDA:200,52,1,0
BRDA:206,53,0,0
BRDA:206,53,1,0
BRDA:206,54,0,0
BRDA:206,54,1,0
BRDA:207,55,0,0
BRDA:207,55,1,0
BRDA:207,56,0,0
BRDA:207,56,1,0
BRDA:209,57,0,0
BRDA:209,57,1,0
BRDA:213,58,0,0
BRDA:213,58,1,0
BRDA:217,59,0,0
BRDA:217,59,1,0
BRDA:217,60,0,0
BRDA:217,60,1,0
BRDA:218,61,0,0
BRDA:218,61,1,0
BRDA:218,62,0,0
BRDA:218,62,1,0
BRDA:224,63,0,0
BRDA:224,63,1,0
BRDA:224,64,0,0
BRDA:224,64,1,0
BRDA:225,65,0,0
BRDA:225,65,1,0
BRDA:225,66,0,0
BRDA:225,66,1,0
BRDA:227,67,0,0
BRDA:227,67,1,0
BRDA:230,68,0,0
BRDA:230,68,1,0
BRDA:247,69,0,0
BRDA:247,69,1,0
BRDA:247,70,0,0
BRDA:247,70,1,0
BRDA:248,71,0,0
BRDA:248,71,1,0
BRDA:248,72,0,0
BRDA:248,72,1,0
BRDA:249,73,0,0
BRDA:249,73,1,0
BRDA:249,74,0,0
BRDA:249,74,1,0
BRDA:250,75,0,0
BRDA:250,75,1,0
BRDA:251,76,0,0
BRDA:251,76,1,0
BRDA:251,77,0,0
BRDA:251,77,1,0
BRDA:260,78,0,0
BRDA:260,78,1,0
BRDA:260,79,0,0
BRDA:260,79,1,0
BRDA:261,80,0,0
BRDA:261,80,1,0
BRDA:263,81,0,0
BRDA:263,81,1,0
BRDA:264,82,0,0
BRDA:264,82,1,0
BRDA:277,83,0,0
BRDA:277,83,1,0
BRDA:283,84,0,0
BRDA:283,84,1,0
BRDA:289,85,0,0
BRDA:289,85,1,0
BRDA:295,86,0,0
BRDA:295,86,1,0
BRDA:309,87,0,0
BRDA:309,87,1,0
BRDA:309,87,2,0
BRDA:311,88,0,0
BRDA:311,88,1,0
BRDA:314,89,0,0
BRDA:314,89,1,0
BRDA:332,90,0,0
BRDA:332,90,1,0
BRDA:332,90,2,0
BRDA:334,91,0,0
BRDA:334,91,1,0
BRDA:337,92,0,0
BRDA:337,92,1,0
BRDA:357,93,0,0
BRDA:357,93,1,0
BRDA:382,94,0,0
BRDA:382,94,1,0
BRDA:382,94,2,0
BRDA:392,95,0,0
BRDA:392,95,1,0
BRDA:392,95,2,0
BRDA:404,96,0,0
BRDA:404,97,0,0
BRF:200
BRH:0
end_of_record
TN:
SF:app/javascript/utils/optimisticUpdates.ts
FN:15,(anonymous_0)
FN:27,(anonymous_1)
FN:52,(anonymous_2)
FN:65,(anonymous_3)
FN:82,(anonymous_4)
FN:90,(anonymous_5)
FN:107,(anonymous_6)
FN:115,(anonymous_7)
FN:129,(anonymous_8)
FN:131,(anonymous_9)
FN:138,(anonymous_10)
FN:139,(anonymous_11)
FN:145,(anonymous_12)
FN:154,(anonymous_13)
FN:166,(anonymous_14)
FN:168,(anonymous_15)
FN:180,(anonymous_16)
FN:190,(anonymous_17)
FN:203,(anonymous_18)
FN:205,(anonymous_19)
FN:217,(anonymous_20)
FN:229,(anonymous_21)
FN:230,(anonymous_22)
FN:231,(anonymous_23)
FN:236,(anonymous_24)
FN:238,(anonymous_25)
FN:255,(anonymous_26)
FN:263,(anonymous_27)
FN:277,(anonymous_28)
FN:294,(anonymous_29)
FN:311,(anonymous_30)
FN:324,(anonymous_31)
FN:339,(anonymous_32)
FN:358,(anonymous_33)
FN:363,(anonymous_34)
FN:368,(anonymous_35)
FN:370,(anonymous_36)
FN:375,(anonymous_37)
FN:377,(anonymous_38)
FN:382,(anonymous_39)
FN:383,(anonymous_40)
FN:384,(anonymous_41)
FN:387,(anonymous_42)
FN:407,(anonymous_43)
FN:423,(anonymous_44)
FN:448,(anonymous_45)
FN:459,(anonymous_46)
FN:462,(anonymous_47)
FN:470,(anonymous_48)
FN:480,(anonymous_49)
FN:488,(anonymous_50)
FN:495,(anonymous_51)
FN:506,(anonymous_52)
FN:514,(anonymous_53)
FN:521,(anonymous_54)
FN:534,(anonymous_55)
FN:541,(anonymous_56)
FN:548,(anonymous_57)
FNF:58
FNH:0
FNDA:0,(anonymous_0)
FNDA:0,(anonymous_1)
FNDA:0,(anonymous_2)
FNDA:0,(anonymous_3)
FNDA:0,(anonymous_4)
FNDA:0,(anonymous_5)
FNDA:0,(anonymous_6)
FNDA:0,(anonymous_7)
FNDA:0,(anonymous_8)
FNDA:0,(anonymous_9)
FNDA:0,(anonymous_10)
FNDA:0,(anonymous_11)
FNDA:0,(anonymous_12)
FNDA:0,(anonymous_13)
FNDA:0,(anonymous_14)
FNDA:0,(anonymous_15)
FNDA:0,(anonymous_16)
FNDA:0,(anonymous_17)
FNDA:0,(anonymous_18)
FNDA:0,(anonymous_19)
FNDA:0,(anonymous_20)
FNDA:0,(anonymous_21)
FNDA:0,(anonymous_22)
FNDA:0,(anonymous_23)
FNDA:0,(anonymous_24)
FNDA:0,(anonymous_25)
FNDA:0,(anonymous_26)
FNDA:0,(anonymous_27)
FNDA:0,(anonymous_28)
FNDA:0,(anonymous_29)
FNDA:0,(anonymous_30)
FNDA:0,(anonymous_31)
FNDA:0,(anonymous_32)
FNDA:0,(anonymous_33)
FNDA:0,(anonymous_34)
FNDA:0,(anonymous_35)
FNDA:0,(anonymous_36)
FNDA:0,(anonymous_37)
FNDA:0,(anonymous_38)
FNDA:0,(anonymous_39)
FNDA:0,(anonymous_40)
FNDA:0,(anonymous_41)
FNDA:0,(anonymous_42)
FNDA:0,(anonymous_43)
FNDA:0,(anonymous_44)
FNDA:0,(anonymous_45)
FNDA:0,(anonymous_46)
FNDA:0,(anonymous_47)
FNDA:0,(anonymous_48)
FNDA:0,(anonymous_49)
FNDA:0,(anonymous_50)
FNDA:0,(anonymous_51)
FNDA:0,(anonymous_52)
FNDA:0,(anonymous_53)
FNDA:0,(anonymous_54)
FNDA:0,(anonymous_55)
FNDA:0,(anonymous_56)
FNDA:0,(anonymous_57)
DA:10,0
DA:12,0
DA:13,0
DA:16,0
DA:34,0
DA:44,0
DA:47,0
DA:48,0
DA:52,0
DA:53,0
DA:56,0
DA:58,0
DA:59,0
DA:66,0
DA:67,0
DA:69,0
DA:70,0
DA:73,0
DA:74,0
DA:75,0
DA:76,0
DA:79,0
DA:82,0
DA:83,0
DA:91,0
DA:92,0
DA:94,0
DA:95,0
DA:98,0
DA:99,0
DA:100,0
DA:101,0
DA:104,0
DA:107,0
DA:108,0
DA:116,0
DA:117,0
DA:119,0
DA:122,0
DA:123,0
DA:130,0
DA:131,0
DA:139,0
DA:146,0
DA:147,0
DA:150,0
DA:151,0
DA:153,0
DA:154,0
DA:155,0
DA:159,0
DA:160,0
DA:168,0
DA:169,0
DA:172,0
DA:174,0
DA:181,0
DA:182,0
DA:184,0
DA:191,0
DA:192,0
DA:193,0
DA:194,0
DA:195,0
DA:204,0
DA:205,0
DA:206,0
DA:207,0
DA:209,0
DA:224,0
DA:225,0
DA:227,0
DA:229,0
DA:230,0
DA:231,0
DA:236,0
DA:237,0
DA:238,0
DA:239,0
DA:240,0
DA:242,0
DA:245,0
DA:253,0
DA:256,0
DA:257,0
DA:270,0
DA:272,0
DA:278,0
DA:279,0
DA:284,0
DA:285,0
DA:286,0
DA:288,0
DA:295,0
DA:296,0
DA:298,0
DA:299,0
DA:300,0
DA:301,0
DA:302,0
DA:305,0
DA:312,0
DA:313,0
DA:315,0
DA:316,0
DA:317,0
DA:318,0
DA:321,0
DA:325,0
DA:327,0
DA:329,0
DA:331,0
DA:333,0
DA:335,0
DA:340,0
DA:342,0
DA:343,0
DA:345,0
DA:346,0
DA:348,0
DA:349,0
DA:351,0
DA:352,0
DA:354,0
DA:359,0
DA:360,0
DA:364,0
DA:365,0
DA:369,0
DA:370,0
DA:371,0
DA:376,0
DA:377,0
DA:378,0
DA:383,0
DA:384,0
DA:386,0
DA:387,0
DA:388,0
DA:389,0
DA:390,0
DA:391,0
DA:393,0
DA:401,0
DA:408,0
DA:409,0
DA:410,0
DA:412,0
DA:428,0
DA:432,0
DA:434,0
DA:436,0
DA:437,0
DA:438,0
DA:439,0
DA:442,0
DA:452,0
DA:454,0
DA:461,0
DA:462,0
DA:463,0
DA:467,0
DA:470,0
DA:471,0
DA:481,0
DA:482,0
DA:484,0
DA:485,0
DA:487,0
DA:488,0
DA:489,0
DA:492,0
DA:493,0
DA:495,0
DA:496,0
DA:500,0
DA:507,0
DA:508,0
DA:510,0
DA:511,0
DA:513,0
DA:514,0
DA:515,0
DA:518,0
DA:519,0
DA:521,0
DA:522,0
DA:526,0
DA:531,0
DA:532,0
DA:534,0
DA:535,0
DA:536,0
DA:538,0
DA:541,0
DA:542,0
DA:543,0
DA:545,0
DA:548,0
DA:549,0
DA:550,0
DA:551,0
DA:553,0
DA:554,0
DA:555,0
LF:205
LH:0
BRDA:15,0,0,0
BRDA:47,1,0,0
BRDA:47,1,1,0
BRDA:67,2,0,0
BRDA:67,2,1,0
BRDA:67,3,0,0
BRDA:67,3,1,0
BRDA:67,3,2,0
BRDA:70,4,0,0
BRDA:70,4,1,0
BRDA:74,5,0,0
BRDA:74,5,1,0
BRDA:92,6,0,0
BRDA:92,6,1,0
BRDA:92,7,0,0
BRDA:92,7,1,0
BRDA:92,7,2,0
BRDA:99,8,0,0
BRDA:99,8,1,0
BRDA:117,9,0,0
BRDA:117,9,1,0
BRDA:131,10,0,0
BRDA:131,10,1,0
BRDA:147,11,0,0
BRDA:147,11,1,0
BRDA:147,12,0,0
BRDA:147,12,1,0
BRDA:153,13,0,0
BRDA:153,13,1,0
BRDA:181,14,0,0
BRDA:181,14,1,0
BRDA:192,15,0,0
BRDA:192,15,1,0
BRDA:194,16,0,0
BRDA:194,16,1,0
BRDA:204,17,0,0
BRDA:204,17,1,0
BRDA:229,18,0,0
BRDA:229,18,1,0
BRDA:237,19,0,0
BRDA:237,19,1,0
BRDA:268,20,0,0
BRDA:296,21,0,0
BRDA:296,21,1,0
BRDA:299,22,0,0
BRDA:299,22,1,0
BRDA:299,23,0,0
BRDA:299,23,1,0
BRDA:313,24,0,0
BRDA:313,24,1,0
BRDA:316,25,0,0
BRDA:316,25,1,0
BRDA:316,26,0,0
BRDA:316,26,1,0
BRDA:325,27,0,0
BRDA:325,27,1,0
BRDA:325,27,2,0
BRDA:325,27,3,0
BRDA:325,27,4,0
BRDA:340,28,0,0
BRDA:340,28,1,0
BRDA:340,28,2,0
BRDA:340,28,3,0
BRDA:340,28,4,0
BRDA:386,29,0,0
BRDA:386,29,1,0
BRDA:388,30,0,0
BRDA:388,30,1,0
BRDA:391,31,0,0
BRDA:391,31,1,0
BRDA:391,32,0,0
BRDA:391,32,1,0
BRDA:408,33,0,0
BRDA:408,33,1,0
BRDA:428,34,0,0
BRDA:428,34,1,0
BRDA:432,35,0,0
BRDA:432,35,1,0
BRDA:436,36,0,0
BRDA:436,36,1,0
BRDA:436,37,0,0
BRDA:436,37,1,0
BRDA:438,38,0,0
BRDA:438,38,1,0
BRDA:482,39,0,0
BRDA:482,39,1,0
BRDA:485,40,0,0
BRDA:485,40,1,0
BRDA:508,41,0,0
BRDA:508,41,1,0
BRDA:511,42,0,0
BRDA:511,42,1,0
BRDA:535,43,0,0
BRDA:535,43,1,0
BRDA:542,44,0,0
BRDA:542,44,1,0
BRDA:549,45,0,0
BRDA:549,45,1,0
BRDA:553,46,0,0
BRDA:553,46,1,0
BRF:100
BRH:0
end_of_record
TN:
SF:app/javascript/utils/presenceSystem.ts
FN:29,(anonymous_0)
FN:86,(anonymous_1)
FN:43,(anonymous_2)
FN:59,(anonymous_3)
FN:72,(anonymous_4)
FN:103,(anonymous_5)
FN:115,(anonymous_6)
FN:119,(anonymous_7)
FN:120,(anonymous_8)
FN:123,(anonymous_9)
FN:127,(anonymous_10)
FN:131,(anonymous_11)
FN:132,(anonymous_12)
FN:144,(anonymous_13)
FN:154,(anonymous_14)
FN:165,(anonymous_15)
FN:171,(anonymous_16)
FN:178,(anonymous_17)
FN:183,(anonymous_18)
FN:190,(anonymous_19)
FN:215,(anonymous_20)
FN:219,(anonymous_21)
FN:242,(anonymous_22)
FN:247,(anonymous_23)
FN:263,(anonymous_24)
FN:266,(anonymous_25)
FN:278,(anonymous_26)
FN:283,(anonymous_27)
FN:301,(anonymous_28)
FN:313,(anonymous_29)
FN:320,(anonymous_30)
FN:324,(anonymous_31)
FN:335,(anonymous_32)
FN:339,(anonymous_33)
FN:364,(anonymous_34)
FN:371,(anonymous_35)
FNF:36
FNH:0
FNDA:0,(anonymous_0)
FNDA:0,(anonymous_1)
FNDA:0,(anonymous_2)
FNDA:0,(anonymous_3)
FNDA:0,(anonymous_4)
FNDA:0,(anonymous_5)
FNDA:0,(anonymous_6)
FNDA:0,(anonymous_7)
FNDA:0,(anonymous_8)
FNDA:0,(anonymous_9)
FNDA:0,(anonymous_10)
FNDA:0,(anonymous_11)
FNDA:0,(anonymous_12)
FNDA:0,(anonymous_13)
FNDA:0,(anonymous_14)
FNDA:0,(anonymous_15)
FNDA:0,(anonymous_16)
FNDA:0,(anonymous_17)
FNDA:0,(anonymous_18)
FNDA:0,(anonymous_19)
FNDA:0,(anonymous_20)
FNDA:0,(anonymous_21)
FNDA:0,(anonymous_22)
FNDA:0,(anonymous_23)
FNDA:0,(anonymous_24)
FNDA:0,(anonymous_25)
FNDA:0,(anonymous_26)
FNDA:0,(anonymous_27)
FNDA:0,(anonymous_28)
FNDA:0,(anonymous_29)
FNDA:0,(anonymous_30)
FNDA:0,(anonymous_31)
FNDA:0,(anonymous_32)
FNDA:0,(anonymous_33)
FNDA:0,(anonymous_34)
FNDA:0,(anonymous_35)
DA:19,0
DA:20,0
DA:22,0
DA:23,0
DA:24,0
DA:25,0
DA:26,0
DA:27,0
DA:30,0
DA:38,0
DA:39,0
DA:40,0
DA:44,0
DA:45,0
DA:48,0
DA:55,0
DA:56,0
DA:60,0
DA:61,0
DA:62,0
DA:63,0
DA:64,0
DA:65,0
DA:66,0
DA:67,0
DA:73,0
DA:75,0
DA:76,0
DA:77,0
DA:78,0
DA:79,0
DA:82,0
DA:86,0
DA:87,0
DA:88,0
DA:104,0
DA:106,0
DA:107,0
DA:108,0
DA:109,0
DA:110,0
DA:111,0
DA:116,0
DA:120,0
DA:124,0
DA:128,0
DA:132,0
DA:133,0
DA:140,0
DA:141,0
DA:144,0
DA:145,0
DA:146,0
DA:147,0
DA:148,0
DA:149,0
DA:150,0
DA:154,0
DA:155,0
DA:156,0
DA:157,0
DA:158,0
DA:159,0
DA:160,0
DA:161,0
DA:165,0
DA:166,0
DA:167,0
DA:171,0
DA:172,0
DA:173,0
DA:179,0
DA:180,0
DA:183,0
DA:184,0
DA:185,0
DA:186,0
DA:191,0
DA:193,0
DA:194,0
DA:195,0
DA:196,0
DA:198,0
DA:216,0
DA:217,0
DA:219,0
DA:220,0
DA:221,0
DA:223,0
DA:225,0
DA:226,0
DA:227,0
DA:231,0
DA:232,0
DA:234,0
DA:236,0
DA:237,0
DA:242,0
DA:243,0
DA:248,0
DA:250,0
DA:251,0
DA:252,0
DA:254,0
DA:255,0
DA:256,0
DA:257,0
DA:258,0
DA:264,0
DA:266,0
DA:267,0
DA:270,0
DA:271,0
DA:272,0
DA:273,0
DA:278,0
DA:279,0
DA:284,0
DA:303,0
DA:304,0
DA:305,0
DA:306,0
DA:307,0
DA:308,0
DA:310,0
DA:317,0
DA:318,0
DA:320,0
DA:321,0
DA:323,0
DA:324,0
DA:325,0
DA:326,0
DA:328,0
DA:329,0
DA:336,0
DA:340,0
DA:341,0
DA:344,0
DA:345,0
DA:349,0
DA:350,0
DA:351,0
DA:352,0
DA:353,0
DA:357,0
DA:362,0
DA:364,0
DA:365,0
DA:366,0
DA:368,0
DA:371,0
DA:372,0
DA:373,0
DA:374,0
LF:155
LH:0
BRDA:29,0,0,0
BRDA:87,1,0,0
BRDA:87,1,1,0
BRDA:61,2,0,0
BRDA:61,2,1,0
BRDA:63,3,0,0
BRDA:63,3,1,0
BRDA:73,4,0,0
BRDA:73,4,1,0
BRDA:76,5,0,0
BRDA:76,5,1,0
BRDA:104,6,0,0
BRDA:104,6,1,0
BRDA:107,7,0,0
BRDA:107,7,1,0
BRDA:107,8,0,0
BRDA:107,8,1,0
BRDA:124,9,0,0
BRDA:124,9,1,0
BRDA:146,10,0,0
BRDA:146,10,1,0
BRDA:156,11,0,0
BRDA:156,11,1,0
BRDA:166,12,0,0
BRDA:166,12,1,0
BRDA:172,13,0,0
BRDA:172,13,1,0
BRDA:179,14,0,0
BRDA:179,14,1,0
BRDA:191,15,0,0
BRDA:191,15,1,0
BRDA:194,16,0,0
BRDA:194,16,1,0
BRDA:223,17,0,0
BRDA:223,17,1,0
BRDA:225,18,0,0
BRDA:225,18,1,0
BRDA:231,19,0,0
BRDA:231,19,1,0
BRDA:234,20,0,0
BRDA:234,20,1,0
BRDA:234,21,0,0
BRDA:234,21,1,0
BRDA:248,22,0,0
BRDA:248,22,1,0
BRDA:254,23,0,0
BRDA:254,23,1,0
BRDA:255,24,0,0
BRDA:255,24,1,0
BRDA:255,25,0,0
BRDA:255,25,1,0
BRDA:257,26,0,0
BRDA:257,26,1,0
BRDA:257,27,0,0
BRDA:257,27,1,0
BRDA:270,28,0,0
BRDA:270,28,1,0
BRDA:272,29,0,0
BRDA:272,29,1,0
BRDA:272,30,0,0
BRDA:272,30,1,0
BRDA:303,31,0,0
BRDA:303,31,1,0
BRDA:305,32,0,0
BRDA:305,32,1,0
BRDA:307,33,0,0
BRDA:307,33,1,0
BRDA:323,34,0,0
BRDA:323,34,1,0
BRDA:325,35,0,0
BRDA:325,35,1,0
BRDA:340,36,0,0
BRDA:340,36,1,0
BRDA:344,37,0,0
BRDA:344,37,1,0
BRDA:349,38,0,0
BRDA:349,38,1,0
BRDA:351,39,0,0
BRDA:351,39,1,0
BRDA:365,40,0,0
BRDA:365,40,1,0
BRDA:372,41,0,0
BRDA:372,41,1,0
BRF:83
BRH:0
end_of_record
